Log file open, 02/27/23 15:45:18
LogWindows: Failed to load 'aqProf.dll' (GetLastError=126)
LogWindows: File 'aqProf.dll' does not exist
LogWindows: Failed to load 'VtuneApi.dll' (GetLastError=126)
LogWindows: File 'VtuneApi.dll' does not exist
LogWindows: Failed to load 'VtuneApi32e.dll' (GetLastError=126)
LogWindows: File 'VtuneApi32e.dll' does not exist
LogConsoleResponse: Display: Failed to find resolution value strings in scalability ini. Falling back to default.
LogConsoleResponse: Display: Failed to find resolution value strings in scalability ini. Falling back to default.
LogInit: Display: Running engine for game: GulliversTravels
LogPlatformFile: Not using cached read wrapper
LogTaskGraph: Started task graph with 5 named threads and 23 total threads with 3 sets of task threads.
LogStats: Stats thread started at 0.441613
LogICUInternationalization: ICU TimeZone Detection - Raw Offset: +0:00, Platform Override: ''
LogInit: Display: Loading text-based GConfig....
LogPluginManager: Mounting plugin MeshPainting
LogPluginManager: Mounting plugin XGEController
LogPluginManager: Mounting plugin Paper2D
LogPluginManager: Mounting plugin AISupport
LogPluginManager: Mounting plugin LightPropagationVolume
LogPluginManager: Mounting plugin LiveLink
LogPluginManager: Mounting plugin EnvironmentQueryEditor
LogPluginManager: Mounting plugin CameraShakePreviewer
LogPluginManager: Mounting plugin GameplayCameras
LogPluginManager: Mounting plugin DatasmithContent
LogPluginManager: Mounting plugin Niagara
LogPluginManager: Mounting plugin OodleData
LogPluginManager: Mounting plugin AnimationSharing
LogPluginManager: Mounting plugin OodleNetwork
LogPluginManager: Mounting plugin GitSourceControl
LogPluginManager: Mounting plugin VariantManagerContent
LogPluginManager: Mounting plugin CLionSourceCodeAccess
LogPluginManager: Mounting plugin CodeLiteSourceCodeAccess
LogPluginManager: Mounting plugin NullSourceCodeAccess
LogPluginManager: Mounting plugin KDevelopSourceCodeAccess
LogPluginManager: Mounting plugin PerforceSourceControl
LogPluginManager: Mounting plugin AlembicImporter
LogPluginManager: Mounting plugin PlasticSourceControl
LogPluginManager: Mounting plugin PropertyAccessNode
LogPluginManager: Mounting plugin PluginUtils
LogPluginManager: Mounting plugin SubversionSourceControl
LogPluginManager: Mounting plugin PixWinPlugin
LogPluginManager: Mounting plugin AutomationUtils
LogPluginManager: Mounting plugin BackChannel
LogPluginManager: Mounting plugin RiderSourceCodeAccess
LogPluginManager: Mounting plugin ChaosClothEditor
LogPluginManager: Mounting plugin TextureFormatOodle
LogPluginManager: Mounting plugin ChaosSolverPlugin
LogPluginManager: Mounting plugin ChaosCloth
LogPluginManager: Mounting plugin ChaosNiagara
LogPluginManager: Mounting plugin UObjectPlugin
LogPluginManager: Mounting plugin ChaosEditor
LogPluginManager: Mounting plugin CharacterAI
LogPluginManager: Mounting plugin GeometryCache
LogPluginManager: Mounting plugin LuminPlatformFeatures
LogPluginManager: Mounting plugin MagicLeap
LogPluginManager: Mounting plugin GeometryCollectionPlugin
LogPluginManager: Mounting plugin MagicLeapLightEstimation
LogPluginManager: Mounting plugin MotoSynth
LogPluginManager: Mounting plugin GeometryProcessing
LogPluginManager: Mounting plugin MagicLeapMedia
LogPluginManager: Mounting plugin PlanarCut
LogPluginManager: Mounting plugin PlatformCrypto
LogPluginManager: Mounting plugin OpenImageDenoise
LogPluginManager: Mounting plugin ProxyLODPlugin
LogPluginManager: Mounting plugin MagicLeapPassableWorld
LogPluginManager: Mounting plugin SkeletalReduction
LogPluginManager: Mounting plugin MLSDK
LogPluginManager: Mounting plugin AssetManagerEditor
LogPluginManager: Mounting plugin PythonScriptPlugin
LogPluginManager: Mounting plugin XCodeSourceCodeAccess
LogPluginManager: Mounting plugin CurveEditorTools
LogPluginManager: Mounting plugin CryptoKeys
LogPluginManager: Mounting plugin VisualStudioCodeSourceCodeAccess
LogPluginManager: Mounting plugin VisualStudioSourceCodeAccess
LogPluginManager: Mounting plugin GameplayTagsEditor
LogPluginManager: Mounting plugin MacGraphicsSwitching
LogPluginManager: Mounting plugin DataValidation
LogPluginManager: Mounting plugin FacialAnimation
LogPluginManager: Mounting plugin PluginBrowser
LogPluginManager: Mounting plugin GeometryMode
LogPluginManager: Mounting plugin MobileLauncherProfileWizard
LogPluginManager: Mounting plugin SpeedTreeImporter
LogPluginManager: Mounting plugin AndroidMedia
LogPluginManager: Mounting plugin AvfMedia
LogPluginManager: Mounting plugin MaterialAnalyzer
LogPluginManager: Mounting plugin ImgMedia
LogPluginManager: Mounting plugin MediaCompositing
LogPluginManager: Mounting plugin MediaPlayerEditor
LogPluginManager: Mounting plugin WebMMedia
LogPluginManager: Mounting plugin TcpMessaging
LogPluginManager: Mounting plugin UdpMessaging
LogPluginManager: Mounting plugin ActorSequence
LogPluginManager: Mounting plugin WmfMedia
LogPluginManager: Mounting plugin LevelSequenceEditor
LogPluginManager: Mounting plugin MatineeToLevelSequence
LogPluginManager: Mounting plugin TemplateSequence
LogPluginManager: Mounting plugin OnlineSubsystem
LogPluginManager: Mounting plugin OnlineSubsystemNull
LogPluginManager: Mounting plugin OnlineSubsystemUtils
LogPluginManager: Mounting plugin ActorLayerUtilities
LogPluginManager: Mounting plugin AndroidDeviceProfileSelector
LogPluginManager: Mounting plugin LauncherChunkInstaller
LogPluginManager: Mounting plugin AndroidPermission
LogPluginManager: Mounting plugin AndroidMoviePlayer
LogPluginManager: Mounting plugin AppleImageUtils
LogPluginManager: Mounting plugin AppleMoviePlayer
LogPluginManager: Mounting plugin ArchVisCharacter
LogPluginManager: Mounting plugin AudioCapture
LogPluginManager: Mounting plugin AssetTags
LogPluginManager: Mounting plugin AudioSynesthesia
LogPluginManager: Mounting plugin CableComponent
LogPluginManager: Mounting plugin ChunkDownloader
LogPluginManager: Mounting plugin CustomMeshComponent
LogPluginManager: Mounting plugin EditableMesh
LogPluginManager: Mounting plugin ExampleDeviceProfileSelector
LogPluginManager: Mounting plugin GoogleCloudMessaging
LogPluginManager: Mounting plugin GooglePAD
LogPluginManager: Mounting plugin IOSDeviceProfileSelector
LogPluginManager: Mounting plugin ScreenshotTools
LogPluginManager: Mounting plugin LinuxDeviceProfileSelector
LogPluginManager: Mounting plugin LocationServicesBPLibrary
LogPluginManager: Mounting plugin MobilePatchingUtils
LogPluginManager: Mounting plugin OpenXR
LogPluginManager: Mounting plugin OpenXREyeTracker
LogPluginManager: Mounting plugin OpenXRHandTracking
LogPluginManager: Mounting plugin PhysXVehicles
LogPluginManager: Mounting plugin Takes
LogPluginManager: Mounting plugin PostSplashScreen
LogPluginManager: Mounting plugin ProceduralMeshComponent
LogPluginManager: Mounting plugin PropertyAccessEditor
LogPluginManager: Mounting plugin RuntimePhysXCooking
LogPluginManager: Mounting plugin SoundFields
LogPluginManager: Mounting plugin SignificanceManager
LogPluginManager: Mounting plugin Synthesis
LogPluginManager: Mounting plugin WebMMoviePlayer
LogPluginManager: Mounting plugin WindowsMoviePlayer
LogPluginManager: Mounting plugin ContentBrowserAssetDataSource
LogPluginManager: Mounting plugin ContentBrowserClassDataSource
LogPluginManager: Mounting plugin ContentBrowserFileDataSource
LogPluginManager: Mounting plugin OnlineSubsystemGooglePlay
LogPluginManager: Mounting plugin OnlineSubsystemIOS
LogPluginManager: Mounting plugin OculusVR
LogPluginManager: Mounting plugin SteamVR
PixWinPlugin: PIX capture plugin failed to initialize! Check that the process is launched from PIX.
LogInit: Using libcurl 7.55.1-DEV
LogInit:  - built for x86_64-pc-win32
LogInit:  - supports SSL with OpenSSL/1.1.1
LogInit:  - supports HTTP deflate (compression) using libz 1.2.8
LogInit:  - other features:
LogInit:      CURL_VERSION_SSL
LogInit:      CURL_VERSION_LIBZ
LogInit:      CURL_VERSION_IPV6
LogInit:      CURL_VERSION_ASYNCHDNS
LogInit:      CURL_VERSION_LARGEFILE
LogInit:      CURL_VERSION_IDN
LogInit:  CurlRequestOptions (configurable via config and command line):
LogInit:  - bVerifyPeer = true  - Libcurl will verify peer certificate
LogInit:  - bUseHttpProxy = false  - Libcurl will NOT use HTTP proxy
LogInit:  - bDontReuseConnections = false  - Libcurl will reuse connections
LogInit:  - MaxHostConnections = 16  - Libcurl will limit the number of connections to a host
LogInit:  - LocalHostAddr = Default
LogInit:  - BufferSize = 65536
LogOnline: OSS: Creating online subsystem instance for: NULL
LogInit: WinSock: version 1.1 (2.2), MaxSocks=32767, MaxUdp=65467
LogOnline: OSS: TryLoadSubsystemAndSetDefault: Loaded subsystem for module [NULL]
LogOculusPluginWrapper: OculusPlugin initialized successfully
LogHMD: Failed initializing OVRPlugin 1.59.0
LogInit: Build: ++UE4+Release-4.27-CL-18319896
LogInit: Engine Version: 4.27.2-18319896+++UE4+Release-4.27
LogInit: Compatible Engine Version: 4.27.0-17155196+++UE4+Release-4.27
LogInit: Net CL: 17155196
LogInit: OS: Windows 10 (Release 2009) (), CPU: Intel(R) Core(TM) i7-1065G7 CPU @ 1.30GHz, GPU: Intel(R) Iris(R) Plus Graphics
LogInit: Compiled (64-bit): Nov 30 2021 07:12:08
LogInit: Compiled with Visual C++: 19.24.28315.00
LogInit: Build Configuration: Development
LogInit: Branch Name: ++UE4+Release-4.27
LogInit: Command Line: 
LogInit: Base Directory: C:/Program Files/Epic Games/UE_4.27/Engine/Binaries/Win64/
LogInit: Allocator: TBB
LogInit: Installed Engine Build: 1
LogDevObjectVersion: Number of dev versions registered: 29
LogDevObjectVersion:   Dev-Blueprints (B0D832E4-1F89-4F0D-ACCF-7EB736FD4AA2): 10
LogDevObjectVersion:   Dev-Build (E1C64328-A22C-4D53-A36C-8E866417BD8C): 0
LogDevObjectVersion:   Dev-Core (375EC13C-06E4-48FB-B500-84F0262A717E): 4
LogDevObjectVersion:   Dev-Editor (E4B068ED-F494-42E9-A231-DA0B2E46BB41): 40
LogDevObjectVersion:   Dev-Framework (CFFC743F-43B0-4480-9391-14DF171D2073): 37
LogDevObjectVersion:   Dev-Mobile (B02B49B5-BB20-44E9-A304-32B752E40360): 3
LogDevObjectVersion:   Dev-Networking (A4E4105C-59A1-49B5-A7C5-40C4547EDFEE): 0
LogDevObjectVersion:   Dev-Online (39C831C9-5AE6-47DC-9A44-9C173E1C8E7C): 0
LogDevObjectVersion:   Dev-Physics (78F01B33-EBEA-4F98-B9B4-84EACCB95AA2): 14
LogDevObjectVersion:   Dev-Platform (6631380F-2D4D-43E0-8009-CF276956A95A): 0
LogDevObjectVersion:   Dev-Rendering (12F88B9F-8875-4AFC-A67C-D90C383ABD29): 45
LogDevObjectVersion:   Dev-Sequencer (7B5AE74C-D270-4C10-A958-57980B212A5A): 13
LogDevObjectVersion:   Dev-VR (D7296918-1DD6-4BDD-9DE2-64A83CC13884): 3
LogDevObjectVersion:   Dev-LoadTimes (C2A15278-BFE7-4AFE-6C17-90FF531DF755): 1
LogDevObjectVersion:   Private-Geometry (6EACA3D4-40EC-4CC1-B786-8BED09428FC5): 3
LogDevObjectVersion:   Dev-AnimPhys (29E575DD-E0A3-4627-9D10-D276232CDCEA): 17
LogDevObjectVersion:   Dev-Anim (AF43A65D-7FD3-4947-9873-3E8ED9C1BB05): 15
LogDevObjectVersion:   Dev-ReflectionCapture (6B266CEC-1EC7-4B8F-A30B-E4D90942FC07): 1
LogDevObjectVersion:   Dev-Automation (0DF73D61-A23F-47EA-B727-89E90C41499A): 1
LogDevObjectVersion:   FortniteMain (601D1886-AC64-4F84-AA16-D3DE0DEAC7D6): 47
LogDevObjectVersion:   FortniteRelease (E7086368-6B23-4C58-8439-1B7016265E91): 1
LogDevObjectVersion:   Dev-Enterprise (9DFFBCD6-494F-0158-E221-12823C92A888): 10
LogDevObjectVersion:   Dev-Niagara (F2AED0AC-9AFE-416F-8664-AA7FFA26D6FC): 1
LogDevObjectVersion:   Dev-Destruction (174F1F0B-B4C6-45A5-B13F-2EE8D0FB917D): 10
LogDevObjectVersion:   Dev-Physics-Ext (35F94A83-E258-406C-A318-09F59610247C): 41
LogDevObjectVersion:   Dev-PhysicsMaterial-Chaos (B68FC16E-8B1B-42E2-B453-215C058844FE): 1
LogDevObjectVersion:   Dev-CineCamera (B2E18506-4273-CFC2-A54E-F4BB758BBA07): 1
LogDevObjectVersion:   Dev-VirtualProduction (64F58936-FD1B-42BA-BA96-7289D5D0FA4E): 1
LogDevObjectVersion:   Dev-MediaFramework (6F0ED827-A609-4895-9C91-998D90180EA4): 2
LogInit: Presizing for max 25165824 objects, including 0 objects not considered by GC, pre-allocating 0 bytes for permanent pool.
LogConfig: Applying CVar settings from Section [/Script/Engine.StreamingSettings] File [C:/Users/glanv/Documents/the illuminati is unreal/GlobalGameJam/ChallengeWeek2ElectricBoogaloo/GulliversTravels/Saved/Config/Windows/Engine.ini]
LogConfig: Setting CVar [[s.MinBulkDataSizeForAsyncLoading:131072]]
LogConfig: Setting CVar [[s.AsyncLoadingThreadEnabled:0]]
LogConfig: Setting CVar [[s.EventDrivenLoaderEnabled:1]]
LogConfig: Setting CVar [[s.WarnIfTimeLimitExceeded:0]]
LogConfig: Setting CVar [[s.TimeLimitExceededMultiplier:1.5]]
LogConfig: Setting CVar [[s.TimeLimitExceededMinTime:0.005]]
LogConfig: Setting CVar [[s.UseBackgroundLevelStreaming:1]]
LogConfig: Setting CVar [[s.PriorityAsyncLoadingExtraTime:15.0]]
LogConfig: Setting CVar [[s.LevelStreamingActorsUpdateTimeLimit:5.0]]
LogConfig: Setting CVar [[s.PriorityLevelStreamingActorsUpdateExtraTime:5.0]]
LogConfig: Setting CVar [[s.LevelStreamingComponentsRegistrationGranularity:10]]
LogConfig: Setting CVar [[s.UnregisterComponentsTimeLimit:1.0]]
LogConfig: Setting CVar [[s.LevelStreamingComponentsUnregistrationGranularity:5]]
LogConfig: Setting CVar [[s.FlushStreamingOnExit:1]]
LogInit: Object subsystem initialized
LogConfig: Setting CVar [[con.DebugEarlyDefault:1]]
LogConfig: Setting CVar [[r.setres:1280x720]]
[2023.02.27-15.45.19:829][  0]LogConfig: Setting CVar [[r.VSync:0]]
[2023.02.27-15.45.19:830][  0]LogConfig: Setting CVar [[r.RHICmdBypass:0]]
[2023.02.27-15.45.19:830][  0]LogConfig: Applying CVar settings from Section [/Script/Engine.RendererSettings] File [C:/Users/glanv/Documents/the illuminati is unreal/GlobalGameJam/ChallengeWeek2ElectricBoogaloo/GulliversTravels/Saved/Config/Windows/Engine.ini]
[2023.02.27-15.45.19:830][  0]LogConfig: Setting CVar [[r.GPUCrashDebugging:0]]
[2023.02.27-15.45.19:830][  0]LogConfig: Applying CVar settings from Section [/Script/Engine.RendererOverrideSettings] File [C:/Users/glanv/Documents/the illuminati is unreal/GlobalGameJam/ChallengeWeek2ElectricBoogaloo/GulliversTravels/Saved/Config/Windows/Engine.ini]
[2023.02.27-15.45.19:830][  0]LogConfig: Applying CVar settings from Section [/Script/Engine.StreamingSettings] File [C:/Users/glanv/Documents/the illuminati is unreal/GlobalGameJam/ChallengeWeek2ElectricBoogaloo/GulliversTravels/Saved/Config/Windows/Engine.ini]
[2023.02.27-15.45.19:830][  0]LogConfig: Setting CVar [[s.MinBulkDataSizeForAsyncLoading:131072]]
[2023.02.27-15.45.19:830][  0]LogConfig: Setting CVar [[s.AsyncLoadingThreadEnabled:0]]
[2023.02.27-15.45.19:830][  0]LogConfig: Setting CVar [[s.EventDrivenLoaderEnabled:1]]
[2023.02.27-15.45.19:830][  0]LogConfig: Setting CVar [[s.WarnIfTimeLimitExceeded:0]]
[2023.02.27-15.45.19:830][  0]LogConfig: Setting CVar [[s.TimeLimitExceededMultiplier:1.5]]
[2023.02.27-15.45.19:830][  0]LogConfig: Setting CVar [[s.TimeLimitExceededMinTime:0.005]]
[2023.02.27-15.45.19:830][  0]LogConfig: Setting CVar [[s.UseBackgroundLevelStreaming:1]]
[2023.02.27-15.45.19:830][  0]LogConfig: Setting CVar [[s.PriorityAsyncLoadingExtraTime:15.0]]
[2023.02.27-15.45.19:830][  0]LogConfig: Setting CVar [[s.LevelStreamingActorsUpdateTimeLimit:5.0]]
[2023.02.27-15.45.19:830][  0]LogConfig: Setting CVar [[s.PriorityLevelStreamingActorsUpdateExtraTime:5.0]]
[2023.02.27-15.45.19:830][  0]LogConfig: Setting CVar [[s.LevelStreamingComponentsRegistrationGranularity:10]]
[2023.02.27-15.45.19:830][  0]LogConfig: Setting CVar [[s.UnregisterComponentsTimeLimit:1.0]]
[2023.02.27-15.45.19:830][  0]LogConfig: Setting CVar [[s.LevelStreamingComponentsUnregistrationGranularity:5]]
[2023.02.27-15.45.19:830][  0]LogConfig: Setting CVar [[s.FlushStreamingOnExit:1]]
[2023.02.27-15.45.19:830][  0]LogConfig: Applying CVar settings from Section [/Script/Engine.GarbageCollectionSettings] File [C:/Users/glanv/Documents/the illuminati is unreal/GlobalGameJam/ChallengeWeek2ElectricBoogaloo/GulliversTravels/Saved/Config/Windows/Engine.ini]
[2023.02.27-15.45.19:830][  0]LogConfig: Setting CVar [[gc.MaxObjectsNotConsideredByGC:1]]
[2023.02.27-15.45.19:830][  0]LogConfig: Setting CVar [[gc.SizeOfPermanentObjectPool:0]]
[2023.02.27-15.45.19:830][  0]LogConfig: Setting CVar [[gc.FlushStreamingOnGC:0]]
[2023.02.27-15.45.19:830][  0]LogConfig: Setting CVar [[gc.NumRetriesBeforeForcingGC:10]]
[2023.02.27-15.45.19:830][  0]LogConfig: Setting CVar [[gc.AllowParallelGC:1]]
[2023.02.27-15.45.19:830][  0]LogConfig: Setting CVar [[gc.TimeBetweenPurgingPendingKillObjects:61.1]]
[2023.02.27-15.45.19:830][  0]LogConfig: Setting CVar [[gc.MaxObjectsInEditor:25165824]]
[2023.02.27-15.45.19:830][  0]LogConfig: Setting CVar [[gc.IncrementalBeginDestroyEnabled:1]]
[2023.02.27-15.45.19:830][  0]LogConfig: Setting CVar [[gc.CreateGCClusters:1]]
[2023.02.27-15.45.19:830][  0]LogConfig: Setting CVar [[gc.MinGCClusterSize:5]]
[2023.02.27-15.45.19:830][  0]LogConfig: Setting CVar [[gc.ActorClusteringEnabled:0]]
[2023.02.27-15.45.19:830][  0]LogConfig: Setting CVar [[gc.BlueprintClusteringEnabled:0]]
[2023.02.27-15.45.19:830][  0]LogConfig: Setting CVar [[gc.UseDisregardForGCOnDedicatedServers:0]]
[2023.02.27-15.45.19:830][  0]LogConfig: Setting CVar [[gc.MultithreadedDestructionEnabled:1]]
[2023.02.27-15.45.19:830][  0]LogConfig: Applying CVar settings from Section [/Script/Engine.NetworkSettings] File [C:/Users/glanv/Documents/the illuminati is unreal/GlobalGameJam/ChallengeWeek2ElectricBoogaloo/GulliversTravels/Saved/Config/Windows/Engine.ini]
[2023.02.27-15.45.19:830][  0]LogConfig: Applying CVar settings from Section [/Script/UnrealEd.CookerSettings] File [C:/Users/glanv/Documents/the illuminati is unreal/GlobalGameJam/ChallengeWeek2ElectricBoogaloo/GulliversTravels/Saved/Config/Windows/Engine.ini]
[2023.02.27-15.45.19:846][  0]LogConfig: Applying CVar settings from Section [ViewDistanceQuality@3] File [C:/Users/glanv/Documents/the illuminati is unreal/GlobalGameJam/ChallengeWeek2ElectricBoogaloo/GulliversTravels/Saved/Config/Windows/Scalability.ini]
[2023.02.27-15.45.19:847][  0]LogConfig: Setting CVar [[r.SkeletalMeshLODBias:0]]
[2023.02.27-15.45.19:847][  0]LogConfig: Setting CVar [[r.ViewDistanceScale:1.0]]
[2023.02.27-15.45.19:847][  0]LogConfig: Applying CVar settings from Section [AntiAliasingQuality@3] File [C:/Users/glanv/Documents/the illuminati is unreal/GlobalGameJam/ChallengeWeek2ElectricBoogaloo/GulliversTravels/Saved/Config/Windows/Scalability.ini]
[2023.02.27-15.45.19:847][  0]LogConfig: Setting CVar [[r.PostProcessAAQuality:4]]
[2023.02.27-15.45.19:847][  0]LogConfig: Applying CVar settings from Section [ShadowQuality@3] File [C:/Users/glanv/Documents/the illuminati is unreal/GlobalGameJam/ChallengeWeek2ElectricBoogaloo/GulliversTravels/Saved/Config/Windows/Scalability.ini]
[2023.02.27-15.45.19:847][  0]LogConfig: Setting CVar [[r.LightFunctionQuality:1]]
[2023.02.27-15.45.19:847][  0]LogConfig: Setting CVar [[r.ShadowQuality:5]]
[2023.02.27-15.45.19:847][  0]LogConfig: Setting CVar [[r.Shadow.CSM.MaxCascades:10]]
[2023.02.27-15.45.19:847][  0]LogConfig: Setting CVar [[r.Shadow.MaxResolution:2048]]
[2023.02.27-15.45.19:847][  0]LogConfig: Setting CVar [[r.Shadow.MaxCSMResolution:2048]]
[2023.02.27-15.45.19:847][  0]LogConfig: Setting CVar [[r.Shadow.RadiusThreshold:0.01]]
[2023.02.27-15.45.19:847][  0]LogConfig: Setting CVar [[r.Shadow.DistanceScale:1.0]]
[2023.02.27-15.45.19:847][  0]LogConfig: Setting CVar [[r.Shadow.CSM.TransitionScale:1.0]]
[2023.02.27-15.45.19:847][  0]LogConfig: Setting CVar [[r.Shadow.PreShadowResolutionFactor:1.0]]
[2023.02.27-15.45.19:847][  0]LogConfig: Setting CVar [[r.DistanceFieldShadowing:1]]
[2023.02.27-15.45.19:847][  0]LogConfig: Setting CVar [[r.DistanceFieldAO:1]]
[2023.02.27-15.45.19:847][  0]LogConfig: Setting CVar [[r.AOQuality:2]]
[2023.02.27-15.45.19:847][  0]LogConfig: Setting CVar [[r.VolumetricFog:1]]
[2023.02.27-15.45.19:847][  0]LogConfig: Setting CVar [[r.VolumetricFog.GridPixelSize:8]]
[2023.02.27-15.45.19:847][  0]LogConfig: Setting CVar [[r.VolumetricFog.GridSizeZ:128]]
[2023.02.27-15.45.19:847][  0]LogConfig: Setting CVar [[r.VolumetricFog.HistoryMissSupersampleCount:4]]
[2023.02.27-15.45.19:847][  0]LogConfig: Setting CVar [[r.LightMaxDrawDistanceScale:1]]
[2023.02.27-15.45.19:847][  0]LogConfig: Setting CVar [[r.CapsuleShadows:1]]
[2023.02.27-15.45.19:847][  0]LogConfig: Applying CVar settings from Section [PostProcessQuality@3] File [C:/Users/glanv/Documents/the illuminati is unreal/GlobalGameJam/ChallengeWeek2ElectricBoogaloo/GulliversTravels/Saved/Config/Windows/Scalability.ini]
[2023.02.27-15.45.19:847][  0]LogConfig: Setting CVar [[r.MotionBlurQuality:4]]
[2023.02.27-15.45.19:847][  0]LogConfig: Setting CVar [[r.AmbientOcclusionMipLevelFactor:0.4]]
[2023.02.27-15.45.19:847][  0]LogConfig: Setting CVar [[r.AmbientOcclusionMaxQuality:100]]
[2023.02.27-15.45.19:847][  0]LogConfig: Setting CVar [[r.AmbientOcclusionLevels:-1]]
[2023.02.27-15.45.19:847][  0]LogConfig: Setting CVar [[r.AmbientOcclusionRadiusScale:1.0]]
[2023.02.27-15.45.19:847][  0]LogConfig: Setting CVar [[r.DepthOfFieldQuality:2]]
[2023.02.27-15.45.19:847][  0]LogConfig: Setting CVar [[r.RenderTargetPoolMin:400]]
[2023.02.27-15.45.19:847][  0]LogConfig: Setting CVar [[r.LensFlareQuality:2]]
[2023.02.27-15.45.19:847][  0]LogConfig: Setting CVar [[r.SceneColorFringeQuality:1]]
[2023.02.27-15.45.19:847][  0]LogConfig: Setting CVar [[r.EyeAdaptationQuality:2]]
[2023.02.27-15.45.19:847][  0]LogConfig: Setting CVar [[r.BloomQuality:5]]
[2023.02.27-15.45.19:847][  0]LogConfig: Setting CVar [[r.FastBlurThreshold:100]]
[2023.02.27-15.45.19:847][  0]LogConfig: Setting CVar [[r.Upscale.Quality:3]]
[2023.02.27-15.45.19:847][  0]LogConfig: Setting CVar [[r.Tonemapper.GrainQuantization:1]]
[2023.02.27-15.45.19:847][  0]LogConfig: Setting CVar [[r.LightShaftQuality:1]]
[2023.02.27-15.45.19:847][  0]LogConfig: Setting CVar [[r.Filter.SizeScale:1]]
[2023.02.27-15.45.19:847][  0]LogConfig: Setting CVar [[r.Tonemapper.Quality:5]]
[2023.02.27-15.45.19:847][  0]LogConfig: Setting CVar [[r.DOF.Gather.AccumulatorQuality:1        ; higher gathering accumulator quality]]
[2023.02.27-15.45.19:847][  0]LogConfig: Setting CVar [[r.DOF.Gather.PostfilterMethod:1          ; Median3x3 postfilering method]]
[2023.02.27-15.45.19:847][  0]LogConfig: Setting CVar [[r.DOF.Gather.EnableBokehSettings:0       ; no bokeh simulation when gathering]]
[2023.02.27-15.45.19:847][  0]LogConfig: Setting CVar [[r.DOF.Gather.RingCount:4                 ; medium number of samples when gathering]]
[2023.02.27-15.45.19:848][  0]LogConfig: Setting CVar [[r.DOF.Scatter.ForegroundCompositing:1    ; additive foreground scattering]]
[2023.02.27-15.45.19:848][  0]LogConfig: Setting CVar [[r.DOF.Scatter.BackgroundCompositing:2    ; additive background scattering]]
[2023.02.27-15.45.19:848][  0]LogConfig: Setting CVar [[r.DOF.Scatter.EnableBokehSettings:1      ; bokeh simulation when scattering]]
[2023.02.27-15.45.19:848][  0]LogConfig: Setting CVar [[r.DOF.Scatter.MaxSpriteRatio:0.1         ; only a maximum of 10% of scattered bokeh]]
[2023.02.27-15.45.19:848][  0]LogConfig: Setting CVar [[r.DOF.Recombine.Quality:1                ; cheap slight out of focus]]
[2023.02.27-15.45.19:848][  0]LogConfig: Setting CVar [[r.DOF.Recombine.EnableBokehSettings:0    ; no bokeh simulation on slight out of focus]]
[2023.02.27-15.45.19:848][  0]LogConfig: Setting CVar [[r.DOF.TemporalAAQuality:1                ; more stable temporal accumulation]]
[2023.02.27-15.45.19:848][  0]LogConfig: Setting CVar [[r.DOF.Kernel.MaxForegroundRadius:0.025]]
[2023.02.27-15.45.19:848][  0]LogConfig: Setting CVar [[r.DOF.Kernel.MaxBackgroundRadius:0.025]]
[2023.02.27-15.45.19:848][  0]LogConfig: Applying CVar settings from Section [TextureQuality@3] File [C:/Users/glanv/Documents/the illuminati is unreal/GlobalGameJam/ChallengeWeek2ElectricBoogaloo/GulliversTravels/Saved/Config/Windows/Scalability.ini]
[2023.02.27-15.45.19:848][  0]LogConfig: Setting CVar [[r.Streaming.MipBias:0]]
[2023.02.27-15.45.19:848][  0]LogConfig: Setting CVar [[r.Streaming.AmortizeCPUToGPUCopy:0]]
[2023.02.27-15.45.19:848][  0]LogConfig: Setting CVar [[r.Streaming.MaxNumTexturesToStreamPerFrame:0]]
[2023.02.27-15.45.19:848][  0]LogConfig: Setting CVar [[r.Streaming.Boost:1]]
[2023.02.27-15.45.19:848][  0]LogConfig: Setting CVar [[r.MaxAnisotropy:8]]
[2023.02.27-15.45.19:848][  0]LogConfig: Setting CVar [[r.VT.MaxAnisotropy:8]]
[2023.02.27-15.45.19:848][  0]LogConfig: Setting CVar [[r.Streaming.LimitPoolSizeToVRAM:0]]
[2023.02.27-15.45.19:848][  0]LogConfig: Setting CVar [[r.Streaming.PoolSize:1000]]
[2023.02.27-15.45.19:848][  0]LogConfig: Setting CVar [[r.Streaming.MaxEffectiveScreenSize:0]]
[2023.02.27-15.45.19:848][  0]LogConfig: Applying CVar settings from Section [EffectsQuality@3] File [C:/Users/glanv/Documents/the illuminati is unreal/GlobalGameJam/ChallengeWeek2ElectricBoogaloo/GulliversTravels/Saved/Config/Windows/Scalability.ini]
[2023.02.27-15.45.19:848][  0]LogConfig: Setting CVar [[r.TranslucencyLightingVolumeDim:64]]
[2023.02.27-15.45.19:848][  0]LogConfig: Setting CVar [[r.RefractionQuality:2]]
[2023.02.27-15.45.19:848][  0]LogConfig: Setting CVar [[r.SSR.Quality:3]]
[2023.02.27-15.45.19:848][  0]LogConfig: Setting CVar [[r.SSR.HalfResSceneColor:0]]
[2023.02.27-15.45.19:848][  0]LogConfig: Setting CVar [[r.SceneColorFormat:4]]
[2023.02.27-15.45.19:848][  0]LogConfig: Setting CVar [[r.DetailMode:2]]
[2023.02.27-15.45.19:848][  0]LogConfig: Setting CVar [[r.TranslucencyVolumeBlur:1]]
[2023.02.27-15.45.19:848][  0]LogConfig: Setting CVar [[r.MaterialQualityLevel:1 ; High quality]]
[2023.02.27-15.45.19:848][  0]LogConfig: Setting CVar [[r.AnisotropicMaterials:1]]
[2023.02.27-15.45.19:848][  0]LogConfig: Setting CVar [[r.SSS.Scale:1]]
[2023.02.27-15.45.19:848][  0]LogConfig: Setting CVar [[r.SSS.SampleSet:2]]
[2023.02.27-15.45.19:848][  0]LogConfig: Setting CVar [[r.SSS.Quality:1]]
[2023.02.27-15.45.19:848][  0]LogConfig: Setting CVar [[r.SSS.HalfRes:0]]
[2023.02.27-15.45.19:848][  0]LogConfig: Setting CVar [[r.SSGI.Quality:3]]
[2023.02.27-15.45.19:848][  0]LogConfig: Setting CVar [[r.EmitterSpawnRateScale:1.0]]
[2023.02.27-15.45.19:848][  0]LogConfig: Setting CVar [[r.ParticleLightQuality:2]]
[2023.02.27-15.45.19:848][  0]LogConfig: Setting CVar [[r.SkyAtmosphere.AerialPerspectiveLUT.FastApplyOnOpaque:1 ; Always have FastSkyLUT 1 in this case to avoid wrong sky]]
[2023.02.27-15.45.19:848][  0]LogConfig: Setting CVar [[r.SkyAtmosphere.AerialPerspectiveLUT.SampleCountMaxPerSlice:4]]
[2023.02.27-15.45.19:848][  0]LogConfig: Setting CVar [[r.SkyAtmosphere.AerialPerspectiveLUT.DepthResolution:16.0]]
[2023.02.27-15.45.19:848][  0]LogConfig: Setting CVar [[r.SkyAtmosphere.FastSkyLUT:1]]
[2023.02.27-15.45.19:848][  0]LogConfig: Setting CVar [[r.SkyAtmosphere.FastSkyLUT.SampleCountMin:4.0]]
[2023.02.27-15.45.19:848][  0]LogConfig: Setting CVar [[r.SkyAtmosphere.FastSkyLUT.SampleCountMax:128.0]]
[2023.02.27-15.45.19:848][  0]LogConfig: Setting CVar [[r.SkyAtmosphere.SampleCountMin:4.0]]
[2023.02.27-15.45.19:848][  0]LogConfig: Setting CVar [[r.SkyAtmosphere.SampleCountMax:128.0]]
[2023.02.27-15.45.19:848][  0]LogConfig: Setting CVar [[r.SkyAtmosphere.TransmittanceLUT.UseSmallFormat:0]]
[2023.02.27-15.45.19:848][  0]LogConfig: Setting CVar [[r.SkyAtmosphere.TransmittanceLUT.SampleCount:10.0]]
[2023.02.27-15.45.19:848][  0]LogConfig: Setting CVar [[r.SkyAtmosphere.MultiScatteringLUT.SampleCount:15.0]]
[2023.02.27-15.45.19:848][  0]LogConfig: Setting CVar [[r.SkyLight.RealTimeReflectionCapture:1]]
[2023.02.27-15.45.19:849][  0]LogConfig: Applying CVar settings from Section [FoliageQuality@3] File [C:/Users/glanv/Documents/the illuminati is unreal/GlobalGameJam/ChallengeWeek2ElectricBoogaloo/GulliversTravels/Saved/Config/Windows/Scalability.ini]
[2023.02.27-15.45.19:849][  0]LogConfig: Setting CVar [[foliage.DensityScale:1.0]]
[2023.02.27-15.45.19:849][  0]LogConfig: Setting CVar [[grass.DensityScale:1.0]]
[2023.02.27-15.45.19:849][  0]LogConfig: Applying CVar settings from Section [ShadingQuality@3] File [C:/Users/glanv/Documents/the illuminati is unreal/GlobalGameJam/ChallengeWeek2ElectricBoogaloo/GulliversTravels/Saved/Config/Windows/Scalability.ini]
[2023.02.27-15.45.19:849][  0]LogConfig: Setting CVar [[r.HairStrands.SkyLighting.IntegrationType:2]]
[2023.02.27-15.45.19:849][  0]LogConfig: Setting CVar [[r.HairStrands.SkyAO.SampleCount:4]]
[2023.02.27-15.45.19:849][  0]LogConfig: Setting CVar [[r.HairStrands.Visibility.MSAA.SamplePerPixel:4]]
[2023.02.27-15.45.19:849][  0]LogInit: Selected Device Profile: [Windows]
[2023.02.27-15.45.19:849][  0]LogInit: Applying CVar settings loaded from the selected device profile: [Windows]
[2023.02.27-15.45.19:849][  0]LogHAL: Display: Platform has ~ 8 GB [8256385024 / 8589934592 / 8], which maps to Default [LargestMinGB=32, LargerMinGB=12, DefaultMinGB=8, SmallerMinGB=6, SmallestMinGB=0)
[2023.02.27-15.45.19:849][  0]LogInit: Going up to parent DeviceProfile []
[2023.02.27-15.45.19:849][  0]LogConfig: Applying CVar settings from Section [ViewDistanceQuality@3] File [C:/Users/glanv/Documents/the illuminati is unreal/GlobalGameJam/ChallengeWeek2ElectricBoogaloo/GulliversTravels/Saved/Config/Windows/Scalability.ini]
[2023.02.27-15.45.19:849][  0]LogConfig: Setting CVar [[r.SkeletalMeshLODBias:0]]
[2023.02.27-15.45.19:849][  0]LogConfig: Setting CVar [[r.ViewDistanceScale:1.0]]
[2023.02.27-15.45.19:849][  0]LogConfig: Applying CVar settings from Section [AntiAliasingQuality@3] File [C:/Users/glanv/Documents/the illuminati is unreal/GlobalGameJam/ChallengeWeek2ElectricBoogaloo/GulliversTravels/Saved/Config/Windows/Scalability.ini]
[2023.02.27-15.45.19:849][  0]LogConfig: Setting CVar [[r.PostProcessAAQuality:4]]
[2023.02.27-15.45.19:849][  0]LogConfig: Applying CVar settings from Section [ShadowQuality@3] File [C:/Users/glanv/Documents/the illuminati is unreal/GlobalGameJam/ChallengeWeek2ElectricBoogaloo/GulliversTravels/Saved/Config/Windows/Scalability.ini]
[2023.02.27-15.45.19:849][  0]LogConfig: Setting CVar [[r.LightFunctionQuality:1]]
[2023.02.27-15.45.19:849][  0]LogConfig: Setting CVar [[r.ShadowQuality:5]]
[2023.02.27-15.45.19:849][  0]LogConfig: Setting CVar [[r.Shadow.CSM.MaxCascades:10]]
[2023.02.27-15.45.19:849][  0]LogConfig: Setting CVar [[r.Shadow.MaxResolution:2048]]
[2023.02.27-15.45.19:849][  0]LogConfig: Setting CVar [[r.Shadow.MaxCSMResolution:2048]]
[2023.02.27-15.45.19:849][  0]LogConfig: Setting CVar [[r.Shadow.RadiusThreshold:0.01]]
[2023.02.27-15.45.19:849][  0]LogConfig: Setting CVar [[r.Shadow.DistanceScale:1.0]]
[2023.02.27-15.45.19:849][  0]LogConfig: Setting CVar [[r.Shadow.CSM.TransitionScale:1.0]]
[2023.02.27-15.45.19:849][  0]LogConfig: Setting CVar [[r.Shadow.PreShadowResolutionFactor:1.0]]
[2023.02.27-15.45.19:849][  0]LogConfig: Setting CVar [[r.DistanceFieldShadowing:1]]
[2023.02.27-15.45.19:849][  0]LogConfig: Setting CVar [[r.DistanceFieldAO:1]]
[2023.02.27-15.45.19:849][  0]LogConfig: Setting CVar [[r.AOQuality:2]]
[2023.02.27-15.45.19:849][  0]LogConfig: Setting CVar [[r.VolumetricFog:1]]
[2023.02.27-15.45.19:849][  0]LogConfig: Setting CVar [[r.VolumetricFog.GridPixelSize:8]]
[2023.02.27-15.45.19:849][  0]LogConfig: Setting CVar [[r.VolumetricFog.GridSizeZ:128]]
[2023.02.27-15.45.19:849][  0]LogConfig: Setting CVar [[r.VolumetricFog.HistoryMissSupersampleCount:4]]
[2023.02.27-15.45.19:849][  0]LogConfig: Setting CVar [[r.LightMaxDrawDistanceScale:1]]
[2023.02.27-15.45.19:849][  0]LogConfig: Setting CVar [[r.CapsuleShadows:1]]
[2023.02.27-15.45.19:849][  0]LogConfig: Applying CVar settings from Section [PostProcessQuality@3] File [C:/Users/glanv/Documents/the illuminati is unreal/GlobalGameJam/ChallengeWeek2ElectricBoogaloo/GulliversTravels/Saved/Config/Windows/Scalability.ini]
[2023.02.27-15.45.19:849][  0]LogConfig: Setting CVar [[r.MotionBlurQuality:4]]
[2023.02.27-15.45.19:849][  0]LogConfig: Setting CVar [[r.AmbientOcclusionMipLevelFactor:0.4]]
[2023.02.27-15.45.19:849][  0]LogConfig: Setting CVar [[r.AmbientOcclusionMaxQuality:100]]
[2023.02.27-15.45.19:850][  0]LogConfig: Setting CVar [[r.AmbientOcclusionLevels:-1]]
[2023.02.27-15.45.19:850][  0]LogConfig: Setting CVar [[r.AmbientOcclusionRadiusScale:1.0]]
[2023.02.27-15.45.19:850][  0]LogConfig: Setting CVar [[r.DepthOfFieldQuality:2]]
[2023.02.27-15.45.19:850][  0]LogConfig: Setting CVar [[r.RenderTargetPoolMin:400]]
[2023.02.27-15.45.19:850][  0]LogConfig: Setting CVar [[r.LensFlareQuality:2]]
[2023.02.27-15.45.19:850][  0]LogConfig: Setting CVar [[r.SceneColorFringeQuality:1]]
[2023.02.27-15.45.19:850][  0]LogConfig: Setting CVar [[r.EyeAdaptationQuality:2]]
[2023.02.27-15.45.19:850][  0]LogConfig: Setting CVar [[r.BloomQuality:5]]
[2023.02.27-15.45.19:850][  0]LogConfig: Setting CVar [[r.FastBlurThreshold:100]]
[2023.02.27-15.45.19:850][  0]LogConfig: Setting CVar [[r.Upscale.Quality:3]]
[2023.02.27-15.45.19:850][  0]LogConfig: Setting CVar [[r.Tonemapper.GrainQuantization:1]]
[2023.02.27-15.45.19:850][  0]LogConfig: Setting CVar [[r.LightShaftQuality:1]]
[2023.02.27-15.45.19:850][  0]LogConfig: Setting CVar [[r.Filter.SizeScale:1]]
[2023.02.27-15.45.19:850][  0]LogConfig: Setting CVar [[r.Tonemapper.Quality:5]]
[2023.02.27-15.45.19:850][  0]LogConfig: Setting CVar [[r.DOF.Gather.AccumulatorQuality:1        ; higher gathering accumulator quality]]
[2023.02.27-15.45.19:850][  0]LogConfig: Setting CVar [[r.DOF.Gather.PostfilterMethod:1          ; Median3x3 postfilering method]]
[2023.02.27-15.45.19:850][  0]LogConfig: Setting CVar [[r.DOF.Gather.EnableBokehSettings:0       ; no bokeh simulation when gathering]]
[2023.02.27-15.45.19:850][  0]LogConfig: Setting CVar [[r.DOF.Gather.RingCount:4                 ; medium number of samples when gathering]]
[2023.02.27-15.45.19:850][  0]LogConfig: Setting CVar [[r.DOF.Scatter.ForegroundCompositing:1    ; additive foreground scattering]]
[2023.02.27-15.45.19:850][  0]LogConfig: Setting CVar [[r.DOF.Scatter.BackgroundCompositing:2    ; additive background scattering]]
[2023.02.27-15.45.19:850][  0]LogConfig: Setting CVar [[r.DOF.Scatter.EnableBokehSettings:1      ; bokeh simulation when scattering]]
[2023.02.27-15.45.19:850][  0]LogConfig: Setting CVar [[r.DOF.Scatter.MaxSpriteRatio:0.1         ; only a maximum of 10% of scattered bokeh]]
[2023.02.27-15.45.19:850][  0]LogConfig: Setting CVar [[r.DOF.Recombine.Quality:1                ; cheap slight out of focus]]
[2023.02.27-15.45.19:850][  0]LogConfig: Setting CVar [[r.DOF.Recombine.EnableBokehSettings:0    ; no bokeh simulation on slight out of focus]]
[2023.02.27-15.45.19:850][  0]LogConfig: Setting CVar [[r.DOF.TemporalAAQuality:1                ; more stable temporal accumulation]]
[2023.02.27-15.45.19:850][  0]LogConfig: Setting CVar [[r.DOF.Kernel.MaxForegroundRadius:0.025]]
[2023.02.27-15.45.19:850][  0]LogConfig: Setting CVar [[r.DOF.Kernel.MaxBackgroundRadius:0.025]]
[2023.02.27-15.45.19:850][  0]LogConfig: Applying CVar settings from Section [TextureQuality@3] File [C:/Users/glanv/Documents/the illuminati is unreal/GlobalGameJam/ChallengeWeek2ElectricBoogaloo/GulliversTravels/Saved/Config/Windows/Scalability.ini]
[2023.02.27-15.45.19:850][  0]LogConfig: Setting CVar [[r.Streaming.MipBias:0]]
[2023.02.27-15.45.19:850][  0]LogConfig: Setting CVar [[r.Streaming.AmortizeCPUToGPUCopy:0]]
[2023.02.27-15.45.19:850][  0]LogConfig: Setting CVar [[r.Streaming.MaxNumTexturesToStreamPerFrame:0]]
[2023.02.27-15.45.19:850][  0]LogConfig: Setting CVar [[r.Streaming.Boost:1]]
[2023.02.27-15.45.19:850][  0]LogConfig: Setting CVar [[r.MaxAnisotropy:8]]
[2023.02.27-15.45.19:850][  0]LogConfig: Setting CVar [[r.VT.MaxAnisotropy:8]]
[2023.02.27-15.45.19:850][  0]LogConfig: Setting CVar [[r.Streaming.LimitPoolSizeToVRAM:0]]
[2023.02.27-15.45.19:850][  0]LogConfig: Setting CVar [[r.Streaming.PoolSize:1000]]
[2023.02.27-15.45.19:850][  0]LogConfig: Setting CVar [[r.Streaming.MaxEffectiveScreenSize:0]]
[2023.02.27-15.45.19:850][  0]LogConfig: Applying CVar settings from Section [EffectsQuality@3] File [C:/Users/glanv/Documents/the illuminati is unreal/GlobalGameJam/ChallengeWeek2ElectricBoogaloo/GulliversTravels/Saved/Config/Windows/Scalability.ini]
[2023.02.27-15.45.19:850][  0]LogConfig: Setting CVar [[r.TranslucencyLightingVolumeDim:64]]
[2023.02.27-15.45.19:850][  0]LogConfig: Setting CVar [[r.RefractionQuality:2]]
[2023.02.27-15.45.19:850][  0]LogConfig: Setting CVar [[r.SSR.Quality:3]]
[2023.02.27-15.45.19:850][  0]LogConfig: Setting CVar [[r.SSR.HalfResSceneColor:0]]
[2023.02.27-15.45.19:850][  0]LogConfig: Setting CVar [[r.SceneColorFormat:4]]
[2023.02.27-15.45.19:850][  0]LogConfig: Setting CVar [[r.DetailMode:2]]
[2023.02.27-15.45.19:850][  0]LogConfig: Setting CVar [[r.TranslucencyVolumeBlur:1]]
[2023.02.27-15.45.19:850][  0]LogConfig: Setting CVar [[r.MaterialQualityLevel:1 ; High quality]]
[2023.02.27-15.45.19:850][  0]LogConfig: Setting CVar [[r.AnisotropicMaterials:1]]
[2023.02.27-15.45.19:850][  0]LogConfig: Setting CVar [[r.SSS.Scale:1]]
[2023.02.27-15.45.19:850][  0]LogConfig: Setting CVar [[r.SSS.SampleSet:2]]
[2023.02.27-15.45.19:850][  0]LogConfig: Setting CVar [[r.SSS.Quality:1]]
[2023.02.27-15.45.19:850][  0]LogConfig: Setting CVar [[r.SSS.HalfRes:0]]
[2023.02.27-15.45.19:850][  0]LogConfig: Setting CVar [[r.SSGI.Quality:3]]
[2023.02.27-15.45.19:850][  0]LogConfig: Setting CVar [[r.EmitterSpawnRateScale:1.0]]
[2023.02.27-15.45.19:850][  0]LogConfig: Setting CVar [[r.ParticleLightQuality:2]]
[2023.02.27-15.45.19:850][  0]LogConfig: Setting CVar [[r.SkyAtmosphere.AerialPerspectiveLUT.FastApplyOnOpaque:1 ; Always have FastSkyLUT 1 in this case to avoid wrong sky]]
[2023.02.27-15.45.19:850][  0]LogConfig: Setting CVar [[r.SkyAtmosphere.AerialPerspectiveLUT.SampleCountMaxPerSlice:4]]
[2023.02.27-15.45.19:850][  0]LogConfig: Setting CVar [[r.SkyAtmosphere.AerialPerspectiveLUT.DepthResolution:16.0]]
[2023.02.27-15.45.19:850][  0]LogConfig: Setting CVar [[r.SkyAtmosphere.FastSkyLUT:1]]
[2023.02.27-15.45.19:850][  0]LogConfig: Setting CVar [[r.SkyAtmosphere.FastSkyLUT.SampleCountMin:4.0]]
[2023.02.27-15.45.19:850][  0]LogConfig: Setting CVar [[r.SkyAtmosphere.FastSkyLUT.SampleCountMax:128.0]]
[2023.02.27-15.45.19:850][  0]LogConfig: Setting CVar [[r.SkyAtmosphere.SampleCountMin:4.0]]
[2023.02.27-15.45.19:851][  0]LogConfig: Setting CVar [[r.SkyAtmosphere.SampleCountMax:128.0]]
[2023.02.27-15.45.19:851][  0]LogConfig: Setting CVar [[r.SkyAtmosphere.TransmittanceLUT.UseSmallFormat:0]]
[2023.02.27-15.45.19:851][  0]LogConfig: Setting CVar [[r.SkyAtmosphere.TransmittanceLUT.SampleCount:10.0]]
[2023.02.27-15.45.19:851][  0]LogConfig: Setting CVar [[r.SkyAtmosphere.MultiScatteringLUT.SampleCount:15.0]]
[2023.02.27-15.45.19:851][  0]LogConfig: Setting CVar [[r.SkyLight.RealTimeReflectionCapture:1]]
[2023.02.27-15.45.19:851][  0]LogConfig: Applying CVar settings from Section [FoliageQuality@3] File [C:/Users/glanv/Documents/the illuminati is unreal/GlobalGameJam/ChallengeWeek2ElectricBoogaloo/GulliversTravels/Saved/Config/Windows/Scalability.ini]
[2023.02.27-15.45.19:851][  0]LogConfig: Setting CVar [[foliage.DensityScale:1.0]]
[2023.02.27-15.45.19:851][  0]LogConfig: Setting CVar [[grass.DensityScale:1.0]]
[2023.02.27-15.45.19:851][  0]LogConfig: Applying CVar settings from Section [ShadingQuality@3] File [C:/Users/glanv/Documents/the illuminati is unreal/GlobalGameJam/ChallengeWeek2ElectricBoogaloo/GulliversTravels/Saved/Config/Windows/Scalability.ini]
[2023.02.27-15.45.19:851][  0]LogConfig: Setting CVar [[r.HairStrands.SkyLighting.IntegrationType:2]]
[2023.02.27-15.45.19:851][  0]LogConfig: Setting CVar [[r.HairStrands.SkyAO.SampleCount:4]]
[2023.02.27-15.45.19:851][  0]LogConfig: Setting CVar [[r.HairStrands.Visibility.MSAA.SamplePerPixel:4]]
[2023.02.27-15.45.19:851][  0]LogConfig: Applying CVar settings from Section [Startup] File [../../../Engine/Config/ConsoleVariables.ini]
[2023.02.27-15.45.19:852][  0]LogConfig: Setting CVar [[net.UseAdaptiveNetUpdateFrequency:0]]
[2023.02.27-15.45.19:853][  0]LogConfig: Setting CVar [[p.chaos.AllowCreatePhysxBodies:1]]
[2023.02.27-15.45.19:853][  0]LogConfig: Setting CVar [[fx.SkipVectorVMBackendOptimizations:1]]
[2023.02.27-15.45.19:853][  0]LogConfig: Applying CVar settings from Section [ConsoleVariables] File [C:/Users/glanv/Documents/the illuminati is unreal/GlobalGameJam/ChallengeWeek2ElectricBoogaloo/GulliversTravels/Saved/Config/Windows/Engine.ini]
[2023.02.27-15.45.19:853][  0]LogConfig: Applying CVar settings from Section [ConsoleVariables] File [C:/Users/glanv/Documents/the illuminati is unreal/GlobalGameJam/ChallengeWeek2ElectricBoogaloo/GulliversTravels/Saved/Config/Windows/Editor.ini]
[2023.02.27-15.45.19:853][  0]LogInit: Computer: LAPTOP-65GLB3NF
[2023.02.27-15.45.19:853][  0]LogInit: User: glanv
[2023.02.27-15.45.19:853][  0]LogInit: CPU Page size=4096, Cores=4
[2023.02.27-15.45.19:853][  0]LogInit: High frequency timer resolution =10.000000 MHz
[2023.02.27-15.45.19:853][  0]LogMemory: Memory total: Physical=7.7GB (8GB approx)
[2023.02.27-15.45.19:853][  0]LogMemory: Platform Memory Stats for Windows
[2023.02.27-15.45.19:853][  0]LogMemory: Process Physical Memory: 151.07 MB used, 151.07 MB peak
[2023.02.27-15.45.19:853][  0]LogMemory: Process Virtual Memory: 116.55 MB used, 116.55 MB peak
[2023.02.27-15.45.19:853][  0]LogMemory: Physical Memory: 7251.96 MB used,  621.95 MB free, 7873.90 MB total
[2023.02.27-15.45.19:853][  0]LogMemory: Virtual Memory: 134212344.00 MB used,  5384.77 MB free, 134217728.00 MB total
[2023.02.27-15.45.19:861][  0]LogWindows: WindowsPlatformFeatures enabled
[2023.02.27-15.45.19:916][  0]LogInit: Physics initialised using underlying interface: PhysX
[2023.02.27-15.45.19:920][  0]LogInit: Using OS detected language (en-GB).
[2023.02.27-15.45.19:920][  0]LogInit: Using OS detected locale (en-GB).
[2023.02.27-15.45.19:935][  0]LogTextLocalizationManager: No specific localization for 'en-GB' exists, so the 'en' localization will be used.
[2023.02.27-15.45.20:456][  0]LogInit: Setting process to per monitor DPI aware
[2023.02.27-15.45.20:484][  0]LogWindowsTextInputMethodSystem: Display: IME system deactivated.
[2023.02.27-15.45.20:510][  0]LogSlate: New Slate User Created.  User Index 0, Is Virtual User: 0
[2023.02.27-15.45.20:510][  0]LogSlate: Slate User Registered.  User Index 0, Is Virtual User: 0
[2023.02.27-15.45.20:913][  0]LogD3D11RHI: Loaded GFSDK_Aftermath_Lib.x64.dll
[2023.02.27-15.45.20:918][  0]LogHMD: Failed to initialize OpenVR with code 110
[2023.02.27-15.45.20:918][  0]LogD3D11RHI: D3D11 min allowed feature level: 11_0
[2023.02.27-15.45.20:918][  0]LogD3D11RHI: D3D11 max allowed feature level: 11_0
[2023.02.27-15.45.20:918][  0]LogD3D11RHI: D3D11 adapters:
[2023.02.27-15.45.21:171][  0]LogD3D11RHI:    0. 'Intel(R) Iris(R) Plus Graphics' (Feature Level 11_0)
[2023.02.27-15.45.21:172][  0]LogD3D11RHI:       128/0/3936 MB DedicatedVideo/DedicatedSystem/SharedSystem, Outputs:1, VendorId:0x8086
[2023.02.27-15.45.21:183][  0]LogD3D11RHI:    1. 'Microsoft Basic Render Driver' (Feature Level 11_0)
[2023.02.27-15.45.21:183][  0]LogD3D11RHI:       0/0/3936 MB DedicatedVideo/DedicatedSystem/SharedSystem, Outputs:0, VendorId:0x1414
[2023.02.27-15.45.21:183][  0]LogD3D11RHI: Chosen D3D11 Adapter:
[2023.02.27-15.45.21:183][  0]LogD3D11RHI:     Description : Intel(R) Iris(R) Plus Graphics
[2023.02.27-15.45.21:183][  0]LogD3D11RHI:     VendorId    : 8086
[2023.02.27-15.45.21:183][  0]LogD3D11RHI:     DeviceId    : 8a52
[2023.02.27-15.45.21:183][  0]LogD3D11RHI:     SubSysId    : 11621043
[2023.02.27-15.45.21:183][  0]LogD3D11RHI:     Revision    : 0007
[2023.02.27-15.45.21:183][  0]LogD3D11RHI:     DedicatedVideoMemory : 134217728 bytes
[2023.02.27-15.45.21:183][  0]LogD3D11RHI:     DedicatedSystemMemory : 0 bytes
[2023.02.27-15.45.21:183][  0]LogD3D11RHI:     SharedSystemMemory : 4128192512 bytes
[2023.02.27-15.45.21:183][  0]LogD3D11RHI:     AdapterLuid : 0 102393
[2023.02.27-15.45.21:193][  0]LogD3D11RHI: Creating new Direct3DDevice
[2023.02.27-15.45.21:193][  0]LogD3D11RHI:     GPU DeviceId: 0x8a52 (for the marketing name, search the web for "GPU Device Id")
[2023.02.27-15.45.21:193][  0]LogWindows: EnumDisplayDevices:
[2023.02.27-15.45.21:194][  0]LogWindows:    0. 'Intel(R) Iris(R) Plus Graphics' (P:1 D:1)
[2023.02.27-15.45.21:194][  0]LogWindows:    1. 'Intel(R) Iris(R) Plus Graphics' (P:0 D:0)
[2023.02.27-15.45.21:194][  0]LogWindows:    2. 'Intel(R) Iris(R) Plus Graphics' (P:0 D:0)
[2023.02.27-15.45.21:194][  0]LogWindows:    3. 'Intel(R) Iris(R) Plus Graphics' (P:0 D:0)
[2023.02.27-15.45.21:195][  0]LogWindows:    4. 'Intel(R) Iris(R) Plus Graphics' (P:0 D:0)
[2023.02.27-15.45.21:195][  0]LogWindows:    5. 'Intel(R) Iris(R) Plus Graphics' (P:0 D:0)
[2023.02.27-15.45.21:195][  0]LogWindows:    6. 'Intel(R) Iris(R) Plus Graphics' (P:0 D:0)
[2023.02.27-15.45.21:196][  0]LogWindows:    7. 'Intel(R) Iris(R) Plus Graphics' (P:0 D:0)
[2023.02.27-15.45.21:196][  0]LogWindows: DebugString: FoundDriverCount:8 
[2023.02.27-15.45.21:196][  0]LogD3D11RHI:     Adapter Name: Intel(R) Iris(R) Plus Graphics
[2023.02.27-15.45.21:196][  0]LogD3D11RHI:   Driver Version: 27.20.100.8190 (internal:27.20.100.8190, unified:27.20.100.8190)
[2023.02.27-15.45.21:196][  0]LogD3D11RHI:      Driver Date: 5-5-2020
[2023.02.27-15.45.21:196][  0]LogRHI: Texture pool is 1467 MB (70% of 2096 MB)
[2023.02.27-15.45.21:266][  0]LogD3D11RHI: Creating D3DDevice using adapter:
[2023.02.27-15.45.21:267][  0]LogD3D11RHI:     Description : Intel(R) Iris(R) Plus Graphics
[2023.02.27-15.45.21:267][  0]LogD3D11RHI:     VendorId    : 8086
[2023.02.27-15.45.21:267][  0]LogD3D11RHI:     DeviceId    : 8a52
[2023.02.27-15.45.21:267][  0]LogD3D11RHI:     SubSysId    : 11621043
[2023.02.27-15.45.21:267][  0]LogD3D11RHI:     Revision    : 0007
[2023.02.27-15.45.21:267][  0]LogD3D11RHI:     DedicatedVideoMemory : 134217728 bytes
[2023.02.27-15.45.21:267][  0]LogD3D11RHI:     DedicatedSystemMemory : 0 bytes
[2023.02.27-15.45.21:267][  0]LogD3D11RHI:     SharedSystemMemory : 4128192512 bytes
[2023.02.27-15.45.21:267][  0]LogD3D11RHI:     AdapterLuid : 0 102393
[2023.02.27-15.45.21:479][  0]LogD3D11RHI: RHI does not have support for 64 bit atomics
[2023.02.27-15.45.21:495][  0]LogD3D11RHI: Intel Extensions support version Full=16777216, Major=1, Minor=0, Revision=0
[2023.02.27-15.45.21:495][  0]LogD3D11RHI: Intel Extensions support version Full=16777217, Major=1, Minor=0, Revision=1
[2023.02.27-15.45.21:495][  0]LogD3D11RHI: Intel Extensions Framework enabled
[2023.02.27-15.45.21:496][  0]LogD3D11RHI: [IntelMetricsDiscovery] Started
[2023.02.27-15.45.21:496][  0]LogD3D11RHI: Async texture creation enabled
[2023.02.27-15.45.21:496][  0]LogD3D11RHI: Array index from any shader is supported
[2023.02.27-15.45.21:508][  0]LogD3D11RHI: GPU Timing Frequency: 19.200000 (Debug: 2 0)
[2023.02.27-15.45.22:007][  0]LogTargetPlatformManager: Display: Loaded TargetPlatform 'AllDesktop'
[2023.02.27-15.45.22:047][  0]LogTargetPlatformManager: Display: Loaded TargetPlatform 'Android'
[2023.02.27-15.45.22:047][  0]LogTargetPlatformManager: Display: Loaded TargetPlatform 'Android_ASTC'
[2023.02.27-15.45.22:047][  0]LogTargetPlatformManager: Display: Loaded TargetPlatform 'Android_DXT'
[2023.02.27-15.45.22:047][  0]LogTargetPlatformManager: Display: Loaded TargetPlatform 'Android_ETC2'
[2023.02.27-15.45.22:047][  0]LogTargetPlatformManager: Display: Loaded TargetPlatform 'AndroidClient'
[2023.02.27-15.45.22:047][  0]LogTargetPlatformManager: Display: Loaded TargetPlatform 'Android_ASTCClient'
[2023.02.27-15.45.22:047][  0]LogTargetPlatformManager: Display: Loaded TargetPlatform 'Android_DXTClient'
[2023.02.27-15.45.22:047][  0]LogTargetPlatformManager: Display: Loaded TargetPlatform 'Android_ETC2Client'
[2023.02.27-15.45.22:047][  0]LogTargetPlatformManager: Display: Loaded TargetPlatform 'Android_Multi'
[2023.02.27-15.45.22:047][  0]LogTargetPlatformManager: Display: Loaded TargetPlatform 'Android_MultiClient'
[2023.02.27-15.45.22:080][  0]LogTargetPlatformManager: Display: Loaded TargetPlatform 'IOSClient'
[2023.02.27-15.45.22:080][  0]LogTargetPlatformManager: Display: Loaded TargetPlatform 'IOS'
[2023.02.27-15.45.22:098][  0]LogTargetPlatformManager: Display: Loaded TargetPlatform 'Linux'
[2023.02.27-15.45.22:106][  0]LogTargetPlatformManager: Display: Loaded TargetPlatform 'LinuxNoEditor'
[2023.02.27-15.45.22:114][  0]LogTargetPlatformManager: Display: Loaded TargetPlatform 'LinuxClient'
[2023.02.27-15.45.22:122][  0]LogTargetPlatformManager: Display: Loaded TargetPlatform 'LinuxServer'
[2023.02.27-15.45.22:143][  0]LogTargetPlatformManager: Display: Loaded TargetPlatform 'LinuxAArch64NoEditor'
[2023.02.27-15.45.22:150][  0]LogTargetPlatformManager: Display: Loaded TargetPlatform 'LinuxAArch64Client'
[2023.02.27-15.45.22:159][  0]LogTargetPlatformManager: Display: Loaded TargetPlatform 'LinuxAArch64Server'
[2023.02.27-15.45.22:206][  0]LogTargetPlatformManager: Display: Loaded TargetPlatform 'Lumin'
[2023.02.27-15.45.22:206][  0]LogTargetPlatformManager: Display: Loaded TargetPlatform 'LuminClient'
[2023.02.27-15.45.22:225][  0]LogTargetPlatformManager: Display: Loaded TargetPlatform 'MacNoEditor'
[2023.02.27-15.45.22:230][  0]LogTargetPlatformManager: Display: Loaded TargetPlatform 'Mac'
[2023.02.27-15.45.22:236][  0]LogTargetPlatformManager: Display: Loaded TargetPlatform 'MacClient'
[2023.02.27-15.45.22:243][  0]LogTargetPlatformManager: Display: Loaded TargetPlatform 'MacServer'
[2023.02.27-15.45.22:258][  0]LogTargetPlatformManager: Display: Loaded TargetPlatform 'TVOSClient'
[2023.02.27-15.45.22:258][  0]LogTargetPlatformManager: Display: Loaded TargetPlatform 'TVOS'
[2023.02.27-15.45.22:275][  0]LogTargetPlatformManager: Display: Loaded TargetPlatform 'WindowsNoEditor'
[2023.02.27-15.45.22:282][  0]LogTargetPlatformManager: Display: Loaded TargetPlatform 'Windows'
[2023.02.27-15.45.22:290][  0]LogTargetPlatformManager: Display: Loaded TargetPlatform 'WindowsClient'
[2023.02.27-15.45.22:298][  0]LogTargetPlatformManager: Display: Loaded TargetPlatform 'WindowsServer'
[2023.02.27-15.45.22:298][  0]LogTargetPlatformManager: Display: Building Assets For Windows
[2023.02.27-15.45.22:312][  0]LogAudioDebug: Display: Lib vorbis DLL was dynamically loaded.
[2023.02.27-15.45.22:364][  0]LogTextureFormatOodle: Display: Oodle Texture 2.9.0 init RDO Off
[2023.02.27-15.45.22:415][  0]LogRendererCore: Ray tracing is disabled. Reason: r.RayTracing=0.
[2023.02.27-15.45.22:415][  0]LogShaderCompilers: Guid format shader working directory is -80 characters bigger than the processId version (../../../../../../Users/glanv/Documents/the illuminati is unreal/GlobalGameJam/ChallengeWeek2ElectricBoogaloo/GulliversTravels/Intermediate/Shaders/WorkingDirectory/8956/).
[2023.02.27-15.45.22:415][  0]LogShaderCompilers: Cleaned the shader compiler working directory 'C:/Users/glanv/AppData/Local/Temp/UnrealShaderWorkingDir/04B7D4CB414B470C3A4128A286935E16/'.
[2023.02.27-15.45.22:415][  0]LogXGEController: Cannot use XGE Controller as Incredibuild is not installed on this machine.
[2023.02.27-15.45.22:416][  0]LogShaderCompilers: Cannot use XGE Shader Compiler as Incredibuild is not installed on this machine.
[2023.02.27-15.45.22:416][  0]LogShaderCompilers: Display: Using Local Shader Compiler.
[2023.02.27-15.45.23:696][  0]LogDerivedDataCache: Display: Max Cache Size: 512 MB
[2023.02.27-15.45.23:986][  0]LogDerivedDataCache: Loaded boot cache 0.29s 94MB C:/Users/glanv/AppData/Local/UnrealEngine/4.27/DerivedDataCache/Boot.ddc.
[2023.02.27-15.45.23:986][  0]LogDerivedDataCache: Display: Loaded Boot cache: C:/Users/glanv/AppData/Local/UnrealEngine/4.27/DerivedDataCache/Boot.ddc
[2023.02.27-15.45.23:986][  0]LogDerivedDataCache: FDerivedDataBackendGraph:  Pak pak cache file ../../../../../../Users/glanv/Documents/the illuminati is unreal/GlobalGameJam/ChallengeWeek2ElectricBoogaloo/GulliversTravels/DerivedDataCache/DDC.ddp not found, will not use a pak cache.
[2023.02.27-15.45.23:986][  0]LogDerivedDataCache: Unable to find inner node Pak for hierarchical cache Hierarchy.
[2023.02.27-15.45.23:986][  0]LogDerivedDataCache: FDerivedDataBackendGraph:  CompressedPak pak cache file ../../../../../../Users/glanv/Documents/the illuminati is unreal/GlobalGameJam/ChallengeWeek2ElectricBoogaloo/GulliversTravels/DerivedDataCache/Compressed.ddp not found, will not use a pak cache.
[2023.02.27-15.45.23:986][  0]LogDerivedDataCache: Unable to find inner node CompressedPak for hierarchical cache Hierarchy.
[2023.02.27-15.45.24:017][  0]LogDerivedDataCache: Display: Pak cache opened for reading ../../../Engine/DerivedDataCache/Compressed.ddp.
[2023.02.27-15.45.24:017][  0]LogDerivedDataCache: FDerivedDataBackendGraph:  EnterprisePak pak cache file ../../../Enterprise/DerivedDataCache/Compressed.ddp not found, will not use a pak cache.
[2023.02.27-15.45.24:017][  0]LogDerivedDataCache: Unable to find inner node EnterprisePak for hierarchical cache Hierarchy.
[2023.02.27-15.45.24:037][  0]LogDerivedDataCache: Speed tests for C:/Users/glanv/AppData/Local/UnrealEngine/Common/DerivedDataCache took 0.02 seconds
[2023.02.27-15.45.24:037][  0]LogDerivedDataCache: Display: Performance to C:/Users/glanv/AppData/Local/UnrealEngine/Common/DerivedDataCache: Latency=0.15ms. RandomReadSpeed=81.21MBs, RandomWriteSpeed=125.71MBs. Assigned SpeedClass 'Local'
[2023.02.27-15.45.24:041][  0]LogDerivedDataCache: Using Local data cache path C:/Users/glanv/AppData/Local/UnrealEngine/Common/DerivedDataCache: Writable
[2023.02.27-15.45.24:041][  0]LogDerivedDataCache: Shared data cache path not found in *engine.ini, will not use an Shared cache.
[2023.02.27-15.45.24:041][  0]LogDerivedDataCache: Unable to find inner node Shared for hierarchical cache Hierarchy.
[2023.02.27-15.45.24:131][  0]LogSlate: Using FreeType 2.10.0
[2023.02.27-15.45.24:133][  0]LogSlate: SlateFontServices - WITH_FREETYPE: 1, WITH_HARFBUZZ: 1
[2023.02.27-15.45.24:183][  0]LogAssetRegistry: FAssetRegistry took 0.0051 seconds to start up
[2023.02.27-15.45.24:635][  0]LogInit: Selected Device Profile: [Windows]
[2023.02.27-15.45.24:635][  0]LogInit: Active device profile: [000001FB2D79F800][000001FB2BCC0440 49] Windows
[2023.02.27-15.45.24:636][  0]LogInit: Profiles: [000001FB2D79F800][000001FB2BCC0440 49] Windows, [000001FB2D770C00][000001FB2BCC8700 49] WindowsNoEditor, [000001FB2D79CC00][000001FB2BCCC9C0 49] WindowsServer, [000001FB2D773600][000001FB2BCD0C80 49] WindowsClient, [000001FB2D79F600][000001FB2BCD4F40 49] IOS, [000001FB2D770100][000001FB2BCC51C0 49] iPadAir, [000001FB2D79C500][000001FB2BCD9440 49] iPadAir2, [000001FB2D72CB00][000001FB2DF53980 49] IPadPro, [000001FB2D72CC00][000001FB2BCE19C0 49] iPadAir3, [000001FB2D79F400][000001FB2BCE8100 49] iPadAir4, [000001FB2D72FC00][000001FB2BCE43C0 49] iPadMini2, [000001FB2D79C400][000001FB2BCEC680 49] iPadMini3, [000001FB2D72D800][000001FB2DF56940 49] iPadMini4, [000001FB2D79F000][000001FB2DF5AC00 49] iPadMini5, [000001FB2D773000][000001FB2DF6F140 49] iPhone6, [000001FB2D772F00][000001FB2DF5F180 49] iPodTouch6, [000001FB2D72F400][000001FB2DF73640 49] iPhone7, [000001FB2D72F300][000001FB2BCDD680 49] iPodTouch7, [000001FB2D773800][000001FB2DF6B940 49] iPhone5S, [000001FB2D72FD00][000001FB2DF63C00 49] iPhone6Plus, [000001FB2D772500][000001FB2DF76340 49] iPhone6S, [000001FB2D72EA00][000001FB2DF7A600 49] iPhone6SPlus, [000001FB2D770A00][000001FB2DF828C0 49] iPhone7Plus, [000001FB2D72D100][000001FB2DF86B80 49] iPhoneSE, [000001FB2D772100][000001FB2DF8AE40 49] iPhone8, [000001FB2D72E600][000001FB2DF8F100 49] iPhone8Plus, [000001FB2D770800][000001FB2DF9B3C0 49] iPhoneX, [000001FB2D72D300][000001FB2DF67640 49] iPhoneXS, [000001FB2D771E00][000001FB2DF9F8C0 49] iPhoneXSMax, [000001FB2D72E300][000001FB2DFA7B80 49] iPhoneXR, [000001FB2D771100][000001FB2DFAA2C0 49] iPhone11, [000001FB2D72ED00][000001FB2DFAE580 49] iPhone11Pro, [000001FB2D773500][000001FB2DFB2840 49] iPhone11ProMax, [000001FB2D72FA00][000001FB2DFB6B00 49] iPhoneSE2, [000001FB2D771300][000001FB2DFBADC0 49] iPhone12Mini, [000001FB2D72F600][000001FB2DFBF080 49] iPhone12, [000001FB2D773A00][000001FB2DFC3340 49] iPhone12Pro, [000001FB2D72E100][000001FB2DFC7600 49] iPhone12ProMax, [000001FB2D771500][000001FB2DFA3880 49] iPadPro105, [000001FB2D72E200][000001FB2DFCBB00 49] iPadPro129, [000001FB2D771A00][000001FB2DFD2240 49] iPadPro97, [000001FB2D72D900][000001FB2DFD6500 49] iPadPro2_129, [000001FB2D771700][000001FB2DFDA7C0 49] iPad5, [000001FB2D72DE00][000001FB2DFDEA80 49] iPad6, [000001FB2D771800][000001FB2DFE2D40 49] iPad7, [000001FB2D72EB00][000001FB2DFE7000 49] iPad8, [000001FB2D771D00][000001FB2DFEB2C0 49] iPadPro11, [000001FB2D72E800][000001FB2DFEF580 49] iPadPro2_11, [000001FB2D773900][000001FB2DFF3840 49] iPadPro3_129, [000001FB2D72C800][000001FB2DFCFAC0 49] iPadPro4_129, [000001FB2D771000][000001FB2DFF61C0 49] AppleTV, [000001FB2D72F100][000001FB2DFFE480 49] AppleTV4K, [000001FB2D773F00][000001FB2E002740 49] TVOS, [000001FB2D72CA00][000001FB2E006A00 49] Mac, [000001FB2D771400][000001FB2E00ACC0 49] MacClient, [000001FB2D72D200][000001FB2E00EF80 49] MacNoEditor, [000001FB2D772400][000001FB2E013240 49] MacServer, [000001FB2D72E700][000001FB2E017500 49] Linux, [000001FB2D772700][000001FB2E01B7C0 49] LinuxAArch64, [000001FB2D72DC00][000001FB2E01FA80 49] LinuxNoEditor, [000001FB2D771900][000001FB2DFFA180 49] LinuxAArch64NoEditor, [000001FB2D72D400][000001FB2E022400 49] LinuxClient, [000001FB2D773200][000001FB2E02A6C0 49] LinuxAArch64Client, [000001FB2D72D500][000001FB2E02E980 49] LinuxServer, [000001FB2D79D100][000001FB2E032C40 49] LinuxAArch64Server, [000001FB2D7F9100][000001FB2E036F00 49] Android, [000001FB2D79ED00][000001FB2E03B1C0 49] Android_Low, [000001FB2D7F8100][000001FB2E03F480 49] Android_Mid, [000001FB2D79E100][000001FB2E043740 49] Android_High, [000001FB2D7F9300][000001FB2E047A00 49] Android_Default, [000001FB2D79D500][000001FB2E04A140 49] Android_Adreno4xx, [000001FB2D7F8800][000001FB2E0263C0 49] Android_Adreno5xx_Low, [000001FB2D79FE00][000001FB2E04E640 49] Android_Adreno5xx, [000001FB2D7F9A00][000001FB2E056900 49] Android_Adreno6xx, [000001FB2D79E300][000001FB2E05ABC0 49] Android_Adreno6xx_Vulkan, [000001FB2D7F8C00][000001FB2E05EE80 49] Android_Mali_T6xx, [000001FB2D79E700][000001FB2E063140 49] Android_Mali_T7xx, [000001FB2D7FA100][000001FB2E067400 49] Android_Mali_T8xx, [000001FB2D79EA00][000001FB2E06B6C0 49] Android_Mali_G71, [000001FB2D7F9900][000001FB2E06F980 49] Android_Mali_G72, [000001FB2D79D800][000001FB2E0720C0 49] Android_Mali_G72_Vulkan, [000001FB2D7F9000][000001FB2E076380 49] Android_Mali_G76, [000001FB2D79EB00][000001FB2E052600 49] Android_Mali_G76_Vulkan, [000001FB2D7F8300][000001FB2E07E8C0 49] Android_Mali_G77, [000001FB2D72F500][000001FB2E082B80 49] Android_Mali_G77_Vulkan, [000001FB2D772900][000001FB2E086E40 49] Android_Mali_G78, [000001FB2D72CE00][000001FB2E08B100 49] Android_Mali_G78_Vulkan, [000001FB2D772000][000001FB2E08F3C0 49] Android_Mali_G710, [000001FB2D72C400][000001FB2E093680 49] Android_Mali_G710_Vulkan, [000001FB2D773E00][000001FB2E097940 49] Android_Vulkan_SM5, [000001FB2D72DF00][000001FB2E09BC00 49] Android_PowerVR_G6xxx, [000001FB2D772D00][000001FB2E09E340 49] Android_PowerVR_GT7xxx, [000001FB2D7F8F00][000001FB2E07A5C0 49] Android_PowerVR_GE8xxx, [000001FB2D771B00][000001FB2E0A2840 49] Android_PowerVR_GM9xxx, [000001FB2D7F8B00][000001FB2E0B6B00 49] Android_PowerVR_GM9xxx_Vulkan, [000001FB2D772200][000001FB2E0E6DC0 49] Android_TegraK1, [000001FB2D7F9D00][000001FB1DA65080 49] Android_Unknown_Vulkan, [000001FB2D772A00][000001FB1DA69340 49] Lumin, [000001FB2D7F9600][000001FB2E0EB600 49] Lumin_Desktop, [000001FB2D770900][000001FB2E0EF8C0 49] HoloLens, 
[2023.02.27-15.45.24:949][  0]LogMeshReduction: Using QuadricMeshReduction for automatic static mesh reduction
[2023.02.27-15.45.24:949][  0]LogMeshReduction: Using SimplygonMeshReduction for automatic skeletal mesh reduction
[2023.02.27-15.45.24:949][  0]LogMeshReduction: Using ProxyLODMeshReduction for automatic mesh merging
[2023.02.27-15.45.24:949][  0]LogMeshReduction: No distributed automatic mesh merging module available
[2023.02.27-15.45.24:949][  0]LogMeshMerging: No distributed automatic mesh merging module available
[2023.02.27-15.45.24:981][  0]LogNetVersion: GulliversTravels 1.0.0, NetCL: 17155196, EngineNetVer: 17, GameNetVer: 0 (Checksum: 2414561530)
[2023.02.27-15.45.26:221][  0]LogTexture: Default maximum texture size for cubemaps generated from long-lat sources has been changed from 512 to unlimited. In order to preserve old behaiour for '/Engine/MapTemplates/Sky/DaylightAmbientCubemap.DaylightAmbientCubemap', its maximum texture size has been explicitly set to 512.
[2023.02.27-15.45.26:487][  0]LogHMD: PokeAHoleMaterial loaded successfully
[2023.02.27-15.45.26:565][  0]LogUObjectArray: 17178 objects as part of root set at end of initial load.
[2023.02.27-15.45.26:565][  0]LogUObjectAllocator: 4302048 out of 0 bytes used by permanent object pool.
[2023.02.27-15.45.26:565][  0]LogUObjectArray: CloseDisregardForGC: 0/0 objects in disregard for GC pool
[2023.02.27-15.45.27:396][  0]LogNiagaraDebuggerClient: Niagara Debugger Client Initialized | Session: 655363D44FA7186196E1C69C8B82F69B | Instance: 0021FBFE44EA5BCED5D70DB7671387CD (LAPTOP-65GLB3NF-8956).
[2023.02.27-15.45.28:114][  0]LogPython: Using Python 3.7.7
[2023.02.27-15.45.29:445][  0]LogTcpMessaging: Initializing TcpMessaging bridge
[2023.02.27-15.45.29:456][  0]LogUdpMessaging: Initializing bridge on interface 0.0.0.0:0 to multicast group 230.0.0.1:6666.
[2023.02.27-15.45.30:057][  0]SourceControl: Source control is disabled
[2023.02.27-15.45.30:058][  0]SourceControl: Source control is disabled
[2023.02.27-15.45.30:109][  0]SourceControl: Source control is disabled
[2023.02.27-15.45.30:159][  0]SourceControl: Source control is disabled
[2023.02.27-15.45.30:169][  0]SourceControl: Source control is disabled
[2023.02.27-15.45.30:529][  0]LogOpenImageDenoise: OIDN starting up
[2023.02.27-15.45.30:593][  0]LogUProjectInfo: Found projects:
[2023.02.27-15.45.30:870][  0]LogAndroidPermission: UAndroidPermissionCallbackProxy::GetInstance
[2023.02.27-15.45.30:930][  0]LogAudioCaptureCore: Display: No Audio Capture implementations found. Audio input will be silent.
[2023.02.27-15.45.30:930][  0]LogAudioCaptureCore: Display: No Audio Capture implementations found. Audio input will be silent.
[2023.02.27-15.45.31:323][  0]LogCollectionManager: Loaded 0 collections in 0.003378 seconds
[2023.02.27-15.45.31:381][  0]LogFileCache: Scanning file cache for directory 'C:/Users/glanv/Documents/the illuminati is unreal/GlobalGameJam/ChallengeWeek2ElectricBoogaloo/GulliversTravels/Saved/Collections/' took 0.00s
[2023.02.27-15.45.31:381][  0]LogFileCache: Scanning file cache for directory 'C:/Users/glanv/Documents/the illuminati is unreal/GlobalGameJam/ChallengeWeek2ElectricBoogaloo/GulliversTravels/Content/Developers/glanv/Collections/' took 0.00s
[2023.02.27-15.45.31:381][  0]LogFileCache: Scanning file cache for directory 'C:/Users/glanv/Documents/the illuminati is unreal/GlobalGameJam/ChallengeWeek2ElectricBoogaloo/GulliversTravels/Content/Collections/' took 0.00s
[2023.02.27-15.45.31:381][  0]LogOcInput: OculusInput pre-init called
[2023.02.27-15.45.31:846][  0]LogEngine: Initializing Engine...
[2023.02.27-15.45.31:854][  0]LogHMD: Failed to enumerate extensions. Please check that you have a valid OpenXR runtime installed.
[2023.02.27-15.45.31:855][  0]LogHMD: Failed to initialize OpenVR with code 110
[2023.02.27-15.45.31:855][  0]LogMagicLeap: Warning: VR disabled because ZI is not enabled.  To enable, in the editor, Edit -> Project Settings -> Plugins -> Magic Leap Plugin -> Enable Zero Iteration
[2023.02.27-15.45.31:860][  0]LogStats: UGameplayTagsManager::InitializeManager -  0.001 s
[2023.02.27-15.45.32:115][  0]LogInit: Initializing FReadOnlyCVARCache
[2023.02.27-15.45.32:154][  0]LogAIModule: Creating AISystem for world Untitled
[2023.02.27-15.45.32:163][  0]LogAudio: Display: Initializing Audio Device Manager...
[2023.02.27-15.45.32:170][  0]LogAudio: Display: Loading Default Audio Settings Objects...
[2023.02.27-15.45.32:171][  0]LogAudio: Display: No default SoundConcurrencyObject specified (or failed to load).
[2023.02.27-15.45.32:176][  0]LogAudio: Display: Audio Device Manager Initialized
[2023.02.27-15.45.32:176][  0]LogAudio: Display: Creating Audio Device:                 Id: 1, Scope: Shared, Realtime: True
[2023.02.27-15.45.32:181][  0]LogAudioMixer: Display: Audio Mixer Platform Settings:
[2023.02.27-15.45.32:181][  0]LogAudioMixer: Display: 	Sample Rate:						  48000
[2023.02.27-15.45.32:182][  0]LogAudioMixer: Display: 	Callback Buffer Frame Size Requested: 1024
[2023.02.27-15.45.32:182][  0]LogAudioMixer: Display: 	Callback Buffer Frame Size To Use:	  1024
[2023.02.27-15.45.32:182][  0]LogAudioMixer: Display: 	Number of buffers to queue:			  2
[2023.02.27-15.45.32:182][  0]LogAudioMixer: Display: 	Max Channels (voices):				  32
[2023.02.27-15.45.32:182][  0]LogAudioMixer: Display: 	Number of Async Source Workers:		  0
[2023.02.27-15.45.32:182][  0]LogAudio: Display: AudioDevice MaxSources: 32
[2023.02.27-15.45.32:188][  0]LogAudio: Display: Audio Spatialization Plugin: None (built-in).
[2023.02.27-15.45.32:188][  0]LogAudio: Display: Audio Reverb Plugin: None (built-in).
[2023.02.27-15.45.32:188][  0]LogAudio: Display: Audio Occlusion Plugin: None (built-in).
[2023.02.27-15.45.32:188][  0]LogAudioMixer: Display: Initializing audio mixer.
[2023.02.27-15.45.32:229][  0]LogAudioMixer: Display: 0: FrontLeft
[2023.02.27-15.45.32:229][  0]LogAudioMixer: Display: 1: FrontRight
[2023.02.27-15.45.32:463][  0]LogAudioMixer: Display: Using Audio Device Speakers (Realtek(R) Audio)
[2023.02.27-15.45.32:478][  0]LogAudioMixer: Display: Initializing Sound Submixes...
[2023.02.27-15.45.32:482][  0]LogAudioMixer: Display: Creating Master Submix 'MasterSubmixDefault'
[2023.02.27-15.45.32:483][  0]LogAudioMixer: Display: Creating Master Submix 'MasterReverbSubmixDefault'
[2023.02.27-15.45.32:499][  0]LogAudioMixer: Display: Creating Master Submix 'MasterEQSubmixDefault'
[2023.02.27-15.45.32:500][  0]LogAudioMixer: FMixerPlatformXAudio2::StartAudioStream() called
[2023.02.27-15.45.32:500][  0]LogAudioMixer: Display: Output buffers initialized: Frames=1024, Channels=2, Samples=2048
[2023.02.27-15.45.32:502][  0]LogAudioMixer: Display: Starting AudioMixerPlatformInterface::RunInternal()
[2023.02.27-15.45.32:502][  0]LogAudioMixer: Display: FMixerPlatformXAudio2::SubmitBuffer() called for the first time
[2023.02.27-15.45.32:502][  0]LogInit: FAudioDevice initialized.
[2023.02.27-15.45.32:507][  0]LogAudio: Display: Audio Device (ID: 1) registered with world 'Untitled'.
[2023.02.27-15.45.32:510][  0]LogNetVersion: Set ProjectVersion to 1.0.0.0. Version Checksum will be recalculated on next use.
[2023.02.27-15.45.32:599][  0]LogDerivedDataCache: Saved boot cache 0.09s 94MB C:/Users/glanv/AppData/Local/UnrealEngine/4.27/DerivedDataCache/Boot.ddc.
[2023.02.27-15.45.32:604][  0]LogInit: Texture streaming: Enabled
[2023.02.27-15.45.32:661][  0]LogAnalytics: Display: [UEEditor.Rocket.Release] APIServer = https://datarouter.ol.epicgames.com/. AppVersion = 4.27.2-18319896+++UE4+Release-4.27
[2023.02.27-15.45.32:686][  0]LogEngineSessionManager: EngineSessionManager initialized
[2023.02.27-15.45.32:688][  0]LogEditorSessionSummary: Verbose: Initializing EditorSessionSummaryWriter for editor session tracking
[2023.02.27-15.45.32:695][  0]LogEditorSessionSummary: EditorSessionSummaryWriter initialized
[2023.02.27-15.45.32:952][  0]LogInit: Transaction tracking system initialized
[2023.02.27-15.45.33:037][  0]BlueprintLog: New page: Editor Load
[2023.02.27-15.45.33:340][  0]LocalizationService: Localization service is disabled
[2023.02.27-15.45.33:398][  0]TimingProfiler: Initialize
[2023.02.27-15.45.33:398][  0]TimingProfiler: OnSessionChanged
[2023.02.27-15.45.33:398][  0]LoadingProfiler: Initialize
[2023.02.27-15.45.33:398][  0]LoadingProfiler: OnSessionChanged
[2023.02.27-15.45.33:398][  0]NetworkingProfiler: Initialize
[2023.02.27-15.45.33:398][  0]NetworkingProfiler: OnSessionChanged
[2023.02.27-15.45.33:398][  0]MemoryProfiler: Initialize
[2023.02.27-15.45.33:398][  0]MemoryProfiler: OnSessionChanged
[2023.02.27-15.45.33:701][  0]LogCook: Display: CookSettings for Memory: MemoryMaxUsedVirtual 0MiB, MemoryMaxUsedPhysical 16384MiB, MemoryMinFreeVirtual 0MiB, MemoryMinFreePhysical 1024MiB
[2023.02.27-15.45.33:702][  0]LogCook: Display: Mobile HDR setting 1
[2023.02.27-15.45.34:058][  0]LogFileCache: Scanning file cache for directory 'C:/Users/glanv/Documents/the illuminati is unreal/GlobalGameJam/ChallengeWeek2ElectricBoogaloo/GulliversTravels/Content/' took 0.00s
[2023.02.27-15.45.34:367][  0]LogInit: Display: Engine is initialized. Leaving FEngineLoop::Init()
[2023.02.27-15.45.34:378][  0]SourceControl: Source control is disabled
[2023.02.27-15.45.34:378][  0]LogUnrealEdMisc: Loading editor; pre map load, took 16.700
[2023.02.27-15.45.34:380][  0]LightingResults: New page: Lighting Build
[2023.02.27-15.45.34:384][  0]LogWorld: UWorld::CleanupWorld for Untitled, bSessionEnded=true, bCleanupResources=true
[2023.02.27-15.45.34:385][  0]LogSlate: InvalidateAllWidgets triggered.  All widgets were invalidated
[2023.02.27-15.45.34:385][  0]MapCheck: New page: Map Check
[2023.02.27-15.45.34:385][  0]LightingResults: New page: Lighting Build
[2023.02.27-15.45.34:394][  0]LogAudio: Display: Audio Device unregistered from world 'None'.
[2023.02.27-15.45.34:401][  0]LogUObjectHash: Compacting FUObjectHashTables data took   1.18ms
[2023.02.27-15.45.34:496][  0]LogTexture: Display: Building textures: DeprecatedTextureD6C57B644F03DADF4F2699848FAEA3C3 (BGRA8, 128X128)
[2023.02.27-15.45.34:507][  0]LogTexture: Display: Building textures: DeprecatedTexture8D91C9AE4C6B8D628CDA3C848426284A (BGRA8, 128X128)
[2023.02.27-15.45.34:576][  0]LogAudio: Display: Audio Device (ID: 1) registered with world 'Minimal_Default'.
[2023.02.27-15.45.34:578][  0]LogAIModule: Creating AISystem for world Minimal_Default
[2023.02.27-15.45.34:593][  0]LogEditorServer: Finished looking for orphan Actors (0.000 secs)
[2023.02.27-15.45.34:626][  0]LogUObjectHash: Compacting FUObjectHashTables data took   0.95ms
[2023.02.27-15.45.34:627][  0]Cmd: MAP CHECKDEP NOCLEARLOG
[2023.02.27-15.45.34:627][  0]MapCheck: Map check complete: 0 Error(s), 0 Warning(s), took 0.415ms to complete.
[2023.02.27-15.45.34:627][  0]LogFileHelpers: Loading map 'Minimal_Default' took 0.249
[2023.02.27-15.45.34:639][  0]LogUnrealEdMisc: Total Editor Startup Time, took 16.961
[2023.02.27-15.45.34:862][  0]LogSlate: Updating window title bar state: overlay mode, drag disabled, window buttons hidden, title bar hidden
[2023.02.27-15.45.34:870][  0]LogSlate: Updating window title bar state: overlay mode, drag disabled, window buttons hidden, title bar hidden
[2023.02.27-15.45.34:879][  0]LogSlate: Updating window title bar state: overlay mode, drag disabled, window buttons hidden, title bar hidden
[2023.02.27-15.45.34:887][  0]LogSlate: Updating window title bar state: overlay mode, drag disabled, window buttons hidden, title bar hidden
[2023.02.27-15.45.34:928][  0]LogNativeClassHierarchy: Verbose: Native class hierarchy populated in 0.0130 seconds. Added 3822 classes and 928 folders.
[2023.02.27-15.45.34:940][  0]LogNativeClassHierarchy: Verbose: Native class hierarchy updated for 'WidgetCarousel' in 0.0003 seconds. Added 0 classes and 0 folders.
[2023.02.27-15.45.34:947][  0]LogPakFile: PakFile PrimaryIndexSize=187
[2023.02.27-15.45.34:947][  0]LogPakFile: PakFile PathHashIndexSize=101
[2023.02.27-15.45.34:947][  0]LogPakFile: PakFile FullDirectoryIndexSize=148
[2023.02.27-15.45.34:948][  0]LogShaderLibrary: Display: ShaderCodeLibraryPakFileMountedCallback: PakFile 'C:/Program Files/Epic Games/UE_4.27/FeaturePacks/FP_FirstPerson.upack' (chunk index -1, root 'root:/') mounted
[2023.02.27-15.45.34:948][  0]LogShaderLibrary: Display: ShaderCodeLibraryPakFileMountedCallback: pending pak file info (ChunkID:-1 Root:root:/ File:C:/Program Files/Epic Games/UE_4.27/FeaturePacks/FP_FirstPerson.upack)
[2023.02.27-15.45.34:948][  0]LogPakFile: OnPakFileMounted2Time == 0.000758
[2023.02.27-15.45.34:953][  0]LogPakFile: PakFile PrimaryIndexSize=189
[2023.02.27-15.45.34:953][  0]LogPakFile: PakFile PathHashIndexSize=101
[2023.02.27-15.45.34:953][  0]LogPakFile: PakFile FullDirectoryIndexSize=152
[2023.02.27-15.45.34:953][  0]LogShaderLibrary: Display: ShaderCodeLibraryPakFileMountedCallback: PakFile 'C:/Program Files/Epic Games/UE_4.27/FeaturePacks/FP_FirstPersonBP.upack' (chunk index -1, root 'root:/') mounted
[2023.02.27-15.45.34:953][  0]LogShaderLibrary: Display: ShaderCodeLibraryPakFileMountedCallback: pending pak file info (ChunkID:-1 Root:root:/ File:C:/Program Files/Epic Games/UE_4.27/FeaturePacks/FP_FirstPersonBP.upack)
[2023.02.27-15.45.34:953][  0]LogPakFile: OnPakFileMounted2Time == 0.000059
[2023.02.27-15.45.34:956][  0]LogPakFile: PakFile PrimaryIndexSize=191
[2023.02.27-15.45.34:956][  0]LogPakFile: PakFile PathHashIndexSize=101
[2023.02.27-15.45.34:956][  0]LogPakFile: PakFile FullDirectoryIndexSize=160
[2023.02.27-15.45.34:956][  0]LogShaderLibrary: Display: ShaderCodeLibraryPakFileMountedCallback: PakFile 'C:/Program Files/Epic Games/UE_4.27/FeaturePacks/MobileStarterContent.upack' (chunk index -1, root 'root:/') mounted
[2023.02.27-15.45.34:956][  0]LogShaderLibrary: Display: ShaderCodeLibraryPakFileMountedCallback: pending pak file info (ChunkID:-1 Root:root:/ File:C:/Program Files/Epic Games/UE_4.27/FeaturePacks/MobileStarterContent.upack)
[2023.02.27-15.45.34:956][  0]LogPakFile: OnPakFileMounted2Time == 0.000039
[2023.02.27-15.45.34:958][  0]LogPakFile: PakFile PrimaryIndexSize=185
[2023.02.27-15.45.34:958][  0]LogPakFile: PakFile PathHashIndexSize=101
[2023.02.27-15.45.34:958][  0]LogPakFile: PakFile FullDirectoryIndexSize=148
[2023.02.27-15.45.34:958][  0]LogShaderLibrary: Display: ShaderCodeLibraryPakFileMountedCallback: PakFile 'C:/Program Files/Epic Games/UE_4.27/FeaturePacks/StarterContent.upack' (chunk index -1, root 'root:/') mounted
[2023.02.27-15.45.34:958][  0]LogShaderLibrary: Display: ShaderCodeLibraryPakFileMountedCallback: pending pak file info (ChunkID:-1 Root:root:/ File:C:/Program Files/Epic Games/UE_4.27/FeaturePacks/StarterContent.upack)
[2023.02.27-15.45.34:958][  0]LogPakFile: OnPakFileMounted2Time == 0.000079
[2023.02.27-15.45.34:960][  0]LogPakFile: PakFile PrimaryIndexSize=190
[2023.02.27-15.45.34:960][  0]LogPakFile: PakFile PathHashIndexSize=101
[2023.02.27-15.45.34:960][  0]LogPakFile: PakFile FullDirectoryIndexSize=154
[2023.02.27-15.45.34:960][  0]LogShaderLibrary: Display: ShaderCodeLibraryPakFileMountedCallback: PakFile 'C:/Program Files/Epic Games/UE_4.27/FeaturePacks/TP_2DSideScroller.upack' (chunk index -1, root 'root:/') mounted
[2023.02.27-15.45.34:960][  0]LogShaderLibrary: Display: ShaderCodeLibraryPakFileMountedCallback: pending pak file info (ChunkID:-1 Root:root:/ File:C:/Program Files/Epic Games/UE_4.27/FeaturePacks/TP_2DSideScroller.upack)
[2023.02.27-15.45.34:960][  0]LogPakFile: OnPakFileMounted2Time == 0.000037
[2023.02.27-15.45.34:962][  0]LogPakFile: PakFile PrimaryIndexSize=192
[2023.02.27-15.45.34:962][  0]LogPakFile: PakFile PathHashIndexSize=101
[2023.02.27-15.45.34:962][  0]LogPakFile: PakFile FullDirectoryIndexSize=158
[2023.02.27-15.45.34:962][  0]LogShaderLibrary: Display: ShaderCodeLibraryPakFileMountedCallback: PakFile 'C:/Program Files/Epic Games/UE_4.27/FeaturePacks/TP_2DSideScrollerBP.upack' (chunk index -1, root 'root:/') mounted
[2023.02.27-15.45.34:962][  0]LogShaderLibrary: Display: ShaderCodeLibraryPakFileMountedCallback: pending pak file info (ChunkID:-1 Root:root:/ File:C:/Program Files/Epic Games/UE_4.27/FeaturePacks/TP_2DSideScrollerBP.upack)
[2023.02.27-15.45.34:962][  0]LogPakFile: OnPakFileMounted2Time == 0.000044
[2023.02.27-15.45.34:964][  0]LogPakFile: PakFile PrimaryIndexSize=182
[2023.02.27-15.45.34:964][  0]LogPakFile: PakFile PathHashIndexSize=101
[2023.02.27-15.45.34:964][  0]LogPakFile: PakFile FullDirectoryIndexSize=138
[2023.02.27-15.45.34:964][  0]LogShaderLibrary: Display: ShaderCodeLibraryPakFileMountedCallback: PakFile 'C:/Program Files/Epic Games/UE_4.27/FeaturePacks/TP_Flying.upack' (chunk index -1, root 'root:/') mounted
[2023.02.27-15.45.34:964][  0]LogShaderLibrary: Display: ShaderCodeLibraryPakFileMountedCallback: pending pak file info (ChunkID:-1 Root:root:/ File:C:/Program Files/Epic Games/UE_4.27/FeaturePacks/TP_Flying.upack)
[2023.02.27-15.45.34:964][  0]LogPakFile: OnPakFileMounted2Time == 0.000099
[2023.02.27-15.45.34:966][  0]LogPakFile: PakFile PrimaryIndexSize=184
[2023.02.27-15.45.34:966][  0]LogPakFile: PakFile PathHashIndexSize=101
[2023.02.27-15.45.34:966][  0]LogPakFile: PakFile FullDirectoryIndexSize=142
[2023.02.27-15.45.34:966][  0]LogShaderLibrary: Display: ShaderCodeLibraryPakFileMountedCallback: PakFile 'C:/Program Files/Epic Games/UE_4.27/FeaturePacks/TP_FlyingBP.upack' (chunk index -1, root 'root:/') mounted
[2023.02.27-15.45.34:966][  0]LogShaderLibrary: Display: ShaderCodeLibraryPakFileMountedCallback: pending pak file info (ChunkID:-1 Root:root:/ File:C:/Program Files/Epic Games/UE_4.27/FeaturePacks/TP_FlyingBP.upack)
[2023.02.27-15.45.34:966][  0]LogPakFile: OnPakFileMounted2Time == 0.000043
[2023.02.27-15.45.34:968][  0]LogPakFile: PakFile PrimaryIndexSize=188
[2023.02.27-15.45.34:968][  0]LogPakFile: PakFile PathHashIndexSize=101
[2023.02.27-15.45.34:968][  0]LogPakFile: PakFile FullDirectoryIndexSize=150
[2023.02.27-15.45.34:968][  0]LogShaderLibrary: Display: ShaderCodeLibraryPakFileMountedCallback: PakFile 'C:/Program Files/Epic Games/UE_4.27/FeaturePacks/TP_HandheldARBP.upack' (chunk index -1, root 'root:/') mounted
[2023.02.27-15.45.34:968][  0]LogShaderLibrary: Display: ShaderCodeLibraryPakFileMountedCallback: pending pak file info (ChunkID:-1 Root:root:/ File:C:/Program Files/Epic Games/UE_4.27/FeaturePacks/TP_HandheldARBP.upack)
[2023.02.27-15.45.34:968][  0]LogPakFile: OnPakFileMounted2Time == 0.000059
[2023.02.27-15.45.34:972][  0]LogPakFile: PakFile PrimaryIndexSize=182
[2023.02.27-15.45.34:972][  0]LogPakFile: PakFile PathHashIndexSize=101
[2023.02.27-15.45.34:972][  0]LogPakFile: PakFile FullDirectoryIndexSize=138
[2023.02.27-15.45.34:972][  0]LogShaderLibrary: Display: ShaderCodeLibraryPakFileMountedCallback: PakFile 'C:/Program Files/Epic Games/UE_4.27/FeaturePacks/TP_Puzzle.upack' (chunk index -1, root 'root:/') mounted
[2023.02.27-15.45.34:972][  0]LogShaderLibrary: Display: ShaderCodeLibraryPakFileMountedCallback: pending pak file info (ChunkID:-1 Root:root:/ File:C:/Program Files/Epic Games/UE_4.27/FeaturePacks/TP_Puzzle.upack)
[2023.02.27-15.45.34:972][  0]LogPakFile: OnPakFileMounted2Time == 0.000048
[2023.02.27-15.45.34:974][  0]LogPakFile: PakFile PrimaryIndexSize=184
[2023.02.27-15.45.34:975][  0]LogPakFile: PakFile PathHashIndexSize=101
[2023.02.27-15.45.34:975][  0]LogPakFile: PakFile FullDirectoryIndexSize=142
[2023.02.27-15.45.34:975][  0]LogShaderLibrary: Display: ShaderCodeLibraryPakFileMountedCallback: PakFile 'C:/Program Files/Epic Games/UE_4.27/FeaturePacks/TP_PuzzleBP.upack' (chunk index -1, root 'root:/') mounted
[2023.02.27-15.45.34:975][  0]LogShaderLibrary: Display: ShaderCodeLibraryPakFileMountedCallback: pending pak file info (ChunkID:-1 Root:root:/ File:C:/Program Files/Epic Games/UE_4.27/FeaturePacks/TP_PuzzleBP.upack)
[2023.02.27-15.45.34:975][  0]LogPakFile: OnPakFileMounted2Time == 0.000064
[2023.02.27-15.45.34:977][  0]LogPakFile: PakFile PrimaryIndexSize=183
[2023.02.27-15.45.34:977][  0]LogPakFile: PakFile PathHashIndexSize=101
[2023.02.27-15.45.34:977][  0]LogPakFile: PakFile FullDirectoryIndexSize=140
[2023.02.27-15.45.34:977][  0]LogShaderLibrary: Display: ShaderCodeLibraryPakFileMountedCallback: PakFile 'C:/Program Files/Epic Games/UE_4.27/FeaturePacks/TP_Rolling.upack' (chunk index -1, root 'root:/') mounted
[2023.02.27-15.45.34:977][  0]LogShaderLibrary: Display: ShaderCodeLibraryPakFileMountedCallback: pending pak file info (ChunkID:-1 Root:root:/ File:C:/Program Files/Epic Games/UE_4.27/FeaturePacks/TP_Rolling.upack)
[2023.02.27-15.45.34:977][  0]LogPakFile: OnPakFileMounted2Time == 0.000044
[2023.02.27-15.45.34:978][  0]LogPakFile: PakFile PrimaryIndexSize=185
[2023.02.27-15.45.34:978][  0]LogPakFile: PakFile PathHashIndexSize=101
[2023.02.27-15.45.34:978][  0]LogPakFile: PakFile FullDirectoryIndexSize=144
[2023.02.27-15.45.34:978][  0]LogShaderLibrary: Display: ShaderCodeLibraryPakFileMountedCallback: PakFile 'C:/Program Files/Epic Games/UE_4.27/FeaturePacks/TP_RollingBP.upack' (chunk index -1, root 'root:/') mounted
[2023.02.27-15.45.34:978][  0]LogShaderLibrary: Display: ShaderCodeLibraryPakFileMountedCallback: pending pak file info (ChunkID:-1 Root:root:/ File:C:/Program Files/Epic Games/UE_4.27/FeaturePacks/TP_RollingBP.upack)
[2023.02.27-15.45.34:978][  0]LogPakFile: OnPakFileMounted2Time == 0.000053
[2023.02.27-15.45.34:980][  0]LogPakFile: PakFile PrimaryIndexSize=188
[2023.02.27-15.45.34:981][  0]LogPakFile: PakFile PathHashIndexSize=101
[2023.02.27-15.45.34:981][  0]LogPakFile: PakFile FullDirectoryIndexSize=150
[2023.02.27-15.45.34:981][  0]LogShaderLibrary: Display: ShaderCodeLibraryPakFileMountedCallback: PakFile 'C:/Program Files/Epic Games/UE_4.27/FeaturePacks/TP_SideScroller.upack' (chunk index -1, root 'root:/') mounted
[2023.02.27-15.45.34:981][  0]LogShaderLibrary: Display: ShaderCodeLibraryPakFileMountedCallback: pending pak file info (ChunkID:-1 Root:root:/ File:C:/Program Files/Epic Games/UE_4.27/FeaturePacks/TP_SideScroller.upack)
[2023.02.27-15.45.34:981][  0]LogPakFile: OnPakFileMounted2Time == 0.000084
[2023.02.27-15.45.34:982][  0]LogPakFile: PakFile PrimaryIndexSize=190
[2023.02.27-15.45.34:982][  0]LogPakFile: PakFile PathHashIndexSize=101
[2023.02.27-15.45.34:982][  0]LogPakFile: PakFile FullDirectoryIndexSize=154
[2023.02.27-15.45.34:982][  0]LogShaderLibrary: Display: ShaderCodeLibraryPakFileMountedCallback: PakFile 'C:/Program Files/Epic Games/UE_4.27/FeaturePacks/TP_SideScrollerBP.upack' (chunk index -1, root 'root:/') mounted
[2023.02.27-15.45.34:982][  0]LogShaderLibrary: Display: ShaderCodeLibraryPakFileMountedCallback: pending pak file info (ChunkID:-1 Root:root:/ File:C:/Program Files/Epic Games/UE_4.27/FeaturePacks/TP_SideScrollerBP.upack)
[2023.02.27-15.45.34:982][  0]LogPakFile: OnPakFileMounted2Time == 0.000068
[2023.02.27-15.45.34:983][  0]LogPakFile: PakFile PrimaryIndexSize=187
[2023.02.27-15.45.34:983][  0]LogPakFile: PakFile PathHashIndexSize=101
[2023.02.27-15.45.34:983][  0]LogPakFile: PakFile FullDirectoryIndexSize=148
[2023.02.27-15.45.34:983][  0]LogShaderLibrary: Display: ShaderCodeLibraryPakFileMountedCallback: PakFile 'C:/Program Files/Epic Games/UE_4.27/FeaturePacks/TP_ThirdPerson.upack' (chunk index -1, root 'root:/') mounted
[2023.02.27-15.45.34:983][  0]LogShaderLibrary: Display: ShaderCodeLibraryPakFileMountedCallback: pending pak file info (ChunkID:-1 Root:root:/ File:C:/Program Files/Epic Games/UE_4.27/FeaturePacks/TP_ThirdPerson.upack)
[2023.02.27-15.45.34:983][  0]LogPakFile: OnPakFileMounted2Time == 0.000074
[2023.02.27-15.45.34:985][  0]LogPakFile: PakFile PrimaryIndexSize=189
[2023.02.27-15.45.34:985][  0]LogPakFile: PakFile PathHashIndexSize=101
[2023.02.27-15.45.34:985][  0]LogPakFile: PakFile FullDirectoryIndexSize=152
[2023.02.27-15.45.34:985][  0]LogShaderLibrary: Display: ShaderCodeLibraryPakFileMountedCallback: PakFile 'C:/Program Files/Epic Games/UE_4.27/FeaturePacks/TP_ThirdPersonBP.upack' (chunk index -1, root 'root:/') mounted
[2023.02.27-15.45.34:985][  0]LogShaderLibrary: Display: ShaderCodeLibraryPakFileMountedCallback: pending pak file info (ChunkID:-1 Root:root:/ File:C:/Program Files/Epic Games/UE_4.27/FeaturePacks/TP_ThirdPersonBP.upack)
[2023.02.27-15.45.34:985][  0]LogPakFile: OnPakFileMounted2Time == 0.000051
[2023.02.27-15.45.34:987][  0]LogPakFile: PakFile PrimaryIndexSize=183
[2023.02.27-15.45.34:987][  0]LogPakFile: PakFile PathHashIndexSize=101
[2023.02.27-15.45.34:987][  0]LogPakFile: PakFile FullDirectoryIndexSize=140
[2023.02.27-15.45.34:987][  0]LogShaderLibrary: Display: ShaderCodeLibraryPakFileMountedCallback: PakFile 'C:/Program Files/Epic Games/UE_4.27/FeaturePacks/TP_TopDown.upack' (chunk index -1, root 'root:/') mounted
[2023.02.27-15.45.34:987][  0]LogShaderLibrary: Display: ShaderCodeLibraryPakFileMountedCallback: pending pak file info (ChunkID:-1 Root:root:/ File:C:/Program Files/Epic Games/UE_4.27/FeaturePacks/TP_TopDown.upack)
[2023.02.27-15.45.34:987][  0]LogPakFile: OnPakFileMounted2Time == 0.000072
[2023.02.27-15.45.34:989][  0]LogPakFile: PakFile PrimaryIndexSize=185
[2023.02.27-15.45.34:991][  0]LogPakFile: PakFile PathHashIndexSize=101
[2023.02.27-15.45.34:991][  0]LogPakFile: PakFile FullDirectoryIndexSize=144
[2023.02.27-15.45.34:991][  0]LogShaderLibrary: Display: ShaderCodeLibraryPakFileMountedCallback: PakFile 'C:/Program Files/Epic Games/UE_4.27/FeaturePacks/TP_TopDownBP.upack' (chunk index -1, root 'root:/') mounted
[2023.02.27-15.45.34:991][  0]LogShaderLibrary: Display: ShaderCodeLibraryPakFileMountedCallback: pending pak file info (ChunkID:-1 Root:root:/ File:C:/Program Files/Epic Games/UE_4.27/FeaturePacks/TP_TopDownBP.upack)
[2023.02.27-15.45.34:991][  0]LogPakFile: OnPakFileMounted2Time == 0.000105
[2023.02.27-15.45.34:992][  0]LogPakFile: PakFile PrimaryIndexSize=185
[2023.02.27-15.45.34:993][  0]LogPakFile: PakFile PathHashIndexSize=101
[2023.02.27-15.45.34:993][  0]LogPakFile: PakFile FullDirectoryIndexSize=144
[2023.02.27-15.45.34:993][  0]LogShaderLibrary: Display: ShaderCodeLibraryPakFileMountedCallback: PakFile 'C:/Program Files/Epic Games/UE_4.27/FeaturePacks/TP_TwinStick.upack' (chunk index -1, root 'root:/') mounted
[2023.02.27-15.45.34:993][  0]LogShaderLibrary: Display: ShaderCodeLibraryPakFileMountedCallback: pending pak file info (ChunkID:-1 Root:root:/ File:C:/Program Files/Epic Games/UE_4.27/FeaturePacks/TP_TwinStick.upack)
[2023.02.27-15.45.34:993][  0]LogPakFile: OnPakFileMounted2Time == 0.000071
[2023.02.27-15.45.34:995][  0]LogPakFile: PakFile PrimaryIndexSize=187
[2023.02.27-15.45.34:995][  0]LogPakFile: PakFile PathHashIndexSize=101
[2023.02.27-15.45.34:995][  0]LogPakFile: PakFile FullDirectoryIndexSize=148
[2023.02.27-15.45.34:995][  0]LogShaderLibrary: Display: ShaderCodeLibraryPakFileMountedCallback: PakFile 'C:/Program Files/Epic Games/UE_4.27/FeaturePacks/TP_TwinStickBP.upack' (chunk index -1, root 'root:/') mounted
[2023.02.27-15.45.34:995][  0]LogShaderLibrary: Display: ShaderCodeLibraryPakFileMountedCallback: pending pak file info (ChunkID:-1 Root:root:/ File:C:/Program Files/Epic Games/UE_4.27/FeaturePacks/TP_TwinStickBP.upack)
[2023.02.27-15.45.34:995][  0]LogPakFile: OnPakFileMounted2Time == 0.000065
[2023.02.27-15.45.34:998][  0]LogPakFile: PakFile PrimaryIndexSize=183
[2023.02.27-15.45.34:998][  0]LogPakFile: PakFile PathHashIndexSize=101
[2023.02.27-15.45.34:998][  0]LogPakFile: PakFile FullDirectoryIndexSize=140
[2023.02.27-15.45.34:998][  0]LogShaderLibrary: Display: ShaderCodeLibraryPakFileMountedCallback: PakFile 'C:/Program Files/Epic Games/UE_4.27/FeaturePacks/TP_Vehicle.upack' (chunk index -1, root 'root:/') mounted
[2023.02.27-15.45.34:998][  0]LogShaderLibrary: Display: ShaderCodeLibraryPakFileMountedCallback: pending pak file info (ChunkID:-1 Root:root:/ File:C:/Program Files/Epic Games/UE_4.27/FeaturePacks/TP_Vehicle.upack)
[2023.02.27-15.45.34:998][  0]LogPakFile: OnPakFileMounted2Time == 0.000085
[2023.02.27-15.45.34:999][  0]LogPakFile: PakFile PrimaryIndexSize=186
[2023.02.27-15.45.35:000][  0]LogPakFile: PakFile PathHashIndexSize=101
[2023.02.27-15.45.35:000][  0]LogPakFile: PakFile FullDirectoryIndexSize=146
[2023.02.27-15.45.35:000][  0]LogShaderLibrary: Display: ShaderCodeLibraryPakFileMountedCallback: PakFile 'C:/Program Files/Epic Games/UE_4.27/FeaturePacks/TP_VehicleAdv.upack' (chunk index -1, root 'root:/') mounted
[2023.02.27-15.45.35:000][  0]LogShaderLibrary: Display: ShaderCodeLibraryPakFileMountedCallback: pending pak file info (ChunkID:-1 Root:root:/ File:C:/Program Files/Epic Games/UE_4.27/FeaturePacks/TP_VehicleAdv.upack)
[2023.02.27-15.45.35:000][  0]LogPakFile: OnPakFileMounted2Time == 0.000078
[2023.02.27-15.45.35:001][  0]LogPakFile: PakFile PrimaryIndexSize=188
[2023.02.27-15.45.35:001][  0]LogPakFile: PakFile PathHashIndexSize=101
[2023.02.27-15.45.35:001][  0]LogPakFile: PakFile FullDirectoryIndexSize=150
[2023.02.27-15.45.35:001][  0]LogShaderLibrary: Display: ShaderCodeLibraryPakFileMountedCallback: PakFile 'C:/Program Files/Epic Games/UE_4.27/FeaturePacks/TP_VehicleAdvBP.upack' (chunk index -1, root 'root:/') mounted
[2023.02.27-15.45.35:001][  0]LogShaderLibrary: Display: ShaderCodeLibraryPakFileMountedCallback: pending pak file info (ChunkID:-1 Root:root:/ File:C:/Program Files/Epic Games/UE_4.27/FeaturePacks/TP_VehicleAdvBP.upack)
[2023.02.27-15.45.35:002][  0]LogPakFile: OnPakFileMounted2Time == 0.000057
[2023.02.27-15.45.35:003][  0]LogPakFile: PakFile PrimaryIndexSize=185
[2023.02.27-15.45.35:003][  0]LogPakFile: PakFile PathHashIndexSize=101
[2023.02.27-15.45.35:003][  0]LogPakFile: PakFile FullDirectoryIndexSize=144
[2023.02.27-15.45.35:003][  0]LogShaderLibrary: Display: ShaderCodeLibraryPakFileMountedCallback: PakFile 'C:/Program Files/Epic Games/UE_4.27/FeaturePacks/TP_VehicleBP.upack' (chunk index -1, root 'root:/') mounted
[2023.02.27-15.45.35:003][  0]LogShaderLibrary: Display: ShaderCodeLibraryPakFileMountedCallback: pending pak file info (ChunkID:-1 Root:root:/ File:C:/Program Files/Epic Games/UE_4.27/FeaturePacks/TP_VehicleBP.upack)
[2023.02.27-15.45.35:003][  0]LogPakFile: OnPakFileMounted2Time == 0.000055
[2023.02.27-15.45.35:005][  0]LogPakFile: PakFile PrimaryIndexSize=192
[2023.02.27-15.45.35:005][  0]LogPakFile: PakFile PathHashIndexSize=101
[2023.02.27-15.45.35:005][  0]LogPakFile: PakFile FullDirectoryIndexSize=158
[2023.02.27-15.45.35:005][  0]LogShaderLibrary: Display: ShaderCodeLibraryPakFileMountedCallback: PakFile 'C:/Program Files/Epic Games/UE_4.27/FeaturePacks/TP_VirtualRealityBP.upack' (chunk index -1, root 'root:/') mounted
[2023.02.27-15.45.35:005][  0]LogShaderLibrary: Display: ShaderCodeLibraryPakFileMountedCallback: pending pak file info (ChunkID:-1 Root:root:/ File:C:/Program Files/Epic Games/UE_4.27/FeaturePacks/TP_VirtualRealityBP.upack)
[2023.02.27-15.45.35:005][  0]LogPakFile: OnPakFileMounted2Time == 0.000071
[2023.02.27-15.45.35:211][  0]LogNativeClassHierarchy: Verbose: Native class hierarchy updated for 'AddContentDialog' in 0.0004 seconds. Added 0 classes and 0 folders.
[2023.02.27-15.45.35:217][  0]LogNativeClassHierarchy: Verbose: Native class hierarchy updated for 'SceneOutliner' in 0.0004 seconds. Added 2 classes and 0 folders.
[2023.02.27-15.45.35:307][  0]LogSlate: Took 0.001817 seconds to synchronously load lazily loaded font '../../../Engine/Content/Slate/Fonts/Roboto-Regular.ttf' (155K)
[2023.02.27-15.45.35:312][  0]LogSlate: Took 0.001012 seconds to synchronously load lazily loaded font '../../../Engine/Content/Editor/Slate/Fonts/FontAwesome.ttf' (139K)
[2023.02.27-15.45.35:316][  0]LogSlate: Took 0.001027 seconds to synchronously load lazily loaded font '../../../Engine/Content/Slate/Fonts/Roboto-Bold.ttf' (160K)
[2023.02.27-15.45.35:436][  0]LogRenderer: Reallocating scene render targets to support 1280x572 Format 10 NumSamples 1 (Frame:1).
[2023.02.27-15.45.36:094][  0]LogNativeClassHierarchy: Verbose: Native class hierarchy updated for 'HierarchicalLODOutliner' in 0.0114 seconds. Added 0 classes and 0 folders.
[2023.02.27-15.45.36:100][  0]LogLoad: (Engine Initialization) Total time: 18.42 seconds
[2023.02.27-15.45.36:101][  0]LogLoad: (Engine Initialization) Total Blueprint compile time: 0.00 seconds
[2023.02.27-15.45.36:285][  0]LogContentStreaming: Texture pool size now 1000 MB
[2023.02.27-15.45.36:377][  1]LogAssetRegistry: Asset discovery search completed in 12.1955 seconds
[2023.02.27-15.45.36:408][  1]LogCollectionManager: Fixed up redirectors for 0 collections in 0.000090 seconds (updated 0 objects)
[2023.02.27-15.45.36:727][  2]LogSlate: Took 0.001321 seconds to synchronously load lazily loaded font '../../../Engine/Content/Slate/Fonts/Roboto-Light.ttf' (167K)
[2023.02.27-15.45.49:756][580]LogUObjectHash: Compacting FUObjectHashTables data took   2.76ms
[2023.02.27-15.45.49:784][580]LogSlate: Took 0.000242 seconds to synchronously load lazily loaded font '../../../Engine/Content/Slate/Fonts/Roboto-Light.ttf' (167K)
[2023.02.27-15.45.50:734][580]LogAssetEditorSubsystem: Opening Asset editor for World /Game/New/NewMap.NewMap
[2023.02.27-15.45.50:734][580]LightingResults: New page: Lighting Build
[2023.02.27-15.45.50:735][580]LoadErrors: New page: Loading map: NewMap.umap
[2023.02.27-15.45.50:740][580]LogWorld: UWorld::CleanupWorld for Minimal_Default, bSessionEnded=true, bCleanupResources=true
[2023.02.27-15.45.50:740][580]LogSlate: InvalidateAllWidgets triggered.  All widgets were invalidated
[2023.02.27-15.45.50:741][580]MapCheck: New page: Map Check
[2023.02.27-15.45.50:742][580]LightingResults: New page: Lighting Build
[2023.02.27-15.45.50:751][580]LogAudio: Display: Audio Device unregistered from world 'None'.
[2023.02.27-15.45.52:357][580]LogUObjectHash: Compacting FUObjectHashTables data took  24.10ms
[2023.02.27-15.45.52:561][580]LogAudio: Display: Audio Device (ID: 1) registered with world 'NewMap'.
[2023.02.27-15.46.11:426][580]LogEditorServer: Finished looking for orphan Actors (0.010 secs)
[2023.02.27-15.46.11:427][580]LogAIModule: Creating AISystem for world NewMap
[2023.02.27-15.46.11:574][580]LogUObjectHash: Compacting FUObjectHashTables data took   1.55ms
[2023.02.27-15.46.13:141][580]Cmd: MAP CHECKDEP NOCLEARLOG
[2023.02.27-15.46.13:155][580]MapCheck: Map check complete: 0 Error(s), 0 Warning(s), took 7.736ms to complete.
[2023.02.27-15.46.13:157][580]LogFileHelpers: Loading map 'NewMap' took 22.423
[2023.02.27-15.46.14:481][581]LogMaterial: Display: Missing cached shadermap for Material_0 in PCD3D_SM5, Default, SM5 (DDC key hash: B79F5D6FCBF74E04E0552134AA10BA1B07B6B0AC), compiling. 
[2023.02.27-15.46.16:497][582]LogShaderCompilers: Display: Submitted 2 shader compile jobs with 'ForceLocal' priority
[2023.02.27-15.46.16:498][582]LogShaderCompilers: Display: Worker (1/5): shaders left to compile 2
[2023.02.27-15.46.16:498][582]LogShaderCompilers: Display: Worker (2/5): shaders left to compile 1
[2023.02.27-15.46.16:498][582]LogShaderCompilers: Display: Started 2 'Local' shader compile jobs with 'ForceLocal' priority
[2023.02.27-15.46.16:751][582]LogShaderCompilers: Display: Worker (3/5): shaders left to compile 33
[2023.02.27-15.46.16:751][582]LogShaderCompilers: Display: Worker (4/5): shaders left to compile 32
[2023.02.27-15.46.16:751][582]LogShaderCompilers: Display: Submitted 41 shader compile jobs with 'Normal' priority
[2023.02.27-15.46.16:751][582]LogShaderCompilers: Display: Started 18 'Local' shader compile jobs with 'Normal' priority
[2023.02.27-15.46.17:590][582]LogShaderCompilers: Display: Worker (2/5): shaders left to compile 23
[2023.02.27-15.46.17:590][582]LogShaderCompilers: Display: Started 6 'Local' shader compile jobs with 'Normal' priority
[2023.02.27-15.46.17:864][582]LogShaderCompilers: Display: Worker (1/5): shaders left to compile 17
[2023.02.27-15.46.17:870][582]LogShaderCompilers: Display: Started 5 'Local' shader compile jobs with 'Normal' priority
[2023.02.27-15.46.19:711][582]LogMaterial: Display: Missing cached shadermap for Material_0 in PCD3D_SM5, Default, SM5 (DDC key hash: 568CF8EBC8E0781F0E8B6C2FC467C0B316A153AC), compiling. 
[2023.02.27-15.46.20:376][584]LogShaderCompilers: Display: Submitted 2 shader compile jobs with 'ForceLocal' priority
[2023.02.27-15.46.20:431][584]LogShaderCompilers: Display: Submitted 41 shader compile jobs with 'Normal' priority
[2023.02.27-15.46.20:917][585]LogShaderCompilers: Display: Worker (2/5): shaders left to compile 2
[2023.02.27-15.46.20:917][585]LogShaderCompilers: Display: Started 1 'Local' shader compile jobs with 'ForceLocal' priority
[2023.02.27-15.46.21:174][585]LogShaderCompilers: Display: Worker (1/5): shaders left to compile 1
[2023.02.27-15.46.21:174][585]LogShaderCompilers: Display: Started 1 'Local' shader compile jobs with 'ForceLocal' priority
[2023.02.27-15.46.21:257][585]LogShaderCompilers: Display: Worker (4/5): shaders left to compile 53
[2023.02.27-15.46.21:257][585]LogShaderCompilers: Display: Started 10 'Local' shader compile jobs with 'Normal' priority
[2023.02.27-15.46.21:721][585]LogShaderCompilers: Display: Worker (2/5): shaders left to compile 43
[2023.02.27-15.46.21:721][585]LogShaderCompilers: Display: Started 10 'Local' shader compile jobs with 'Normal' priority
[2023.02.27-15.46.21:726][585]LogShaderCompilers: Display: Worker (1/5): shaders left to compile 33
[2023.02.27-15.46.21:726][585]LogShaderCompilers: Display: Started 9 'Local' shader compile jobs with 'Normal' priority
[2023.02.27-15.46.24:094][603]LogShaderCompilers: Display: Worker (3/5): shaders left to compile 24
[2023.02.27-15.46.24:094][603]LogShaderCompilers: Display: Started 7 'Local' shader compile jobs with 'Normal' priority
[2023.02.27-15.46.29:560][659]LogShaderCompilers: Display: Worker (3/5): shaders left to compile 17
[2023.02.27-15.46.29:560][659]LogShaderCompilers: Display: Started 5 'Local' shader compile jobs with 'Normal' priority
[2023.02.27-15.46.31:176][699]LogShaderCompilers: Display: Worker (2/5): shaders left to compile 12
[2023.02.27-15.46.31:176][699]LogShaderCompilers: Display: Started 4 'Local' shader compile jobs with 'Normal' priority
[2023.02.27-15.46.32:198][721]LogShaderCompilers: Display: Worker (4/5): shaders left to compile 8
[2023.02.27-15.46.32:198][721]LogShaderCompilers: Display: Started 3 'Local' shader compile jobs with 'Normal' priority
[2023.02.27-15.46.32:549][726]LogShaderCompilers: Display: Worker (1/5): shaders left to compile 5
[2023.02.27-15.46.32:549][726]LogShaderCompilers: Display: Started 2 'Local' shader compile jobs with 'Normal' priority
[2023.02.27-15.46.32:706][726]LogAnalytics: Warning: EventCache either took too long to flush (2.629 ms) or had a very large payload (2.738 KB, 7 events). Listing events in the payload for investigation:
[2023.02.27-15.46.32:706][726]LogAnalytics: Warning:     SessionStart,749
[2023.02.27-15.46.32:706][726]LogAnalytics: Warning:     Editor.ProgramStarted,114
[2023.02.27-15.46.32:706][726]LogAnalytics: Warning:     Editor.Usage.Project,244
[2023.02.27-15.46.32:707][726]LogAnalytics: Warning:     Editor.Performance.Startup,92
[2023.02.27-15.46.32:707][726]LogAnalytics: Warning:     Editor.Usage.AssetCounts,170
[2023.02.27-15.46.32:707][726]LogAnalytics: Warning:     Editor.Usage.AssetClasses,1306
[2023.02.27-15.46.32:707][726]LogAnalytics: Warning:     Editor.Performance.FrameRate,116
[2023.02.27-15.46.33:266][738]LogShaderCompilers: Display: Worker (2/5): shaders left to compile 3
[2023.02.27-15.46.33:266][738]LogShaderCompilers: Display: Started 1 'Local' shader compile jobs with 'Normal' priority
[2023.02.27-15.46.33:978][754]LogShaderCompilers: Display: Worker (4/5): shaders left to compile 2
[2023.02.27-15.46.33:978][754]LogShaderCompilers: Display: Started 1 'Local' shader compile jobs with 'Normal' priority
[2023.02.27-15.46.34:062][754]LogShaderCompilers: Display: Worker (2/5): shaders left to compile 1
[2023.02.27-15.46.34:062][754]LogShaderCompilers: Display: Started 1 'Local' shader compile jobs with 'Normal' priority
