Log file open, 02/27/23 16:23:57
LogWindows: Failed to load 'aqProf.dll' (GetLastError=126)
LogWindows: File 'aqProf.dll' does not exist
LogWindows: Failed to load 'VtuneApi.dll' (GetLastError=126)
LogWindows: File 'VtuneApi.dll' does not exist
LogWindows: Failed to load 'VtuneApi32e.dll' (GetLastError=126)
LogWindows: File 'VtuneApi32e.dll' does not exist
LogConsoleResponse: Display: Failed to find resolution value strings in scalability ini. Falling back to default.
LogConsoleResponse: Display: Failed to find resolution value strings in scalability ini. Falling back to default.
LogInit: Display: Running engine for game: blueprints
LogPlatformFile: Not using cached read wrapper
LogTaskGraph: Started task graph with 5 named threads and 23 total threads with 3 sets of task threads.
LogStats: Stats thread started at 0.298051
LogICUInternationalization: ICU TimeZone Detection - Raw Offset: +0:00, Platform Override: ''
LogInit: Display: Loading text-based GConfig....
LogPluginManager: Mounting plugin MeshPainting
LogPluginManager: Mounting plugin MegascansPlugin
LogPluginManager: Mounting plugin XGEController
LogPluginManager: Mounting plugin Paper2D
LogPluginManager: Mounting plugin LiveLink
LogPluginManager: Mounting plugin EnvironmentQueryEditor
LogPluginManager: Mounting plugin AISupport
LogPluginManager: Mounting plugin LightPropagationVolume
LogPluginManager: Mounting plugin CameraShakePreviewer
LogPluginManager: Mounting plugin GameplayCameras
LogPluginManager: Mounting plugin DatasmithContent
LogPluginManager: Mounting plugin AnimationSharing
LogPluginManager: Mounting plugin AssetManagerEditor
LogPluginManager: Mounting plugin VariantManagerContent
LogPluginManager: Mounting plugin BlueprintMaterialTextureNodes
LogPluginManager: Mounting plugin CurveEditorTools
LogPluginManager: Mounting plugin CryptoKeys
LogPluginManager: Mounting plugin DataValidation
LogPluginManager: Mounting plugin EditorScriptingUtilities
LogPluginManager: Mounting plugin FacialAnimation
LogPluginManager: Mounting plugin CLionSourceCodeAccess
LogPluginManager: Mounting plugin GameplayTagsEditor
LogPluginManager: Mounting plugin GeometryMode
LogPluginManager: Mounting plugin GitSourceControl
LogPluginManager: Mounting plugin KDevelopSourceCodeAccess
LogPluginManager: Mounting plugin NullSourceCodeAccess
LogPluginManager: Mounting plugin MacGraphicsSwitching
LogPluginManager: Mounting plugin MaterialAnalyzer
LogPluginManager: Mounting plugin CodeLiteSourceCodeAccess
LogPluginManager: Mounting plugin PerforceSourceControl
LogPluginManager: Mounting plugin PixWinPlugin
LogPluginManager: Mounting plugin PlasticSourceControl
LogPluginManager: Mounting plugin MobileLauncherProfileWizard
LogPluginManager: Mounting plugin PluginBrowser
LogPluginManager: Mounting plugin PluginUtils
LogPluginManager: Mounting plugin SpeedTreeImporter
LogPluginManager: Mounting plugin PropertyAccessNode
LogPluginManager: Mounting plugin RiderSourceCodeAccess
LogPluginManager: Mounting plugin SubversionSourceControl
LogPluginManager: Mounting plugin TextureFormatOodle
LogPluginManager: Mounting plugin UObjectPlugin
LogPluginManager: Mounting plugin VisualStudioCodeSourceCodeAccess
LogPluginManager: Mounting plugin VisualStudioSourceCodeAccess
LogPluginManager: Mounting plugin XCodeSourceCodeAccess
LogPluginManager: Mounting plugin OodleData
LogPluginManager: Mounting plugin OodleNetwork
LogPluginManager: Mounting plugin Niagara
LogPluginManager: Mounting plugin AlembicImporter
LogPluginManager: Mounting plugin AutomationUtils
LogPluginManager: Mounting plugin BackChannel
LogPluginManager: Mounting plugin ChaosClothEditor
LogPluginManager: Mounting plugin ChaosCloth
LogPluginManager: Mounting plugin ChaosEditor
LogPluginManager: Mounting plugin ChaosNiagara
LogPluginManager: Mounting plugin ChaosSolverPlugin
LogPluginManager: Mounting plugin CharacterAI
LogPluginManager: Mounting plugin GeometryCache
LogPluginManager: Mounting plugin GeometryCollectionPlugin
LogPluginManager: Mounting plugin GeometryProcessing
LogPluginManager: Mounting plugin LuminPlatformFeatures
LogPluginManager: Mounting plugin MagicLeap
LogPluginManager: Mounting plugin Landmass
LogPluginManager: Mounting plugin MotoSynth
LogPluginManager: Mounting plugin OpenImageDenoise
LogPluginManager: Mounting plugin UdpMessaging
LogPluginManager: Mounting plugin TcpMessaging
LogPluginManager: Mounting plugin PlanarCut
LogPluginManager: Mounting plugin PlatformCrypto
LogPluginManager: Mounting plugin ProxyLODPlugin
LogPluginManager: Mounting plugin MagicLeapLightEstimation
LogPluginManager: Mounting plugin PythonScriptPlugin
LogPluginManager: Mounting plugin MagicLeapMedia
LogPluginManager: Mounting plugin SkeletalReduction
LogPluginManager: Mounting plugin MagicLeapPassableWorld
LogPluginManager: Mounting plugin MLSDK
LogPluginManager: Mounting plugin Water
LogPluginManager: Mounting plugin AndroidMedia
LogPluginManager: Mounting plugin AvfMedia
LogPluginManager: Mounting plugin ImgMedia
LogPluginManager: Mounting plugin MediaCompositing
LogPluginManager: Mounting plugin MediaPlayerEditor
LogPluginManager: Mounting plugin ActorSequence
LogPluginManager: Mounting plugin LevelSequenceEditor
LogPluginManager: Mounting plugin MatineeToLevelSequence
LogPluginManager: Mounting plugin TemplateSequence
LogPluginManager: Mounting plugin WebMMedia
LogPluginManager: Mounting plugin WmfMedia
LogPluginManager: Mounting plugin OnlineSubsystem
LogPluginManager: Mounting plugin OnlineSubsystemNull
LogPluginManager: Mounting plugin LauncherChunkInstaller
LogPluginManager: Mounting plugin ActorLayerUtilities
LogPluginManager: Mounting plugin AndroidDeviceProfileSelector
LogPluginManager: Mounting plugin AndroidMoviePlayer
LogPluginManager: Mounting plugin AndroidPermission
LogPluginManager: Mounting plugin OnlineSubsystemUtils
LogPluginManager: Mounting plugin AppleImageUtils
LogPluginManager: Mounting plugin AppleMoviePlayer
LogPluginManager: Mounting plugin ArchVisCharacter
LogPluginManager: Mounting plugin AudioCapture
LogPluginManager: Mounting plugin AssetTags
LogPluginManager: Mounting plugin AudioSynesthesia
LogPluginManager: Mounting plugin CableComponent
LogPluginManager: Mounting plugin ChunkDownloader
LogPluginManager: Mounting plugin CustomMeshComponent
LogPluginManager: Mounting plugin ExampleDeviceProfileSelector
LogPluginManager: Mounting plugin EditableMesh
LogPluginManager: Mounting plugin GoogleCloudMessaging
LogPluginManager: Mounting plugin GooglePAD
LogPluginManager: Mounting plugin ScreenshotTools
LogPluginManager: Mounting plugin IOSDeviceProfileSelector
LogPluginManager: Mounting plugin LinuxDeviceProfileSelector
LogPluginManager: Mounting plugin LocationServicesBPLibrary
LogPluginManager: Mounting plugin MobilePatchingUtils
LogPluginManager: Mounting plugin OpenXR
LogPluginManager: Mounting plugin OpenXREyeTracker
LogPluginManager: Mounting plugin OpenXRHandTracking
LogPluginManager: Mounting plugin PhysXVehicles
LogPluginManager: Mounting plugin PostSplashScreen
LogPluginManager: Mounting plugin ProceduralMeshComponent
LogPluginManager: Mounting plugin PropertyAccessEditor
LogPluginManager: Mounting plugin RuntimePhysXCooking
LogPluginManager: Mounting plugin SignificanceManager
LogPluginManager: Mounting plugin SoundFields
LogPluginManager: Mounting plugin Synthesis
LogPluginManager: Mounting plugin WebMMoviePlayer
LogPluginManager: Mounting plugin WindowsMoviePlayer
LogPluginManager: Mounting plugin Takes
LogPluginManager: Mounting plugin ContentBrowserAssetDataSource
LogPluginManager: Mounting plugin ContentBrowserClassDataSource
LogPluginManager: Mounting plugin ContentBrowserFileDataSource
LogPluginManager: Mounting plugin OnlineSubsystemGooglePlay
LogPluginManager: Mounting plugin OnlineSubsystemIOS
LogPluginManager: Mounting plugin DatabaseSupport
LogPluginManager: Mounting plugin SQLiteCore
LogPluginManager: Mounting plugin SQLiteSupport
LogPluginManager: Mounting plugin OculusVR
LogPluginManager: Mounting plugin SteamVR
PixWinPlugin: PIX capture plugin failed to initialize! Check that the process is launched from PIX.
LogInit: Using libcurl 7.55.1-DEV
LogInit:  - built for x86_64-pc-win32
LogInit:  - supports SSL with OpenSSL/1.1.1
LogInit:  - supports HTTP deflate (compression) using libz 1.2.8
LogInit:  - other features:
LogInit:      CURL_VERSION_SSL
LogInit:      CURL_VERSION_LIBZ
LogInit:      CURL_VERSION_IPV6
LogInit:      CURL_VERSION_ASYNCHDNS
LogInit:      CURL_VERSION_LARGEFILE
LogInit:      CURL_VERSION_IDN
LogInit:  CurlRequestOptions (configurable via config and command line):
LogInit:  - bVerifyPeer = true  - Libcurl will verify peer certificate
LogInit:  - bUseHttpProxy = false  - Libcurl will NOT use HTTP proxy
LogInit:  - bDontReuseConnections = false  - Libcurl will reuse connections
LogInit:  - MaxHostConnections = 16  - Libcurl will limit the number of connections to a host
LogInit:  - LocalHostAddr = Default
LogInit:  - BufferSize = 65536
LogOnline: OSS: Creating online subsystem instance for: NULL
LogInit: WinSock: version 1.1 (2.2), MaxSocks=32767, MaxUdp=65467
LogOnline: OSS: TryLoadSubsystemAndSetDefault: Loaded subsystem for module [NULL]
LogOculusPluginWrapper: OculusPlugin initialized successfully
LogHMD: Failed initializing OVRPlugin 1.59.0
LogInit: Build: ++UE4+Release-4.27-CL-18319896
LogInit: Engine Version: 4.27.2-18319896+++UE4+Release-4.27
LogInit: Compatible Engine Version: 4.27.0-17155196+++UE4+Release-4.27
LogInit: Net CL: 17155196
LogInit: OS: Windows 10 (Release 2009) (), CPU: Intel(R) Core(TM) i7-7700 CPU @ 3.60GHz, GPU: NVIDIA GeForce GTX 1080
LogInit: Compiled (64-bit): Nov 30 2021 07:12:08
LogInit: Compiled with Visual C++: 19.24.28315.00
LogInit: Build Configuration: Development
LogInit: Branch Name: ++UE4+Release-4.27
LogInit: Command Line: 
LogInit: Base Directory: C:/Program Files/Epic Games/UE_4.27/Engine/Binaries/Win64/
LogInit: Allocator: TBB
LogInit: Installed Engine Build: 1
LogDevObjectVersion: Number of dev versions registered: 29
LogDevObjectVersion:   Dev-Blueprints (B0D832E4-1F89-4F0D-ACCF-7EB736FD4AA2): 10
LogDevObjectVersion:   Dev-Build (E1C64328-A22C-4D53-A36C-8E866417BD8C): 0
LogDevObjectVersion:   Dev-Core (375EC13C-06E4-48FB-B500-84F0262A717E): 4
LogDevObjectVersion:   Dev-Editor (E4B068ED-F494-42E9-A231-DA0B2E46BB41): 40
LogDevObjectVersion:   Dev-Framework (CFFC743F-43B0-4480-9391-14DF171D2073): 37
LogDevObjectVersion:   Dev-Mobile (B02B49B5-BB20-44E9-A304-32B752E40360): 3
LogDevObjectVersion:   Dev-Networking (A4E4105C-59A1-49B5-A7C5-40C4547EDFEE): 0
LogDevObjectVersion:   Dev-Online (39C831C9-5AE6-47DC-9A44-9C173E1C8E7C): 0
LogDevObjectVersion:   Dev-Physics (78F01B33-EBEA-4F98-B9B4-84EACCB95AA2): 14
LogDevObjectVersion:   Dev-Platform (6631380F-2D4D-43E0-8009-CF276956A95A): 0
LogDevObjectVersion:   Dev-Rendering (12F88B9F-8875-4AFC-A67C-D90C383ABD29): 45
LogDevObjectVersion:   Dev-Sequencer (7B5AE74C-D270-4C10-A958-57980B212A5A): 13
LogDevObjectVersion:   Dev-VR (D7296918-1DD6-4BDD-9DE2-64A83CC13884): 3
LogDevObjectVersion:   Dev-LoadTimes (C2A15278-BFE7-4AFE-6C17-90FF531DF755): 1
LogDevObjectVersion:   Private-Geometry (6EACA3D4-40EC-4CC1-B786-8BED09428FC5): 3
LogDevObjectVersion:   Dev-AnimPhys (29E575DD-E0A3-4627-9D10-D276232CDCEA): 17
LogDevObjectVersion:   Dev-Anim (AF43A65D-7FD3-4947-9873-3E8ED9C1BB05): 15
LogDevObjectVersion:   Dev-ReflectionCapture (6B266CEC-1EC7-4B8F-A30B-E4D90942FC07): 1
LogDevObjectVersion:   Dev-Automation (0DF73D61-A23F-47EA-B727-89E90C41499A): 1
LogDevObjectVersion:   FortniteMain (601D1886-AC64-4F84-AA16-D3DE0DEAC7D6): 47
LogDevObjectVersion:   FortniteRelease (E7086368-6B23-4C58-8439-1B7016265E91): 1
LogDevObjectVersion:   Dev-Enterprise (9DFFBCD6-494F-0158-E221-12823C92A888): 10
LogDevObjectVersion:   Dev-Niagara (F2AED0AC-9AFE-416F-8664-AA7FFA26D6FC): 1
LogDevObjectVersion:   Dev-Destruction (174F1F0B-B4C6-45A5-B13F-2EE8D0FB917D): 10
LogDevObjectVersion:   Dev-Physics-Ext (35F94A83-E258-406C-A318-09F59610247C): 41
LogDevObjectVersion:   Dev-PhysicsMaterial-Chaos (B68FC16E-8B1B-42E2-B453-215C058844FE): 1
LogDevObjectVersion:   Dev-CineCamera (B2E18506-4273-CFC2-A54E-F4BB758BBA07): 1
LogDevObjectVersion:   Dev-VirtualProduction (64F58936-FD1B-42BA-BA96-7289D5D0FA4E): 1
LogDevObjectVersion:   Dev-MediaFramework (6F0ED827-A609-4895-9C91-998D90180EA4): 2
LogInit: Presizing for max 25165824 objects, including 0 objects not considered by GC, pre-allocating 0 bytes for permanent pool.
LogConfig: Applying CVar settings from Section [/Script/Engine.StreamingSettings] File [V:/Repo/New folder/ChallengeWeek2ElectricBoogaloo/blueprints/Saved/Config/Windows/Engine.ini]
LogConfig: Setting CVar [[s.MinBulkDataSizeForAsyncLoading:131072]]
LogConfig: Setting CVar [[s.AsyncLoadingThreadEnabled:0]]
LogConfig: Setting CVar [[s.EventDrivenLoaderEnabled:1]]
LogConfig: Setting CVar [[s.WarnIfTimeLimitExceeded:0]]
LogConfig: Setting CVar [[s.TimeLimitExceededMultiplier:1.5]]
LogConfig: Setting CVar [[s.TimeLimitExceededMinTime:0.005]]
LogConfig: Setting CVar [[s.UseBackgroundLevelStreaming:1]]
LogConfig: Setting CVar [[s.PriorityAsyncLoadingExtraTime:15.0]]
LogConfig: Setting CVar [[s.LevelStreamingActorsUpdateTimeLimit:5.0]]
LogConfig: Setting CVar [[s.PriorityLevelStreamingActorsUpdateExtraTime:5.0]]
LogConfig: Setting CVar [[s.LevelStreamingComponentsRegistrationGranularity:10]]
LogConfig: Setting CVar [[s.UnregisterComponentsTimeLimit:1.0]]
LogConfig: Setting CVar [[s.LevelStreamingComponentsUnregistrationGranularity:5]]
LogConfig: Setting CVar [[s.FlushStreamingOnExit:1]]
LogInit: Object subsystem initialized
LogConfig: Setting CVar [[con.DebugEarlyDefault:1]]
LogConfig: Setting CVar [[r.setres:1280x720]]
LogConfig: Setting CVar [[fx.NiagaraAllowRuntimeScalabilityChanges:1]]
[2023.02.27-16.23.58:516][  0]LogConfig: Setting CVar [[r.VSync:0]]
[2023.02.27-16.23.58:516][  0]LogConfig: Setting CVar [[r.RHICmdBypass:0]]
[2023.02.27-16.23.58:516][  0]LogConfig: Applying CVar settings from Section [/Script/Engine.RendererSettings] File [V:/Repo/New folder/ChallengeWeek2ElectricBoogaloo/blueprints/Saved/Config/Windows/Engine.ini]
[2023.02.27-16.23.58:516][  0]LogConfig: Setting CVar [[r.GPUCrashDebugging:0]]
[2023.02.27-16.23.58:516][  0]LogConfig: Applying CVar settings from Section [/Script/Engine.RendererOverrideSettings] File [V:/Repo/New folder/ChallengeWeek2ElectricBoogaloo/blueprints/Saved/Config/Windows/Engine.ini]
[2023.02.27-16.23.58:516][  0]LogConfig: Applying CVar settings from Section [/Script/Engine.StreamingSettings] File [V:/Repo/New folder/ChallengeWeek2ElectricBoogaloo/blueprints/Saved/Config/Windows/Engine.ini]
[2023.02.27-16.23.58:516][  0]LogConfig: Setting CVar [[s.MinBulkDataSizeForAsyncLoading:131072]]
[2023.02.27-16.23.58:516][  0]LogConfig: Setting CVar [[s.AsyncLoadingThreadEnabled:0]]
[2023.02.27-16.23.58:516][  0]LogConfig: Setting CVar [[s.EventDrivenLoaderEnabled:1]]
[2023.02.27-16.23.58:517][  0]LogConfig: Setting CVar [[s.WarnIfTimeLimitExceeded:0]]
[2023.02.27-16.23.58:517][  0]LogConfig: Setting CVar [[s.TimeLimitExceededMultiplier:1.5]]
[2023.02.27-16.23.58:517][  0]LogConfig: Setting CVar [[s.TimeLimitExceededMinTime:0.005]]
[2023.02.27-16.23.58:517][  0]LogConfig: Setting CVar [[s.UseBackgroundLevelStreaming:1]]
[2023.02.27-16.23.58:517][  0]LogConfig: Setting CVar [[s.PriorityAsyncLoadingExtraTime:15.0]]
[2023.02.27-16.23.58:517][  0]LogConfig: Setting CVar [[s.LevelStreamingActorsUpdateTimeLimit:5.0]]
[2023.02.27-16.23.58:517][  0]LogConfig: Setting CVar [[s.PriorityLevelStreamingActorsUpdateExtraTime:5.0]]
[2023.02.27-16.23.58:517][  0]LogConfig: Setting CVar [[s.LevelStreamingComponentsRegistrationGranularity:10]]
[2023.02.27-16.23.58:517][  0]LogConfig: Setting CVar [[s.UnregisterComponentsTimeLimit:1.0]]
[2023.02.27-16.23.58:517][  0]LogConfig: Setting CVar [[s.LevelStreamingComponentsUnregistrationGranularity:5]]
[2023.02.27-16.23.58:517][  0]LogConfig: Setting CVar [[s.FlushStreamingOnExit:1]]
[2023.02.27-16.23.58:517][  0]LogConfig: Applying CVar settings from Section [/Script/Engine.GarbageCollectionSettings] File [V:/Repo/New folder/ChallengeWeek2ElectricBoogaloo/blueprints/Saved/Config/Windows/Engine.ini]
[2023.02.27-16.23.58:517][  0]LogConfig: Setting CVar [[gc.MaxObjectsNotConsideredByGC:1]]
[2023.02.27-16.23.58:517][  0]LogConfig: Setting CVar [[gc.SizeOfPermanentObjectPool:0]]
[2023.02.27-16.23.58:517][  0]LogConfig: Setting CVar [[gc.FlushStreamingOnGC:0]]
[2023.02.27-16.23.58:517][  0]LogConfig: Setting CVar [[gc.NumRetriesBeforeForcingGC:10]]
[2023.02.27-16.23.58:517][  0]LogConfig: Setting CVar [[gc.AllowParallelGC:1]]
[2023.02.27-16.23.58:517][  0]LogConfig: Setting CVar [[gc.TimeBetweenPurgingPendingKillObjects:61.1]]
[2023.02.27-16.23.58:517][  0]LogConfig: Setting CVar [[gc.MaxObjectsInEditor:25165824]]
[2023.02.27-16.23.58:517][  0]LogConfig: Setting CVar [[gc.IncrementalBeginDestroyEnabled:1]]
[2023.02.27-16.23.58:517][  0]LogConfig: Setting CVar [[gc.CreateGCClusters:1]]
[2023.02.27-16.23.58:517][  0]LogConfig: Setting CVar [[gc.MinGCClusterSize:5]]
[2023.02.27-16.23.58:517][  0]LogConfig: Setting CVar [[gc.ActorClusteringEnabled:0]]
[2023.02.27-16.23.58:517][  0]LogConfig: Setting CVar [[gc.BlueprintClusteringEnabled:0]]
[2023.02.27-16.23.58:517][  0]LogConfig: Setting CVar [[gc.UseDisregardForGCOnDedicatedServers:0]]
[2023.02.27-16.23.58:517][  0]LogConfig: Setting CVar [[gc.MultithreadedDestructionEnabled:1]]
[2023.02.27-16.23.58:517][  0]LogConfig: Applying CVar settings from Section [/Script/Engine.NetworkSettings] File [V:/Repo/New folder/ChallengeWeek2ElectricBoogaloo/blueprints/Saved/Config/Windows/Engine.ini]
[2023.02.27-16.23.58:517][  0]LogConfig: Applying CVar settings from Section [/Script/UnrealEd.CookerSettings] File [V:/Repo/New folder/ChallengeWeek2ElectricBoogaloo/blueprints/Saved/Config/Windows/Engine.ini]
[2023.02.27-16.23.58:526][  0]LogConfig: Applying CVar settings from Section [ViewDistanceQuality@3] File [V:/Repo/New folder/ChallengeWeek2ElectricBoogaloo/blueprints/Saved/Config/Windows/Scalability.ini]
[2023.02.27-16.23.58:526][  0]LogConfig: Setting CVar [[r.SkeletalMeshLODBias:0]]
[2023.02.27-16.23.58:526][  0]LogConfig: Setting CVar [[r.ViewDistanceScale:1.0]]
[2023.02.27-16.23.58:526][  0]LogConfig: Applying CVar settings from Section [AntiAliasingQuality@3] File [V:/Repo/New folder/ChallengeWeek2ElectricBoogaloo/blueprints/Saved/Config/Windows/Scalability.ini]
[2023.02.27-16.23.58:527][  0]LogConfig: Setting CVar [[r.PostProcessAAQuality:4]]
[2023.02.27-16.23.58:527][  0]LogConfig: Applying CVar settings from Section [ShadowQuality@3] File [V:/Repo/New folder/ChallengeWeek2ElectricBoogaloo/blueprints/Saved/Config/Windows/Scalability.ini]
[2023.02.27-16.23.58:527][  0]LogConfig: Setting CVar [[r.LightFunctionQuality:1]]
[2023.02.27-16.23.58:527][  0]LogConfig: Setting CVar [[r.ShadowQuality:5]]
[2023.02.27-16.23.58:527][  0]LogConfig: Setting CVar [[r.Shadow.CSM.MaxCascades:10]]
[2023.02.27-16.23.58:527][  0]LogConfig: Setting CVar [[r.Shadow.MaxResolution:2048]]
[2023.02.27-16.23.58:527][  0]LogConfig: Setting CVar [[r.Shadow.MaxCSMResolution:2048]]
[2023.02.27-16.23.58:527][  0]LogConfig: Setting CVar [[r.Shadow.RadiusThreshold:0.01]]
[2023.02.27-16.23.58:527][  0]LogConfig: Setting CVar [[r.Shadow.DistanceScale:1.0]]
[2023.02.27-16.23.58:527][  0]LogConfig: Setting CVar [[r.Shadow.CSM.TransitionScale:1.0]]
[2023.02.27-16.23.58:527][  0]LogConfig: Setting CVar [[r.Shadow.PreShadowResolutionFactor:1.0]]
[2023.02.27-16.23.58:527][  0]LogConfig: Setting CVar [[r.DistanceFieldShadowing:1]]
[2023.02.27-16.23.58:527][  0]LogConfig: Setting CVar [[r.DistanceFieldAO:1]]
[2023.02.27-16.23.58:527][  0]LogConfig: Setting CVar [[r.AOQuality:2]]
[2023.02.27-16.23.58:527][  0]LogConfig: Setting CVar [[r.VolumetricFog:1]]
[2023.02.27-16.23.58:527][  0]LogConfig: Setting CVar [[r.VolumetricFog.GridPixelSize:8]]
[2023.02.27-16.23.58:527][  0]LogConfig: Setting CVar [[r.VolumetricFog.GridSizeZ:128]]
[2023.02.27-16.23.58:527][  0]LogConfig: Setting CVar [[r.VolumetricFog.HistoryMissSupersampleCount:4]]
[2023.02.27-16.23.58:527][  0]LogConfig: Setting CVar [[r.LightMaxDrawDistanceScale:1]]
[2023.02.27-16.23.58:527][  0]LogConfig: Setting CVar [[r.CapsuleShadows:1]]
[2023.02.27-16.23.58:527][  0]LogConfig: Applying CVar settings from Section [PostProcessQuality@3] File [V:/Repo/New folder/ChallengeWeek2ElectricBoogaloo/blueprints/Saved/Config/Windows/Scalability.ini]
[2023.02.27-16.23.58:527][  0]LogConfig: Setting CVar [[r.MotionBlurQuality:4]]
[2023.02.27-16.23.58:527][  0]LogConfig: Setting CVar [[r.AmbientOcclusionMipLevelFactor:0.4]]
[2023.02.27-16.23.58:527][  0]LogConfig: Setting CVar [[r.AmbientOcclusionMaxQuality:100]]
[2023.02.27-16.23.58:527][  0]LogConfig: Setting CVar [[r.AmbientOcclusionLevels:-1]]
[2023.02.27-16.23.58:527][  0]LogConfig: Setting CVar [[r.AmbientOcclusionRadiusScale:1.0]]
[2023.02.27-16.23.58:527][  0]LogConfig: Setting CVar [[r.DepthOfFieldQuality:2]]
[2023.02.27-16.23.58:527][  0]LogConfig: Setting CVar [[r.RenderTargetPoolMin:400]]
[2023.02.27-16.23.58:527][  0]LogConfig: Setting CVar [[r.LensFlareQuality:2]]
[2023.02.27-16.23.58:527][  0]LogConfig: Setting CVar [[r.SceneColorFringeQuality:1]]
[2023.02.27-16.23.58:527][  0]LogConfig: Setting CVar [[r.EyeAdaptationQuality:2]]
[2023.02.27-16.23.58:527][  0]LogConfig: Setting CVar [[r.BloomQuality:5]]
[2023.02.27-16.23.58:527][  0]LogConfig: Setting CVar [[r.FastBlurThreshold:100]]
[2023.02.27-16.23.58:527][  0]LogConfig: Setting CVar [[r.Upscale.Quality:3]]
[2023.02.27-16.23.58:527][  0]LogConfig: Setting CVar [[r.Tonemapper.GrainQuantization:1]]
[2023.02.27-16.23.58:527][  0]LogConfig: Setting CVar [[r.LightShaftQuality:1]]
[2023.02.27-16.23.58:527][  0]LogConfig: Setting CVar [[r.Filter.SizeScale:1]]
[2023.02.27-16.23.58:527][  0]LogConfig: Setting CVar [[r.Tonemapper.Quality:5]]
[2023.02.27-16.23.58:527][  0]LogConfig: Setting CVar [[r.DOF.Gather.AccumulatorQuality:1        ; higher gathering accumulator quality]]
[2023.02.27-16.23.58:527][  0]LogConfig: Setting CVar [[r.DOF.Gather.PostfilterMethod:1          ; Median3x3 postfilering method]]
[2023.02.27-16.23.58:527][  0]LogConfig: Setting CVar [[r.DOF.Gather.EnableBokehSettings:0       ; no bokeh simulation when gathering]]
[2023.02.27-16.23.58:527][  0]LogConfig: Setting CVar [[r.DOF.Gather.RingCount:4                 ; medium number of samples when gathering]]
[2023.02.27-16.23.58:527][  0]LogConfig: Setting CVar [[r.DOF.Scatter.ForegroundCompositing:1    ; additive foreground scattering]]
[2023.02.27-16.23.58:527][  0]LogConfig: Setting CVar [[r.DOF.Scatter.BackgroundCompositing:2    ; additive background scattering]]
[2023.02.27-16.23.58:527][  0]LogConfig: Setting CVar [[r.DOF.Scatter.EnableBokehSettings:1      ; bokeh simulation when scattering]]
[2023.02.27-16.23.58:527][  0]LogConfig: Setting CVar [[r.DOF.Scatter.MaxSpriteRatio:0.1         ; only a maximum of 10% of scattered bokeh]]
[2023.02.27-16.23.58:527][  0]LogConfig: Setting CVar [[r.DOF.Recombine.Quality:1                ; cheap slight out of focus]]
[2023.02.27-16.23.58:527][  0]LogConfig: Setting CVar [[r.DOF.Recombine.EnableBokehSettings:0    ; no bokeh simulation on slight out of focus]]
[2023.02.27-16.23.58:527][  0]LogConfig: Setting CVar [[r.DOF.TemporalAAQuality:1                ; more stable temporal accumulation]]
[2023.02.27-16.23.58:527][  0]LogConfig: Setting CVar [[r.DOF.Kernel.MaxForegroundRadius:0.025]]
[2023.02.27-16.23.58:527][  0]LogConfig: Setting CVar [[r.DOF.Kernel.MaxBackgroundRadius:0.025]]
[2023.02.27-16.23.58:527][  0]LogConfig: Applying CVar settings from Section [TextureQuality@3] File [V:/Repo/New folder/ChallengeWeek2ElectricBoogaloo/blueprints/Saved/Config/Windows/Scalability.ini]
[2023.02.27-16.23.58:527][  0]LogConfig: Setting CVar [[r.Streaming.MipBias:0]]
[2023.02.27-16.23.58:527][  0]LogConfig: Setting CVar [[r.Streaming.AmortizeCPUToGPUCopy:0]]
[2023.02.27-16.23.58:527][  0]LogConfig: Setting CVar [[r.Streaming.MaxNumTexturesToStreamPerFrame:0]]
[2023.02.27-16.23.58:527][  0]LogConfig: Setting CVar [[r.Streaming.Boost:1]]
[2023.02.27-16.23.58:527][  0]LogConfig: Setting CVar [[r.MaxAnisotropy:8]]
[2023.02.27-16.23.58:527][  0]LogConfig: Setting CVar [[r.VT.MaxAnisotropy:8]]
[2023.02.27-16.23.58:527][  0]LogConfig: Setting CVar [[r.Streaming.LimitPoolSizeToVRAM:0]]
[2023.02.27-16.23.58:527][  0]LogConfig: Setting CVar [[r.Streaming.PoolSize:1000]]
[2023.02.27-16.23.58:527][  0]LogConfig: Setting CVar [[r.Streaming.MaxEffectiveScreenSize:0]]
[2023.02.27-16.23.58:527][  0]LogConfig: Applying CVar settings from Section [EffectsQuality@3] File [V:/Repo/New folder/ChallengeWeek2ElectricBoogaloo/blueprints/Saved/Config/Windows/Scalability.ini]
[2023.02.27-16.23.58:527][  0]LogConfig: Setting CVar [[r.TranslucencyLightingVolumeDim:64]]
[2023.02.27-16.23.58:527][  0]LogConfig: Setting CVar [[r.RefractionQuality:2]]
[2023.02.27-16.23.58:527][  0]LogConfig: Setting CVar [[r.SSR.Quality:3]]
[2023.02.27-16.23.58:527][  0]LogConfig: Setting CVar [[r.SSR.HalfResSceneColor:0]]
[2023.02.27-16.23.58:527][  0]LogConfig: Setting CVar [[r.SceneColorFormat:4]]
[2023.02.27-16.23.58:527][  0]LogConfig: Setting CVar [[r.DetailMode:2]]
[2023.02.27-16.23.58:527][  0]LogConfig: Setting CVar [[r.TranslucencyVolumeBlur:1]]
[2023.02.27-16.23.58:527][  0]LogConfig: Setting CVar [[r.MaterialQualityLevel:1 ; High quality]]
[2023.02.27-16.23.58:527][  0]LogConfig: Setting CVar [[r.AnisotropicMaterials:1]]
[2023.02.27-16.23.58:527][  0]LogConfig: Setting CVar [[r.SSS.Scale:1]]
[2023.02.27-16.23.58:527][  0]LogConfig: Setting CVar [[r.SSS.SampleSet:2]]
[2023.02.27-16.23.58:527][  0]LogConfig: Setting CVar [[r.SSS.Quality:1]]
[2023.02.27-16.23.58:527][  0]LogConfig: Setting CVar [[r.SSS.HalfRes:0]]
[2023.02.27-16.23.58:527][  0]LogConfig: Setting CVar [[r.SSGI.Quality:3]]
[2023.02.27-16.23.58:527][  0]LogConfig: Setting CVar [[r.EmitterSpawnRateScale:1.0]]
[2023.02.27-16.23.58:527][  0]LogConfig: Setting CVar [[r.ParticleLightQuality:2]]
[2023.02.27-16.23.58:527][  0]LogConfig: Setting CVar [[r.SkyAtmosphere.AerialPerspectiveLUT.FastApplyOnOpaque:1 ; Always have FastSkyLUT 1 in this case to avoid wrong sky]]
[2023.02.27-16.23.58:527][  0]LogConfig: Setting CVar [[r.SkyAtmosphere.AerialPerspectiveLUT.SampleCountMaxPerSlice:4]]
[2023.02.27-16.23.58:527][  0]LogConfig: Setting CVar [[r.SkyAtmosphere.AerialPerspectiveLUT.DepthResolution:16.0]]
[2023.02.27-16.23.58:527][  0]LogConfig: Setting CVar [[r.SkyAtmosphere.FastSkyLUT:1]]
[2023.02.27-16.23.58:527][  0]LogConfig: Setting CVar [[r.SkyAtmosphere.FastSkyLUT.SampleCountMin:4.0]]
[2023.02.27-16.23.58:527][  0]LogConfig: Setting CVar [[r.SkyAtmosphere.FastSkyLUT.SampleCountMax:128.0]]
[2023.02.27-16.23.58:527][  0]LogConfig: Setting CVar [[r.SkyAtmosphere.SampleCountMin:4.0]]
[2023.02.27-16.23.58:527][  0]LogConfig: Setting CVar [[r.SkyAtmosphere.SampleCountMax:128.0]]
[2023.02.27-16.23.58:527][  0]LogConfig: Setting CVar [[r.SkyAtmosphere.TransmittanceLUT.UseSmallFormat:0]]
[2023.02.27-16.23.58:527][  0]LogConfig: Setting CVar [[r.SkyAtmosphere.TransmittanceLUT.SampleCount:10.0]]
[2023.02.27-16.23.58:527][  0]LogConfig: Setting CVar [[r.SkyAtmosphere.MultiScatteringLUT.SampleCount:15.0]]
[2023.02.27-16.23.58:527][  0]LogConfig: Setting CVar [[r.SkyLight.RealTimeReflectionCapture:1]]
[2023.02.27-16.23.58:528][  0]LogConfig: Setting CVar [[fx.Niagara.QualityLevel:3]]
[2023.02.27-16.23.58:528][  0]LogConfig: Applying CVar settings from Section [FoliageQuality@3] File [V:/Repo/New folder/ChallengeWeek2ElectricBoogaloo/blueprints/Saved/Config/Windows/Scalability.ini]
[2023.02.27-16.23.58:528][  0]LogConfig: Setting CVar [[foliage.DensityScale:1.0]]
[2023.02.27-16.23.58:528][  0]LogConfig: Setting CVar [[grass.DensityScale:1.0]]
[2023.02.27-16.23.58:528][  0]LogConfig: Applying CVar settings from Section [ShadingQuality@3] File [V:/Repo/New folder/ChallengeWeek2ElectricBoogaloo/blueprints/Saved/Config/Windows/Scalability.ini]
[2023.02.27-16.23.58:528][  0]LogConfig: Setting CVar [[r.HairStrands.SkyLighting.IntegrationType:2]]
[2023.02.27-16.23.58:528][  0]LogConfig: Setting CVar [[r.HairStrands.SkyAO.SampleCount:4]]
[2023.02.27-16.23.58:528][  0]LogConfig: Setting CVar [[r.HairStrands.Visibility.MSAA.SamplePerPixel:4]]
[2023.02.27-16.23.58:528][  0]LogInit: Selected Device Profile: [Windows]
[2023.02.27-16.23.58:528][  0]LogInit: Applying CVar settings loaded from the selected device profile: [Windows]
[2023.02.27-16.23.58:528][  0]LogHAL: Display: Platform has ~ 16 GB [17104613376 / 17179869184 / 16], which maps to Larger [LargestMinGB=32, LargerMinGB=12, DefaultMinGB=8, SmallerMinGB=6, SmallestMinGB=0)
[2023.02.27-16.23.58:528][  0]LogInit: Going up to parent DeviceProfile []
[2023.02.27-16.23.58:528][  0]LogConfig: Applying CVar settings from Section [ViewDistanceQuality@3] File [V:/Repo/New folder/ChallengeWeek2ElectricBoogaloo/blueprints/Saved/Config/Windows/Scalability.ini]
[2023.02.27-16.23.58:528][  0]LogConfig: Setting CVar [[r.SkeletalMeshLODBias:0]]
[2023.02.27-16.23.58:528][  0]LogConfig: Setting CVar [[r.ViewDistanceScale:1.0]]
[2023.02.27-16.23.58:528][  0]LogConfig: Applying CVar settings from Section [AntiAliasingQuality@3] File [V:/Repo/New folder/ChallengeWeek2ElectricBoogaloo/blueprints/Saved/Config/Windows/Scalability.ini]
[2023.02.27-16.23.58:528][  0]LogConfig: Setting CVar [[r.PostProcessAAQuality:4]]
[2023.02.27-16.23.58:528][  0]LogConfig: Applying CVar settings from Section [ShadowQuality@3] File [V:/Repo/New folder/ChallengeWeek2ElectricBoogaloo/blueprints/Saved/Config/Windows/Scalability.ini]
[2023.02.27-16.23.58:528][  0]LogConfig: Setting CVar [[r.LightFunctionQuality:1]]
[2023.02.27-16.23.58:528][  0]LogConfig: Setting CVar [[r.ShadowQuality:5]]
[2023.02.27-16.23.58:528][  0]LogConfig: Setting CVar [[r.Shadow.CSM.MaxCascades:10]]
[2023.02.27-16.23.58:528][  0]LogConfig: Setting CVar [[r.Shadow.MaxResolution:2048]]
[2023.02.27-16.23.58:528][  0]LogConfig: Setting CVar [[r.Shadow.MaxCSMResolution:2048]]
[2023.02.27-16.23.58:528][  0]LogConfig: Setting CVar [[r.Shadow.RadiusThreshold:0.01]]
[2023.02.27-16.23.58:528][  0]LogConfig: Setting CVar [[r.Shadow.DistanceScale:1.0]]
[2023.02.27-16.23.58:528][  0]LogConfig: Setting CVar [[r.Shadow.CSM.TransitionScale:1.0]]
[2023.02.27-16.23.58:528][  0]LogConfig: Setting CVar [[r.Shadow.PreShadowResolutionFactor:1.0]]
[2023.02.27-16.23.58:528][  0]LogConfig: Setting CVar [[r.DistanceFieldShadowing:1]]
[2023.02.27-16.23.58:528][  0]LogConfig: Setting CVar [[r.DistanceFieldAO:1]]
[2023.02.27-16.23.58:528][  0]LogConfig: Setting CVar [[r.AOQuality:2]]
[2023.02.27-16.23.58:528][  0]LogConfig: Setting CVar [[r.VolumetricFog:1]]
[2023.02.27-16.23.58:528][  0]LogConfig: Setting CVar [[r.VolumetricFog.GridPixelSize:8]]
[2023.02.27-16.23.58:528][  0]LogConfig: Setting CVar [[r.VolumetricFog.GridSizeZ:128]]
[2023.02.27-16.23.58:528][  0]LogConfig: Setting CVar [[r.VolumetricFog.HistoryMissSupersampleCount:4]]
[2023.02.27-16.23.58:528][  0]LogConfig: Setting CVar [[r.LightMaxDrawDistanceScale:1]]
[2023.02.27-16.23.58:528][  0]LogConfig: Setting CVar [[r.CapsuleShadows:1]]
[2023.02.27-16.23.58:528][  0]LogConfig: Applying CVar settings from Section [PostProcessQuality@3] File [V:/Repo/New folder/ChallengeWeek2ElectricBoogaloo/blueprints/Saved/Config/Windows/Scalability.ini]
[2023.02.27-16.23.58:528][  0]LogConfig: Setting CVar [[r.MotionBlurQuality:4]]
[2023.02.27-16.23.58:528][  0]LogConfig: Setting CVar [[r.AmbientOcclusionMipLevelFactor:0.4]]
[2023.02.27-16.23.58:528][  0]LogConfig: Setting CVar [[r.AmbientOcclusionMaxQuality:100]]
[2023.02.27-16.23.58:528][  0]LogConfig: Setting CVar [[r.AmbientOcclusionLevels:-1]]
[2023.02.27-16.23.58:528][  0]LogConfig: Setting CVar [[r.AmbientOcclusionRadiusScale:1.0]]
[2023.02.27-16.23.58:528][  0]LogConfig: Setting CVar [[r.DepthOfFieldQuality:2]]
[2023.02.27-16.23.58:528][  0]LogConfig: Setting CVar [[r.RenderTargetPoolMin:400]]
[2023.02.27-16.23.58:528][  0]LogConfig: Setting CVar [[r.LensFlareQuality:2]]
[2023.02.27-16.23.58:528][  0]LogConfig: Setting CVar [[r.SceneColorFringeQuality:1]]
[2023.02.27-16.23.58:528][  0]LogConfig: Setting CVar [[r.EyeAdaptationQuality:2]]
[2023.02.27-16.23.58:528][  0]LogConfig: Setting CVar [[r.BloomQuality:5]]
[2023.02.27-16.23.58:528][  0]LogConfig: Setting CVar [[r.FastBlurThreshold:100]]
[2023.02.27-16.23.58:528][  0]LogConfig: Setting CVar [[r.Upscale.Quality:3]]
[2023.02.27-16.23.58:528][  0]LogConfig: Setting CVar [[r.Tonemapper.GrainQuantization:1]]
[2023.02.27-16.23.58:528][  0]LogConfig: Setting CVar [[r.LightShaftQuality:1]]
[2023.02.27-16.23.58:528][  0]LogConfig: Setting CVar [[r.Filter.SizeScale:1]]
[2023.02.27-16.23.58:528][  0]LogConfig: Setting CVar [[r.Tonemapper.Quality:5]]
[2023.02.27-16.23.58:528][  0]LogConfig: Setting CVar [[r.DOF.Gather.AccumulatorQuality:1        ; higher gathering accumulator quality]]
[2023.02.27-16.23.58:528][  0]LogConfig: Setting CVar [[r.DOF.Gather.PostfilterMethod:1          ; Median3x3 postfilering method]]
[2023.02.27-16.23.58:528][  0]LogConfig: Setting CVar [[r.DOF.Gather.EnableBokehSettings:0       ; no bokeh simulation when gathering]]
[2023.02.27-16.23.58:528][  0]LogConfig: Setting CVar [[r.DOF.Gather.RingCount:4                 ; medium number of samples when gathering]]
[2023.02.27-16.23.58:528][  0]LogConfig: Setting CVar [[r.DOF.Scatter.ForegroundCompositing:1    ; additive foreground scattering]]
[2023.02.27-16.23.58:528][  0]LogConfig: Setting CVar [[r.DOF.Scatter.BackgroundCompositing:2    ; additive background scattering]]
[2023.02.27-16.23.58:528][  0]LogConfig: Setting CVar [[r.DOF.Scatter.EnableBokehSettings:1      ; bokeh simulation when scattering]]
[2023.02.27-16.23.58:528][  0]LogConfig: Setting CVar [[r.DOF.Scatter.MaxSpriteRatio:0.1         ; only a maximum of 10% of scattered bokeh]]
[2023.02.27-16.23.58:528][  0]LogConfig: Setting CVar [[r.DOF.Recombine.Quality:1                ; cheap slight out of focus]]
[2023.02.27-16.23.58:528][  0]LogConfig: Setting CVar [[r.DOF.Recombine.EnableBokehSettings:0    ; no bokeh simulation on slight out of focus]]
[2023.02.27-16.23.58:528][  0]LogConfig: Setting CVar [[r.DOF.TemporalAAQuality:1                ; more stable temporal accumulation]]
[2023.02.27-16.23.58:528][  0]LogConfig: Setting CVar [[r.DOF.Kernel.MaxForegroundRadius:0.025]]
[2023.02.27-16.23.58:528][  0]LogConfig: Setting CVar [[r.DOF.Kernel.MaxBackgroundRadius:0.025]]
[2023.02.27-16.23.58:528][  0]LogConfig: Applying CVar settings from Section [TextureQuality@3] File [V:/Repo/New folder/ChallengeWeek2ElectricBoogaloo/blueprints/Saved/Config/Windows/Scalability.ini]
[2023.02.27-16.23.58:528][  0]LogConfig: Setting CVar [[r.Streaming.MipBias:0]]
[2023.02.27-16.23.58:528][  0]LogConfig: Setting CVar [[r.Streaming.AmortizeCPUToGPUCopy:0]]
[2023.02.27-16.23.58:528][  0]LogConfig: Setting CVar [[r.Streaming.MaxNumTexturesToStreamPerFrame:0]]
[2023.02.27-16.23.58:528][  0]LogConfig: Setting CVar [[r.Streaming.Boost:1]]
[2023.02.27-16.23.58:528][  0]LogConfig: Setting CVar [[r.MaxAnisotropy:8]]
[2023.02.27-16.23.58:528][  0]LogConfig: Setting CVar [[r.VT.MaxAnisotropy:8]]
[2023.02.27-16.23.58:528][  0]LogConfig: Setting CVar [[r.Streaming.LimitPoolSizeToVRAM:0]]
[2023.02.27-16.23.58:528][  0]LogConfig: Setting CVar [[r.Streaming.PoolSize:1000]]
[2023.02.27-16.23.58:528][  0]LogConfig: Setting CVar [[r.Streaming.MaxEffectiveScreenSize:0]]
[2023.02.27-16.23.58:528][  0]LogConfig: Applying CVar settings from Section [EffectsQuality@3] File [V:/Repo/New folder/ChallengeWeek2ElectricBoogaloo/blueprints/Saved/Config/Windows/Scalability.ini]
[2023.02.27-16.23.58:528][  0]LogConfig: Setting CVar [[r.TranslucencyLightingVolumeDim:64]]
[2023.02.27-16.23.58:528][  0]LogConfig: Setting CVar [[r.RefractionQuality:2]]
[2023.02.27-16.23.58:528][  0]LogConfig: Setting CVar [[r.SSR.Quality:3]]
[2023.02.27-16.23.58:528][  0]LogConfig: Setting CVar [[r.SSR.HalfResSceneColor:0]]
[2023.02.27-16.23.58:529][  0]LogConfig: Setting CVar [[r.SceneColorFormat:4]]
[2023.02.27-16.23.58:529][  0]LogConfig: Setting CVar [[r.DetailMode:2]]
[2023.02.27-16.23.58:529][  0]LogConfig: Setting CVar [[r.TranslucencyVolumeBlur:1]]
[2023.02.27-16.23.58:529][  0]LogConfig: Setting CVar [[r.MaterialQualityLevel:1 ; High quality]]
[2023.02.27-16.23.58:529][  0]LogConfig: Setting CVar [[r.AnisotropicMaterials:1]]
[2023.02.27-16.23.58:529][  0]LogConfig: Setting CVar [[r.SSS.Scale:1]]
[2023.02.27-16.23.58:529][  0]LogConfig: Setting CVar [[r.SSS.SampleSet:2]]
[2023.02.27-16.23.58:529][  0]LogConfig: Setting CVar [[r.SSS.Quality:1]]
[2023.02.27-16.23.58:529][  0]LogConfig: Setting CVar [[r.SSS.HalfRes:0]]
[2023.02.27-16.23.58:529][  0]LogConfig: Setting CVar [[r.SSGI.Quality:3]]
[2023.02.27-16.23.58:529][  0]LogConfig: Setting CVar [[r.EmitterSpawnRateScale:1.0]]
[2023.02.27-16.23.58:529][  0]LogConfig: Setting CVar [[r.ParticleLightQuality:2]]
[2023.02.27-16.23.58:529][  0]LogConfig: Setting CVar [[r.SkyAtmosphere.AerialPerspectiveLUT.FastApplyOnOpaque:1 ; Always have FastSkyLUT 1 in this case to avoid wrong sky]]
[2023.02.27-16.23.58:529][  0]LogConfig: Setting CVar [[r.SkyAtmosphere.AerialPerspectiveLUT.SampleCountMaxPerSlice:4]]
[2023.02.27-16.23.58:529][  0]LogConfig: Setting CVar [[r.SkyAtmosphere.AerialPerspectiveLUT.DepthResolution:16.0]]
[2023.02.27-16.23.58:529][  0]LogConfig: Setting CVar [[r.SkyAtmosphere.FastSkyLUT:1]]
[2023.02.27-16.23.58:529][  0]LogConfig: Setting CVar [[r.SkyAtmosphere.FastSkyLUT.SampleCountMin:4.0]]
[2023.02.27-16.23.58:529][  0]LogConfig: Setting CVar [[r.SkyAtmosphere.FastSkyLUT.SampleCountMax:128.0]]
[2023.02.27-16.23.58:529][  0]LogConfig: Setting CVar [[r.SkyAtmosphere.SampleCountMin:4.0]]
[2023.02.27-16.23.58:529][  0]LogConfig: Setting CVar [[r.SkyAtmosphere.SampleCountMax:128.0]]
[2023.02.27-16.23.58:529][  0]LogConfig: Setting CVar [[r.SkyAtmosphere.TransmittanceLUT.UseSmallFormat:0]]
[2023.02.27-16.23.58:529][  0]LogConfig: Setting CVar [[r.SkyAtmosphere.TransmittanceLUT.SampleCount:10.0]]
[2023.02.27-16.23.58:529][  0]LogConfig: Setting CVar [[r.SkyAtmosphere.MultiScatteringLUT.SampleCount:15.0]]
[2023.02.27-16.23.58:529][  0]LogConfig: Setting CVar [[r.SkyLight.RealTimeReflectionCapture:1]]
[2023.02.27-16.23.58:529][  0]LogConfig: Setting CVar [[fx.Niagara.QualityLevel:3]]
[2023.02.27-16.23.58:529][  0]LogConfig: Applying CVar settings from Section [FoliageQuality@3] File [V:/Repo/New folder/ChallengeWeek2ElectricBoogaloo/blueprints/Saved/Config/Windows/Scalability.ini]
[2023.02.27-16.23.58:529][  0]LogConfig: Setting CVar [[foliage.DensityScale:1.0]]
[2023.02.27-16.23.58:529][  0]LogConfig: Setting CVar [[grass.DensityScale:1.0]]
[2023.02.27-16.23.58:529][  0]LogConfig: Applying CVar settings from Section [ShadingQuality@3] File [V:/Repo/New folder/ChallengeWeek2ElectricBoogaloo/blueprints/Saved/Config/Windows/Scalability.ini]
[2023.02.27-16.23.58:529][  0]LogConfig: Setting CVar [[r.HairStrands.SkyLighting.IntegrationType:2]]
[2023.02.27-16.23.58:529][  0]LogConfig: Setting CVar [[r.HairStrands.SkyAO.SampleCount:4]]
[2023.02.27-16.23.58:529][  0]LogConfig: Setting CVar [[r.HairStrands.Visibility.MSAA.SamplePerPixel:4]]
[2023.02.27-16.23.58:529][  0]LogConfig: Applying CVar settings from Section [Startup] File [../../../Engine/Config/ConsoleVariables.ini]
[2023.02.27-16.23.58:529][  0]LogConfig: Setting CVar [[net.UseAdaptiveNetUpdateFrequency:0]]
[2023.02.27-16.23.58:529][  0]LogConfig: Setting CVar [[p.chaos.AllowCreatePhysxBodies:1]]
[2023.02.27-16.23.58:529][  0]LogConfig: Setting CVar [[fx.SkipVectorVMBackendOptimizations:1]]
[2023.02.27-16.23.58:529][  0]LogConfig: Applying CVar settings from Section [ConsoleVariables] File [V:/Repo/New folder/ChallengeWeek2ElectricBoogaloo/blueprints/Saved/Config/Windows/Engine.ini]
[2023.02.27-16.23.58:529][  0]LogConfig: Applying CVar settings from Section [ConsoleVariables] File [V:/Repo/New folder/ChallengeWeek2ElectricBoogaloo/blueprints/Saved/Config/Windows/Editor.ini]
[2023.02.27-16.23.58:529][  0]LogInit: Computer: BCUD2-009314
[2023.02.27-16.23.58:529][  0]LogInit: User: S22120023
[2023.02.27-16.23.58:529][  0]LogInit: CPU Page size=4096, Cores=4
[2023.02.27-16.23.58:529][  0]LogInit: High frequency timer resolution =10.000000 MHz
[2023.02.27-16.23.58:529][  0]LogMemory: Memory total: Physical=15.9GB (16GB approx)
[2023.02.27-16.23.58:529][  0]LogMemory: Platform Memory Stats for Windows
[2023.02.27-16.23.58:529][  0]LogMemory: Process Physical Memory: 147.87 MB used, 147.87 MB peak
[2023.02.27-16.23.58:529][  0]LogMemory: Process Virtual Memory: 129.32 MB used, 129.32 MB peak
[2023.02.27-16.23.58:529][  0]LogMemory: Physical Memory: 6613.82 MB used,  9698.41 MB free, 16312.23 MB total
[2023.02.27-16.23.58:529][  0]LogMemory: Virtual Memory: 134208688.00 MB used,  9038.37 MB free, 134217728.00 MB total
[2023.02.27-16.23.58:536][  0]LogWindows: WindowsPlatformFeatures enabled
[2023.02.27-16.23.58:590][  0]LogInit: Physics initialised using underlying interface: PhysX
[2023.02.27-16.23.58:591][  0]LogInit: Using OS detected language (en-GB).
[2023.02.27-16.23.58:591][  0]LogInit: Using OS detected locale (en-GB).
[2023.02.27-16.23.58:594][  0]LogTextLocalizationManager: No specific localization for 'en-GB' exists, so the 'en' localization will be used.
[2023.02.27-16.23.58:781][  0]LogInit: Setting process to per monitor DPI aware
[2023.02.27-16.23.58:798][  0]LogWindowsTextInputMethodSystem: Display: IME system deactivated.
[2023.02.27-16.23.58:818][  0]LogSlate: New Slate User Created.  User Index 0, Is Virtual User: 0
[2023.02.27-16.23.58:818][  0]LogSlate: Slate User Registered.  User Index 0, Is Virtual User: 0
[2023.02.27-16.23.59:074][  0]LogD3D11RHI: Loaded GFSDK_Aftermath_Lib.x64.dll
[2023.02.27-16.23.59:077][  0]LogHMD: Failed to initialize OpenVR with code 110
[2023.02.27-16.23.59:077][  0]LogD3D11RHI: D3D11 min allowed feature level: 11_0
[2023.02.27-16.23.59:077][  0]LogD3D11RHI: D3D11 max allowed feature level: 11_0
[2023.02.27-16.23.59:077][  0]LogD3D11RHI: D3D11 adapters:
[2023.02.27-16.23.59:187][  0]LogD3D11RHI:    0. 'NVIDIA GeForce GTX 1080' (Feature Level 11_0)
[2023.02.27-16.23.59:187][  0]LogD3D11RHI:       8079/0/8156 MB DedicatedVideo/DedicatedSystem/SharedSystem, Outputs:2, VendorId:0x10de
[2023.02.27-16.23.59:189][  0]LogD3D11RHI:    1. 'Microsoft Basic Render Driver' (Feature Level 11_0)
[2023.02.27-16.23.59:189][  0]LogD3D11RHI:       0/0/8156 MB DedicatedVideo/DedicatedSystem/SharedSystem, Outputs:0, VendorId:0x1414
[2023.02.27-16.23.59:189][  0]LogD3D11RHI: Chosen D3D11 Adapter:
[2023.02.27-16.23.59:189][  0]LogD3D11RHI:     Description : NVIDIA GeForce GTX 1080
[2023.02.27-16.23.59:189][  0]LogD3D11RHI:     VendorId    : 10de
[2023.02.27-16.23.59:189][  0]LogD3D11RHI:     DeviceId    : 1b80
[2023.02.27-16.23.59:189][  0]LogD3D11RHI:     SubSysId    : 34801462
[2023.02.27-16.23.59:189][  0]LogD3D11RHI:     Revision    : 00a1
[2023.02.27-16.23.59:189][  0]LogD3D11RHI:     DedicatedVideoMemory : 8471445504 bytes
[2023.02.27-16.23.59:189][  0]LogD3D11RHI:     DedicatedSystemMemory : 0 bytes
[2023.02.27-16.23.59:189][  0]LogD3D11RHI:     SharedSystemMemory : 8552306688 bytes
[2023.02.27-16.23.59:189][  0]LogD3D11RHI:     AdapterLuid : 0 55314
[2023.02.27-16.23.59:194][  0]LogD3D11RHI: Creating new Direct3DDevice
[2023.02.27-16.23.59:194][  0]LogD3D11RHI:     GPU DeviceId: 0x1b80 (for the marketing name, search the web for "GPU Device Id")
[2023.02.27-16.23.59:194][  0]LogWindows: EnumDisplayDevices:
[2023.02.27-16.23.59:194][  0]LogWindows:    0. 'NVIDIA GeForce GTX 1080' (P:1 D:1)
[2023.02.27-16.23.59:195][  0]LogWindows:    1. 'NVIDIA GeForce GTX 1080' (P:0 D:1)
[2023.02.27-16.23.59:195][  0]LogWindows:    2. 'NVIDIA GeForce GTX 1080' (P:0 D:0)
[2023.02.27-16.23.59:195][  0]LogWindows:    3. 'NVIDIA GeForce GTX 1080' (P:0 D:0)
[2023.02.27-16.23.59:195][  0]LogWindows: DebugString: FoundDriverCount:4 
[2023.02.27-16.23.59:195][  0]LogD3D11RHI:     Adapter Name: NVIDIA GeForce GTX 1080
[2023.02.27-16.23.59:195][  0]LogD3D11RHI:   Driver Version: 516.94 (internal:31.0.15.1694, unified:516.94)
[2023.02.27-16.23.59:195][  0]LogD3D11RHI:      Driver Date: 7-21-2022
[2023.02.27-16.23.59:195][  0]LogRHI: Texture pool is 5655 MB (70% of 8079 MB)
[2023.02.27-16.23.59:195][  0]LogD3D11RHI: Creating D3DDevice using adapter:
[2023.02.27-16.23.59:195][  0]LogD3D11RHI:     Description : NVIDIA GeForce GTX 1080
[2023.02.27-16.23.59:195][  0]LogD3D11RHI:     VendorId    : 10de
[2023.02.27-16.23.59:195][  0]LogD3D11RHI:     DeviceId    : 1b80
[2023.02.27-16.23.59:195][  0]LogD3D11RHI:     SubSysId    : 34801462
[2023.02.27-16.23.59:195][  0]LogD3D11RHI:     Revision    : 00a1
[2023.02.27-16.23.59:195][  0]LogD3D11RHI:     DedicatedVideoMemory : 8471445504 bytes
[2023.02.27-16.23.59:195][  0]LogD3D11RHI:     DedicatedSystemMemory : 0 bytes
[2023.02.27-16.23.59:195][  0]LogD3D11RHI:     SharedSystemMemory : 8552306688 bytes
[2023.02.27-16.23.59:195][  0]LogD3D11RHI:     AdapterLuid : 0 55314
[2023.02.27-16.23.59:254][  0]LogD3D11RHI: RHI has support for 64 bit atomics
[2023.02.27-16.23.59:254][  0]LogD3D11RHI: Async texture creation enabled
[2023.02.27-16.23.59:254][  0]LogD3D11RHI: Array index from any shader is supported
[2023.02.27-16.23.59:272][  0]LogD3D11RHI: GPU Timing Frequency: 1000.000000 (Debug: 2 1)
[2023.02.27-16.23.59:333][  0]LogRHI: GeForceNow SDK initialized: 1
[2023.02.27-16.23.59:666][  0]LogTargetPlatformManager: Display: Loaded TargetPlatform 'AllDesktop'
[2023.02.27-16.23.59:687][  0]LogTargetPlatformManager: Display: Loaded TargetPlatform 'Android'
[2023.02.27-16.23.59:687][  0]LogTargetPlatformManager: Display: Loaded TargetPlatform 'Android_ASTC'
[2023.02.27-16.23.59:687][  0]LogTargetPlatformManager: Display: Loaded TargetPlatform 'Android_DXT'
[2023.02.27-16.23.59:687][  0]LogTargetPlatformManager: Display: Loaded TargetPlatform 'Android_ETC2'
[2023.02.27-16.23.59:687][  0]LogTargetPlatformManager: Display: Loaded TargetPlatform 'AndroidClient'
[2023.02.27-16.23.59:687][  0]LogTargetPlatformManager: Display: Loaded TargetPlatform 'Android_ASTCClient'
[2023.02.27-16.23.59:687][  0]LogTargetPlatformManager: Display: Loaded TargetPlatform 'Android_DXTClient'
[2023.02.27-16.23.59:687][  0]LogTargetPlatformManager: Display: Loaded TargetPlatform 'Android_ETC2Client'
[2023.02.27-16.23.59:687][  0]LogTargetPlatformManager: Display: Loaded TargetPlatform 'Android_Multi'
[2023.02.27-16.23.59:688][  0]LogTargetPlatformManager: Display: Loaded TargetPlatform 'Android_MultiClient'
[2023.02.27-16.23.59:707][  0]LogTargetPlatformManager: Display: Loaded TargetPlatform 'IOSClient'
[2023.02.27-16.23.59:707][  0]LogTargetPlatformManager: Display: Loaded TargetPlatform 'IOS'
[2023.02.27-16.23.59:720][  0]LogTargetPlatformManager: Display: Loaded TargetPlatform 'Linux'
[2023.02.27-16.23.59:727][  0]LogTargetPlatformManager: Display: Loaded TargetPlatform 'LinuxNoEditor'
[2023.02.27-16.23.59:734][  0]LogTargetPlatformManager: Display: Loaded TargetPlatform 'LinuxClient'
[2023.02.27-16.23.59:741][  0]LogTargetPlatformManager: Display: Loaded TargetPlatform 'LinuxServer'
[2023.02.27-16.23.59:755][  0]LogTargetPlatformManager: Display: Loaded TargetPlatform 'LinuxAArch64NoEditor'
[2023.02.27-16.23.59:761][  0]LogTargetPlatformManager: Display: Loaded TargetPlatform 'LinuxAArch64Client'
[2023.02.27-16.23.59:765][  0]LogTargetPlatformManager: Display: Loaded TargetPlatform 'LinuxAArch64Server'
[2023.02.27-16.23.59:793][  0]LogTargetPlatformManager: Display: Loaded TargetPlatform 'Lumin'
[2023.02.27-16.23.59:793][  0]LogTargetPlatformManager: Display: Loaded TargetPlatform 'LuminClient'
[2023.02.27-16.23.59:808][  0]LogTargetPlatformManager: Display: Loaded TargetPlatform 'MacNoEditor'
[2023.02.27-16.23.59:816][  0]LogTargetPlatformManager: Display: Loaded TargetPlatform 'Mac'
[2023.02.27-16.23.59:823][  0]LogTargetPlatformManager: Display: Loaded TargetPlatform 'MacClient'
[2023.02.27-16.23.59:831][  0]LogTargetPlatformManager: Display: Loaded TargetPlatform 'MacServer'
[2023.02.27-16.23.59:843][  0]LogTargetPlatformManager: Display: Loaded TargetPlatform 'TVOSClient'
[2023.02.27-16.23.59:843][  0]LogTargetPlatformManager: Display: Loaded TargetPlatform 'TVOS'
[2023.02.27-16.23.59:852][  0]LogTargetPlatformManager: Display: Loaded TargetPlatform 'WindowsNoEditor'
[2023.02.27-16.23.59:858][  0]LogTargetPlatformManager: Display: Loaded TargetPlatform 'Windows'
[2023.02.27-16.23.59:863][  0]LogTargetPlatformManager: Display: Loaded TargetPlatform 'WindowsClient'
[2023.02.27-16.23.59:868][  0]LogTargetPlatformManager: Display: Loaded TargetPlatform 'WindowsServer'
[2023.02.27-16.23.59:868][  0]LogTargetPlatformManager: Display: Building Assets For Windows
[2023.02.27-16.23.59:878][  0]LogAudioDebug: Display: Lib vorbis DLL was dynamically loaded.
[2023.02.27-16.23.59:963][  0]LogTextureFormatOodle: Display: Oodle Texture 2.9.0 init RDO Off
[2023.02.27-16.24.00:028][  0]LogRendererCore: Ray tracing is disabled. Reason: r.RayTracing=0.
[2023.02.27-16.24.00:028][  0]LogShaderCompilers: Guid format shader working directory is -10 characters bigger than the processId version (V:/Repo/New folder/ChallengeWeek2ElectricBoogaloo/blueprints/Intermediate/Shaders/WorkingDirectory/5668/).
[2023.02.27-16.24.00:029][  0]LogShaderCompilers: Cleaned the shader compiler working directory 'C:/Users/S22120023/AppData/Local/Temp/UnrealShaderWorkingDir/3478A9D5473AD8F334A69BA508AB3AF7/'.
[2023.02.27-16.24.00:029][  0]LogXGEController: Cannot use XGE Controller as Incredibuild is not installed on this machine.
[2023.02.27-16.24.00:029][  0]LogShaderCompilers: Cannot use XGE Shader Compiler as Incredibuild is not installed on this machine.
[2023.02.27-16.24.00:029][  0]LogShaderCompilers: Display: Using Local Shader Compiler.
[2023.02.27-16.24.00:811][  0]LogDerivedDataCache: Display: Max Cache Size: 512 MB
[2023.02.27-16.24.00:876][  0]LogDerivedDataCache: Loaded boot cache 0.07s 94MB C:/Users/S22120023/AppData/Local/UnrealEngine/4.27/DerivedDataCache/Boot.ddc.
[2023.02.27-16.24.00:876][  0]LogDerivedDataCache: Display: Loaded Boot cache: C:/Users/S22120023/AppData/Local/UnrealEngine/4.27/DerivedDataCache/Boot.ddc
[2023.02.27-16.24.00:876][  0]LogDerivedDataCache: FDerivedDataBackendGraph:  Pak pak cache file V:/Repo/New folder/ChallengeWeek2ElectricBoogaloo/blueprints/DerivedDataCache/DDC.ddp not found, will not use a pak cache.
[2023.02.27-16.24.00:876][  0]LogDerivedDataCache: Unable to find inner node Pak for hierarchical cache Hierarchy.
[2023.02.27-16.24.00:876][  0]LogDerivedDataCache: FDerivedDataBackendGraph:  CompressedPak pak cache file V:/Repo/New folder/ChallengeWeek2ElectricBoogaloo/blueprints/DerivedDataCache/Compressed.ddp not found, will not use a pak cache.
[2023.02.27-16.24.00:876][  0]LogDerivedDataCache: Unable to find inner node CompressedPak for hierarchical cache Hierarchy.
[2023.02.27-16.24.00:892][  0]LogDerivedDataCache: Display: Pak cache opened for reading ../../../Engine/DerivedDataCache/Compressed.ddp.
[2023.02.27-16.24.00:892][  0]LogDerivedDataCache: FDerivedDataBackendGraph:  EnterprisePak pak cache file ../../../Enterprise/DerivedDataCache/Compressed.ddp not found, will not use a pak cache.
[2023.02.27-16.24.00:892][  0]LogDerivedDataCache: Unable to find inner node EnterprisePak for hierarchical cache Hierarchy.
[2023.02.27-16.24.00:903][  0]LogDerivedDataCache: Speed tests for C:/Users/S22120023/AppData/Local/UnrealEngine/Common/DerivedDataCache took 0.01 seconds
[2023.02.27-16.24.00:903][  0]LogDerivedDataCache: Display: Performance to C:/Users/S22120023/AppData/Local/UnrealEngine/Common/DerivedDataCache: Latency=0.03ms. RandomReadSpeed=423.76MBs, RandomWriteSpeed=126.62MBs. Assigned SpeedClass 'Local'
[2023.02.27-16.24.00:903][  0]LogDerivedDataCache: Using Local data cache path C:/Users/S22120023/AppData/Local/UnrealEngine/Common/DerivedDataCache: Writable
[2023.02.27-16.24.00:903][  0]LogDerivedDataCache: Shared data cache path not found in *engine.ini, will not use an Shared cache.
[2023.02.27-16.24.00:903][  0]LogDerivedDataCache: Unable to find inner node Shared for hierarchical cache Hierarchy.
[2023.02.27-16.24.00:951][  0]LogSlate: Using FreeType 2.10.0
[2023.02.27-16.24.00:952][  0]LogSlate: SlateFontServices - WITH_FREETYPE: 1, WITH_HARFBUZZ: 1
[2023.02.27-16.24.00:984][  0]LogAssetRegistry: FAssetRegistry took 0.0025 seconds to start up
[2023.02.27-16.24.01:248][  0]LogInit: Selected Device Profile: [Windows]
[2023.02.27-16.24.01:248][  0]LogInit: Active device profile: [000001B5A5D1D400][000001B59B79B900 49] Windows
[2023.02.27-16.24.01:248][  0]LogInit: Profiles: [000001B5A5D1D400][000001B59B79B900 49] Windows, [000001B5A5C96C00][000001B59B7A3A80 49] WindowsNoEditor, [000001B5A5D1D100][000001B59B7A7C00 49] WindowsServer, [000001B5A5C94F00][000001B59B7AA200 49] WindowsClient, [000001B5A5D1E600][000001B59B7AE380 49] IOS, [000001B5A5D1D200][000001B59B7B2500 49] iPadAir, [000001B5A5C6DD00][000001B5A2DC0680 49] iPadAir2, [000001B5A5C34900][000001B5A2DC8940 49] IPadPro, [000001B5A5C34A00][000001B5A2DC4980 49] iPadAir3, [000001B5A5C6C700][000001B59B79EAC0 49] iPadAir4, [000001B5A5C34200][000001B5A2DCCC00 49] iPadMini2, [000001B5A5C6F500][000001B5A2DD0D40 49] iPadMini3, [000001B5A5C36F00][000001B5A2DD8EC0 49] iPadMini4, [000001B5A5C6FC00][000001B5A2DF9040 49] iPadMini5, [000001B5A5C96B00][000001B5A25AD300 49] iPhone6, [000001B5A5C95800][000001B5A2DFD340 49] iPodTouch6, [000001B5A5C2BF00][000001B5A25B5600 49] iPhone7, [000001B5A5C2BE00][000001B5A25B1640 49] iPodTouch7, [000001B5A5C95D00][000001B5A25B97C0 49] iPhone5S, [000001B5A5C28600][000001B5A25BD940 49] iPhone6Plus, [000001B5A5C97E00][000001B5A25C5AC0 49] iPhone6S, [000001B5A5C2B100][000001B5A25DC0C0 49] iPhone6SPlus, [000001B5A5C96A00][000001B5A29A4240 49] iPhone7Plus, [000001B5A5C29000][000001B5A29A83C0 49] iPhoneSE, [000001B5A5C97900][000001B5A29AC540 49] iPhone8, [000001B5A5C2A800][000001B5A29B06C0 49] iPhone8Plus, [000001B5A5C96700][000001B5A29BC840 49] iPhoneX, [000001B5A5C2B500][000001B5A29C09C0 49] iPhoneXS, [000001B5A5C96000][000001B5A29C4B40 49] iPhoneXSMax, [000001B5A5C28C00][000001B5A2DD4C80 49] iPhoneXR, [000001B5A5C96500][000001B5A29C8DC0 49] iPhone11, [000001B5A5C2AA00][000001B5A29CCF00 49] iPhone11Pro, [000001B5A5C97600][000001B5A29D5080 49] iPhone11ProMax, [000001B5A5C28500][000001B5A29D9200 49] iPhoneSE2, [000001B5A5C94C00][000001B5A29DD380 49] iPhone12Mini, [000001B5A5C28D00][000001B5A29E1500 49] iPhone12, [000001B5A5C97200][000001B5A29E5680 49] iPhone12Pro, [000001B5A5C2A600][000001B5A29E9800 49] iPhone12ProMax, [000001B5A5C95200][000001B5A29ED980 49] iPadPro105, [000001B5A5C29900][000001B59A085B00 49] iPadPro129, [000001B5A5C97800][000001B59A088100 49] iPadPro97, [000001B5A5C29600][000001B59A090280 49] iPadPro2_129, [000001B5A5C96200][000001B59A098400 49] iPad5, [000001B5A5C28700][000001B59A09C580 49] iPad6, [000001B5A5C94200][000001B59A0A0700 49] iPad7, [000001B5A5C2B400][000001B59A0A4880 49] iPad8, [000001B5A5C97700][000001B59A0A8A00 49] iPadPro11, [000001B5A5C28800][000001B59A0ACB80 49] iPadPro2_11, [000001B5A5C95F00][000001B59A0B0D00 49] iPadPro3_129, [000001B5A5C29A00][000001B5A29D0E40 49] iPadPro4_129, [000001B5A5C97400][000001B59A0B4F80 49] AppleTV, [000001B5A5C29500][000001B59A0B90C0 49] AppleTV4K, [000001B5A5C95A00][000001B5A1EBD240 49] TVOS, [000001B5A5C2A200][000001B5A1EC13C0 49] Mac, [000001B5A5C97A00][000001B5A1EC5540 49] MacClient, [000001B5A5C2A300][000001B5A1EC96C0 49] MacNoEditor, [000001B5A5C94B00][000001B5A1ECD840 49] MacServer, [000001B5A5C28E00][000001B5A1ED19C0 49] Linux, [000001B5A5C94400][000001B5A1ED5B40 49] LinuxAArch64, [000001B5A5C2AE00][000001B5A1ED8140 49] LinuxNoEditor, [000001B5A5C97F00][000001B5A1EDC2C0 49] LinuxAArch64NoEditor, [000001B5A5C29800][000001B5A1EE0440 49] LinuxClient, [000001B5A5C94E00][000001B5A1EE45C0 49] LinuxAArch64Client, [000001B5A5C29E00][000001B5A1EE8740 49] LinuxServer, [000001B5A5C96400][000001B5A1EEC8C0 49] LinuxAArch64Server, [000001B5A5C29700][000001B5A1EF0A40 49] Android, [000001B5A5C95C00][000001B5A1EF4BC0 49] Android_Low, [000001B5A5C28100][000001B599C56D40 49] Android_Mid, [000001B5A5C34500][000001B599C5AEC0 49] Android_High, [000001B5A5D1F500][000001B5A1EB9000 49] Android_Default, [000001B5A5C37F00][000001B599C5F140 49] Android_Adreno4xx, [000001B5A5D1CA00][000001B599C63280 49] Android_Adreno5xx_Low, [000001B5A5C37200][000001B599C673C0 49] Android_Adreno5xx, [000001B5A5D1EA00][000001B599C6F540 49] Android_Adreno6xx, [000001B5A5C37500][000001B599C736C0 49] Android_Adreno6xx_Vulkan, [000001B5A5D1D600][000001B599C77840 49] Android_Mali_T6xx, [000001B5A5C34600][000001B599C7B9C0 49] Android_Mali_T7xx, [000001B5A5D1EB00][000001B599C7FB40 49] Android_Mali_T8xx, [000001B5A5C34400][000001B599C82140 49] Android_Mali_G71, [000001B5A5D1C700][000001B599C862C0 49] Android_Mali_G72, [000001B5A5C34300][000001B599C8A440 49] Android_Mali_G72_Vulkan, [000001B5A5D1E100][000001B599C8E5C0 49] Android_Mali_G76, [000001B5A5C35700][000001B599C92740 49] Android_Mali_G76_Vulkan, [000001B5A5D1C600][000001B599C968C0 49] Android_Mali_G77, [000001B5A5C34F00][000001B599C9AA40 49] Android_Mali_G77_Vulkan, [000001B5A5D1F400][000001B599C9EBC0 49] Android_Mali_G78, [000001B5A5C35A00][000001B599CA2D40 49] Android_Mali_G78_Vulkan, [000001B5A5D1CF00][000001B599CA6EC0 49] Android_Mali_G710, [000001B5A5C34D00][000001B5A5FE5040 49] Android_Mali_G710_Vulkan, [000001B5A5D1D300][000001B599C6B180 49] Android_Vulkan_SM5, [000001B5A5C35B00][000001B5A5FE92C0 49] Android_PowerVR_G6xxx, [000001B5A5D1C400][000001B5A5FED400 49] Android_PowerVR_GT7xxx, [000001B5A5C35F00][000001B5A5FF1540 49] Android_PowerVR_GE8xxx, [000001B5A5D1E300][000001B5A5FF96C0 49] Android_PowerVR_GM9xxx, [000001B5A5C35100][000001B5A5FFD840 49] Android_PowerVR_GM9xxx_Vulkan, [000001B5A5D1F900][000001B5A60019C0 49] Android_TegraK1, [000001B5A5C37800][000001B5A6005B40 49] Android_Unknown_Vulkan, [000001B5A5D1C900][000001B5A6008140 49] Lumin, [000001B5A5C36800][000001B5A600C2C0 49] Lumin_Desktop, [000001B5A5C28400][000001B5A6010440 49] HoloLens, 
[2023.02.27-16.24.01:407][  0]LogMeshReduction: Using QuadricMeshReduction for automatic static mesh reduction
[2023.02.27-16.24.01:407][  0]LogMeshReduction: Using SimplygonMeshReduction for automatic skeletal mesh reduction
[2023.02.27-16.24.01:407][  0]LogMeshReduction: Using ProxyLODMeshReduction for automatic mesh merging
[2023.02.27-16.24.01:407][  0]LogMeshReduction: No distributed automatic mesh merging module available
[2023.02.27-16.24.01:407][  0]LogMeshMerging: No distributed automatic mesh merging module available
[2023.02.27-16.24.01:431][  0]LogNetVersion: blueprints 1.0.0, NetCL: 17155196, EngineNetVer: 17, GameNetVer: 0 (Checksum: 2760012620)
[2023.02.27-16.24.02:015][  0]LogTexture: Default maximum texture size for cubemaps generated from long-lat sources has been changed from 512 to unlimited. In order to preserve old behaiour for '/Engine/MapTemplates/Sky/DaylightAmbientCubemap.DaylightAmbientCubemap', its maximum texture size has been explicitly set to 512.
[2023.02.27-16.24.02:099][  0]LogHMD: PokeAHoleMaterial loaded successfully
[2023.02.27-16.24.02:106][  0]LogUObjectArray: 17983 objects as part of root set at end of initial load.
[2023.02.27-16.24.02:106][  0]LogUObjectAllocator: 4628000 out of 0 bytes used by permanent object pool.
[2023.02.27-16.24.02:106][  0]LogUObjectArray: CloseDisregardForGC: 0/0 objects in disregard for GC pool
[2023.02.27-16.24.02:478][  0]LogNiagaraDebuggerClient: Niagara Debugger Client Initialized | Session: F8A0E27E493CBCC370102388B5819E2F | Instance: 52C479D5454B6A27D077E08C4DC470BA (BCUD2-009314-5668).
[2023.02.27-16.24.02:666][  0]LogUdpMessaging: Initializing bridge on interface 0.0.0.0:0 to multicast group 230.0.0.1:6666.
[2023.02.27-16.24.02:674][  0]LogTcpMessaging: Initializing TcpMessaging bridge
[2023.02.27-16.24.02:686][  0]LogPython: Using Python 3.7.7
[2023.02.27-16.24.03:456][  0]SourceControl: Source control is disabled
[2023.02.27-16.24.03:456][  0]SourceControl: Source control is disabled
[2023.02.27-16.24.03:462][  0]SourceControl: Source control is disabled
[2023.02.27-16.24.03:466][  0]SourceControl: Source control is disabled
[2023.02.27-16.24.03:524][  0]SourceControl: Source control is disabled
[2023.02.27-16.24.03:532][  0]LogUProjectInfo: Found projects:
[2023.02.27-16.24.03:756][  0]LogOpenImageDenoise: OIDN starting up
[2023.02.27-16.24.03:803][  0]LogAndroidPermission: UAndroidPermissionCallbackProxy::GetInstance
[2023.02.27-16.24.03:824][  0]LogAudioCaptureCore: Display: No Audio Capture implementations found. Audio input will be silent.
[2023.02.27-16.24.03:824][  0]LogAudioCaptureCore: Display: No Audio Capture implementations found. Audio input will be silent.
[2023.02.27-16.24.03:985][  0]LogCollectionManager: Loaded 0 collections in 0.001700 seconds
[2023.02.27-16.24.04:022][  0]LogFileCache: Scanning file cache for directory 'V:/Repo/New folder/ChallengeWeek2ElectricBoogaloo/blueprints/Saved/Collections/' took 0.00s
[2023.02.27-16.24.04:022][  0]LogFileCache: Scanning file cache for directory 'V:/Repo/New folder/ChallengeWeek2ElectricBoogaloo/blueprints/Content/Developers/S22120023/Collections/' took 0.00s
[2023.02.27-16.24.04:022][  0]LogFileCache: Scanning file cache for directory 'V:/Repo/New folder/ChallengeWeek2ElectricBoogaloo/blueprints/Content/Collections/' took 0.00s
[2023.02.27-16.24.04:022][  0]LogOcInput: OculusInput pre-init called
[2023.02.27-16.24.04:694][  0]LogClass: Display: Int8Property FMTSJson::version is not initialized properly. Module:MegascansPlugin File:Private/Utilities/MTSReader.h
[2023.02.27-16.24.04:694][  0]LogClass: Display: Int16Property FMTSJson::resolutionValue is not initialized properly. Module:MegascansPlugin File:Private/Utilities/MTSReader.h
[2023.02.27-16.24.04:694][  0]LogClass: Display: BoolProperty FMTSJson::isExternal is not initialized properly. Module:MegascansPlugin File:Private/Utilities/MTSReader.h
[2023.02.27-16.24.04:694][  0]LogClass: Display: Int8Property FMTSJson::meshVersion is not initialized properly. Module:MegascansPlugin File:Private/Utilities/MTSReader.h
[2023.02.27-16.24.04:694][  0]LogClass: Display: BoolProperty FMTSJson::isCustom is not initialized properly. Module:MegascansPlugin File:Private/Utilities/MTSReader.h
[2023.02.27-16.24.04:694][  0]LogClass: Display: BoolProperty FMTSJson::isModularAsset is not initialized properly. Module:MegascansPlugin File:Private/Utilities/MTSReader.h
[2023.02.27-16.24.04:694][  0]LogClass: Display: Int8Property FLodList::variation is not initialized properly. Module:MegascansPlugin File:Private/Utilities/MTSReader.h
[2023.02.27-16.24.04:695][  0]LogClass: Display: Int16Property FMeshList::resolution is not initialized properly. Module:MegascansPlugin File:Private/Utilities/MTSReader.h
[2023.02.27-16.24.04:695][  0]LogClass: Display: Int16Property FComponents::resolution is not initialized properly. Module:MegascansPlugin File:Private/Utilities/MTSReader.h
[2023.02.27-16.24.04:695][  0]LogClass: Display: BoolProperty FTextureSets::isUdim is not initialized properly. Module:MegascansPlugin File:Private/Utilities/MTSReader.h
[2023.02.27-16.24.04:695][  0]LogClass: Display: BoolProperty FMeta::value is not initialized properly. Module:MegascansPlugin File:Private/Utilities/MTSReader.h
[2023.02.27-16.24.04:695][  0]LogClass: Display: 11 Uninitialized script struct members found including 0 object properties
[2023.02.27-16.24.04:696][  0]LogEngine: Initializing Engine...
[2023.02.27-16.24.04:699][  0]LogHMD: Failed to enumerate extensions. Please check that you have a valid OpenXR runtime installed.
[2023.02.27-16.24.04:699][  0]LogHMD: Failed to initialize OpenVR with code 110
[2023.02.27-16.24.04:699][  0]LogMagicLeap: Warning: VR disabled because ZI is not enabled.  To enable, in the editor, Edit -> Project Settings -> Plugins -> Magic Leap Plugin -> Enable Zero Iteration
[2023.02.27-16.24.04:700][  0]LogStats: UGameplayTagsManager::InitializeManager -  0.000 s
[2023.02.27-16.24.04:844][  0]LogInit: Initializing FReadOnlyCVARCache
[2023.02.27-16.24.04:902][  0]LogAIModule: Creating AISystem for world Untitled
[2023.02.27-16.24.04:903][  0]LogAudio: Display: Initializing Audio Device Manager...
[2023.02.27-16.24.04:906][  0]LogAudio: Display: Loading Default Audio Settings Objects...
[2023.02.27-16.24.04:907][  0]LogAudio: Display: No default SoundConcurrencyObject specified (or failed to load).
[2023.02.27-16.24.04:908][  0]LogAudio: Display: Audio Device Manager Initialized
[2023.02.27-16.24.04:908][  0]LogAudio: Display: Creating Audio Device:                 Id: 1, Scope: Shared, Realtime: True
[2023.02.27-16.24.04:908][  0]LogAudioMixer: Display: Audio Mixer Platform Settings:
[2023.02.27-16.24.04:908][  0]LogAudioMixer: Display: 	Sample Rate:						  48000
[2023.02.27-16.24.04:908][  0]LogAudioMixer: Display: 	Callback Buffer Frame Size Requested: 1024
[2023.02.27-16.24.04:908][  0]LogAudioMixer: Display: 	Callback Buffer Frame Size To Use:	  1024
[2023.02.27-16.24.04:908][  0]LogAudioMixer: Display: 	Number of buffers to queue:			  2
[2023.02.27-16.24.04:908][  0]LogAudioMixer: Display: 	Max Channels (voices):				  32
[2023.02.27-16.24.04:908][  0]LogAudioMixer: Display: 	Number of Async Source Workers:		  0
[2023.02.27-16.24.04:908][  0]LogAudio: Display: AudioDevice MaxSources: 32
[2023.02.27-16.24.04:908][  0]LogAudio: Display: Audio Spatialization Plugin: None (built-in).
[2023.02.27-16.24.04:908][  0]LogAudio: Display: Audio Reverb Plugin: None (built-in).
[2023.02.27-16.24.04:908][  0]LogAudio: Display: Audio Occlusion Plugin: None (built-in).
[2023.02.27-16.24.04:908][  0]LogAudioMixer: Display: Initializing audio mixer.
[2023.02.27-16.24.04:926][  0]LogAudioMixer: Display: 0: FrontLeft
[2023.02.27-16.24.04:926][  0]LogAudioMixer: Display: 1: FrontRight
[2023.02.27-16.24.04:993][  0]LogAudioMixer: Display: Using Audio Device Speakers (Realtek(R) Audio)
[2023.02.27-16.24.04:993][  0]LogAudioMixer: Display: Initializing Sound Submixes...
[2023.02.27-16.24.04:997][  0]LogAudioMixer: Display: Creating Master Submix 'MasterSubmixDefault'
[2023.02.27-16.24.04:997][  0]LogAudioMixer: Display: Creating Master Submix 'MasterReverbSubmixDefault'
[2023.02.27-16.24.04:998][  0]LogAudioMixer: Display: Creating Master Submix 'MasterEQSubmixDefault'
[2023.02.27-16.24.04:998][  0]LogAudioMixer: FMixerPlatformXAudio2::StartAudioStream() called
[2023.02.27-16.24.04:998][  0]LogAudioMixer: Display: Output buffers initialized: Frames=1024, Channels=2, Samples=2048
[2023.02.27-16.24.04:999][  0]LogAudioMixer: Display: Starting AudioMixerPlatformInterface::RunInternal()
[2023.02.27-16.24.04:999][  0]LogAudioMixer: Display: FMixerPlatformXAudio2::SubmitBuffer() called for the first time
[2023.02.27-16.24.04:999][  0]LogInit: FAudioDevice initialized.
[2023.02.27-16.24.04:999][  0]LogAudio: Display: Audio Device (ID: 1) registered with world 'Untitled'.
[2023.02.27-16.24.04:999][  0]LogNetVersion: Set ProjectVersion to 1.0.0.0. Version Checksum will be recalculated on next use.
[2023.02.27-16.24.05:245][  0]LogDerivedDataCache: Saved boot cache 0.24s 105MB C:/Users/S22120023/AppData/Local/UnrealEngine/4.27/DerivedDataCache/Boot.ddc.
[2023.02.27-16.24.05:246][  0]LogInit: Texture streaming: Enabled
[2023.02.27-16.24.05:267][  0]LogAnalytics: Display: [UEEditor.Rocket.Release] APIServer = https://datarouter.ol.epicgames.com/. AppVersion = 4.27.2-18319896+++UE4+Release-4.27
[2023.02.27-16.24.05:275][  0]LogEngineSessionManager: EngineSessionManager initialized
[2023.02.27-16.24.05:275][  0]LogEditorSessionSummary: Verbose: Initializing EditorSessionSummaryWriter for editor session tracking
[2023.02.27-16.24.05:285][  0]LogEditorSessionSummary: EditorSessionSummaryWriter initialized
[2023.02.27-16.24.05:313][  0]LogInit: Transaction tracking system initialized
[2023.02.27-16.24.05:337][  0]BlueprintLog: New page: Editor Load
[2023.02.27-16.24.05:408][  0]LocalizationService: Localization service is disabled
[2023.02.27-16.24.05:437][  0]TimingProfiler: Initialize
[2023.02.27-16.24.05:437][  0]TimingProfiler: OnSessionChanged
[2023.02.27-16.24.05:437][  0]LoadingProfiler: Initialize
[2023.02.27-16.24.05:437][  0]LoadingProfiler: OnSessionChanged
[2023.02.27-16.24.05:437][  0]NetworkingProfiler: Initialize
[2023.02.27-16.24.05:437][  0]NetworkingProfiler: OnSessionChanged
[2023.02.27-16.24.05:437][  0]MemoryProfiler: Initialize
[2023.02.27-16.24.05:437][  0]MemoryProfiler: OnSessionChanged
[2023.02.27-16.24.05:646][  0]LogCook: Display: CookSettings for Memory: MemoryMaxUsedVirtual 0MiB, MemoryMaxUsedPhysical 16384MiB, MemoryMinFreeVirtual 0MiB, MemoryMinFreePhysical 1024MiB
[2023.02.27-16.24.05:646][  0]LogCook: Display: Mobile HDR setting 1
[2023.02.27-16.24.05:745][  0]LogFileCache: Scanning file cache for directory 'V:/Repo/New folder/ChallengeWeek2ElectricBoogaloo/blueprints/Content/' took 0.00s
[2023.02.27-16.24.06:140][  0]LogInit: Display: Engine is initialized. Leaving FEngineLoop::Init()
[2023.02.27-16.24.06:147][  0]SourceControl: Source control is disabled
[2023.02.27-16.24.06:147][  0]LogUnrealEdMisc: Loading editor; pre map load, took 9.319
[2023.02.27-16.24.06:147][  0]Cmd: MAP LOAD FILE="V:/Repo/New folder/ChallengeWeek2ElectricBoogaloo/blueprints/Content/ThirdPersonBP/Maps/ThirdPersonExampleMap.umap" TEMPLATE=0 SHOWPROGRESS=1 FEATURELEVEL=3
[2023.02.27-16.24.06:147][  0]LogEditorServer: Warning: Can't find file 'V:/Repo/New folder/ChallengeWeek2ElectricBoogaloo/blueprints/Content/ThirdPersonBP/Maps/ThirdPersonExampleMap.umap'
[2023.02.27-16.24.06:147][  0]Cmd: MAP CHECKDEP NOCLEARLOG
[2023.02.27-16.24.06:148][  0]MapCheck: Map check complete: 0 Error(s), 0 Warning(s), took 0.116ms to complete.
[2023.02.27-16.24.06:148][  0]LogFileHelpers: Loading map 'ThirdPersonExampleMap' took 0.000
[2023.02.27-16.24.06:149][  0]LogUnrealEdMisc: Total Editor Startup Time, took 9.321
[2023.02.27-16.24.06:282][  0]LogSlate: Updating window title bar state: overlay mode, drag disabled, window buttons hidden, title bar hidden
[2023.02.27-16.24.06:288][  0]LogSlate: Updating window title bar state: overlay mode, drag disabled, window buttons hidden, title bar hidden
[2023.02.27-16.24.06:293][  0]LogSlate: Updating window title bar state: overlay mode, drag disabled, window buttons hidden, title bar hidden
[2023.02.27-16.24.06:298][  0]LogSlate: Updating window title bar state: overlay mode, drag disabled, window buttons hidden, title bar hidden
[2023.02.27-16.24.06:364][  0]LogNativeClassHierarchy: Verbose: Native class hierarchy populated in 0.0086 seconds. Added 3891 classes and 947 folders.
[2023.02.27-16.24.06:383][  0]LogNativeClassHierarchy: Verbose: Native class hierarchy updated for 'WidgetCarousel' in 0.0002 seconds. Added 0 classes and 0 folders.
[2023.02.27-16.24.06:385][  0]LogPakFile: PakFile PrimaryIndexSize=187
[2023.02.27-16.24.06:385][  0]LogPakFile: PakFile PathHashIndexSize=101
[2023.02.27-16.24.06:385][  0]LogPakFile: PakFile FullDirectoryIndexSize=148
[2023.02.27-16.24.06:385][  0]LogShaderLibrary: Display: ShaderCodeLibraryPakFileMountedCallback: PakFile 'C:/Program Files/Epic Games/UE_4.27/FeaturePacks/FP_FirstPerson.upack' (chunk index -1, root 'root:/') mounted
[2023.02.27-16.24.06:385][  0]LogShaderLibrary: Display: ShaderCodeLibraryPakFileMountedCallback: pending pak file info (ChunkID:-1 Root:root:/ File:C:/Program Files/Epic Games/UE_4.27/FeaturePacks/FP_FirstPerson.upack)
[2023.02.27-16.24.06:385][  0]LogPakFile: OnPakFileMounted2Time == 0.000057
[2023.02.27-16.24.06:386][  0]LogPakFile: PakFile PrimaryIndexSize=189
[2023.02.27-16.24.06:386][  0]LogPakFile: PakFile PathHashIndexSize=101
[2023.02.27-16.24.06:386][  0]LogPakFile: PakFile FullDirectoryIndexSize=152
[2023.02.27-16.24.06:386][  0]LogShaderLibrary: Display: ShaderCodeLibraryPakFileMountedCallback: PakFile 'C:/Program Files/Epic Games/UE_4.27/FeaturePacks/FP_FirstPersonBP.upack' (chunk index -1, root 'root:/') mounted
[2023.02.27-16.24.06:386][  0]LogShaderLibrary: Display: ShaderCodeLibraryPakFileMountedCallback: pending pak file info (ChunkID:-1 Root:root:/ File:C:/Program Files/Epic Games/UE_4.27/FeaturePacks/FP_FirstPersonBP.upack)
[2023.02.27-16.24.06:386][  0]LogPakFile: OnPakFileMounted2Time == 0.000037
[2023.02.27-16.24.06:387][  0]LogPakFile: PakFile PrimaryIndexSize=191
[2023.02.27-16.24.06:387][  0]LogPakFile: PakFile PathHashIndexSize=101
[2023.02.27-16.24.06:387][  0]LogPakFile: PakFile FullDirectoryIndexSize=160
[2023.02.27-16.24.06:387][  0]LogShaderLibrary: Display: ShaderCodeLibraryPakFileMountedCallback: PakFile 'C:/Program Files/Epic Games/UE_4.27/FeaturePacks/MobileStarterContent.upack' (chunk index -1, root 'root:/') mounted
[2023.02.27-16.24.06:387][  0]LogShaderLibrary: Display: ShaderCodeLibraryPakFileMountedCallback: pending pak file info (ChunkID:-1 Root:root:/ File:C:/Program Files/Epic Games/UE_4.27/FeaturePacks/MobileStarterContent.upack)
[2023.02.27-16.24.06:387][  0]LogPakFile: OnPakFileMounted2Time == 0.000032
[2023.02.27-16.24.06:388][  0]LogPakFile: PakFile PrimaryIndexSize=185
[2023.02.27-16.24.06:388][  0]LogPakFile: PakFile PathHashIndexSize=101
[2023.02.27-16.24.06:388][  0]LogPakFile: PakFile FullDirectoryIndexSize=148
[2023.02.27-16.24.06:388][  0]LogShaderLibrary: Display: ShaderCodeLibraryPakFileMountedCallback: PakFile 'C:/Program Files/Epic Games/UE_4.27/FeaturePacks/StarterContent.upack' (chunk index -1, root 'root:/') mounted
[2023.02.27-16.24.06:388][  0]LogShaderLibrary: Display: ShaderCodeLibraryPakFileMountedCallback: pending pak file info (ChunkID:-1 Root:root:/ File:C:/Program Files/Epic Games/UE_4.27/FeaturePacks/StarterContent.upack)
[2023.02.27-16.24.06:388][  0]LogPakFile: OnPakFileMounted2Time == 0.000033
[2023.02.27-16.24.06:389][  0]LogPakFile: PakFile PrimaryIndexSize=190
[2023.02.27-16.24.06:389][  0]LogPakFile: PakFile PathHashIndexSize=101
[2023.02.27-16.24.06:389][  0]LogPakFile: PakFile FullDirectoryIndexSize=154
[2023.02.27-16.24.06:389][  0]LogShaderLibrary: Display: ShaderCodeLibraryPakFileMountedCallback: PakFile 'C:/Program Files/Epic Games/UE_4.27/FeaturePacks/TP_2DSideScroller.upack' (chunk index -1, root 'root:/') mounted
[2023.02.27-16.24.06:389][  0]LogShaderLibrary: Display: ShaderCodeLibraryPakFileMountedCallback: pending pak file info (ChunkID:-1 Root:root:/ File:C:/Program Files/Epic Games/UE_4.27/FeaturePacks/TP_2DSideScroller.upack)
[2023.02.27-16.24.06:389][  0]LogPakFile: OnPakFileMounted2Time == 0.000035
[2023.02.27-16.24.06:390][  0]LogPakFile: PakFile PrimaryIndexSize=192
[2023.02.27-16.24.06:390][  0]LogPakFile: PakFile PathHashIndexSize=101
[2023.02.27-16.24.06:390][  0]LogPakFile: PakFile FullDirectoryIndexSize=158
[2023.02.27-16.24.06:390][  0]LogShaderLibrary: Display: ShaderCodeLibraryPakFileMountedCallback: PakFile 'C:/Program Files/Epic Games/UE_4.27/FeaturePacks/TP_2DSideScrollerBP.upack' (chunk index -1, root 'root:/') mounted
[2023.02.27-16.24.06:390][  0]LogShaderLibrary: Display: ShaderCodeLibraryPakFileMountedCallback: pending pak file info (ChunkID:-1 Root:root:/ File:C:/Program Files/Epic Games/UE_4.27/FeaturePacks/TP_2DSideScrollerBP.upack)
[2023.02.27-16.24.06:390][  0]LogPakFile: OnPakFileMounted2Time == 0.000032
[2023.02.27-16.24.06:390][  0]LogPakFile: PakFile PrimaryIndexSize=182
[2023.02.27-16.24.06:390][  0]LogPakFile: PakFile PathHashIndexSize=101
[2023.02.27-16.24.06:390][  0]LogPakFile: PakFile FullDirectoryIndexSize=138
[2023.02.27-16.24.06:390][  0]LogShaderLibrary: Display: ShaderCodeLibraryPakFileMountedCallback: PakFile 'C:/Program Files/Epic Games/UE_4.27/FeaturePacks/TP_Flying.upack' (chunk index -1, root 'root:/') mounted
[2023.02.27-16.24.06:390][  0]LogShaderLibrary: Display: ShaderCodeLibraryPakFileMountedCallback: pending pak file info (ChunkID:-1 Root:root:/ File:C:/Program Files/Epic Games/UE_4.27/FeaturePacks/TP_Flying.upack)
[2023.02.27-16.24.06:390][  0]LogPakFile: OnPakFileMounted2Time == 0.000032
[2023.02.27-16.24.06:391][  0]LogPakFile: PakFile PrimaryIndexSize=184
[2023.02.27-16.24.06:391][  0]LogPakFile: PakFile PathHashIndexSize=101
[2023.02.27-16.24.06:391][  0]LogPakFile: PakFile FullDirectoryIndexSize=142
[2023.02.27-16.24.06:391][  0]LogShaderLibrary: Display: ShaderCodeLibraryPakFileMountedCallback: PakFile 'C:/Program Files/Epic Games/UE_4.27/FeaturePacks/TP_FlyingBP.upack' (chunk index -1, root 'root:/') mounted
[2023.02.27-16.24.06:391][  0]LogShaderLibrary: Display: ShaderCodeLibraryPakFileMountedCallback: pending pak file info (ChunkID:-1 Root:root:/ File:C:/Program Files/Epic Games/UE_4.27/FeaturePacks/TP_FlyingBP.upack)
[2023.02.27-16.24.06:391][  0]LogPakFile: OnPakFileMounted2Time == 0.000032
[2023.02.27-16.24.06:392][  0]LogPakFile: PakFile PrimaryIndexSize=188
[2023.02.27-16.24.06:392][  0]LogPakFile: PakFile PathHashIndexSize=101
[2023.02.27-16.24.06:392][  0]LogPakFile: PakFile FullDirectoryIndexSize=150
[2023.02.27-16.24.06:392][  0]LogShaderLibrary: Display: ShaderCodeLibraryPakFileMountedCallback: PakFile 'C:/Program Files/Epic Games/UE_4.27/FeaturePacks/TP_HandheldARBP.upack' (chunk index -1, root 'root:/') mounted
[2023.02.27-16.24.06:392][  0]LogShaderLibrary: Display: ShaderCodeLibraryPakFileMountedCallback: pending pak file info (ChunkID:-1 Root:root:/ File:C:/Program Files/Epic Games/UE_4.27/FeaturePacks/TP_HandheldARBP.upack)
[2023.02.27-16.24.06:392][  0]LogPakFile: OnPakFileMounted2Time == 0.000032
[2023.02.27-16.24.06:393][  0]LogPakFile: PakFile PrimaryIndexSize=182
[2023.02.27-16.24.06:393][  0]LogPakFile: PakFile PathHashIndexSize=101
[2023.02.27-16.24.06:393][  0]LogPakFile: PakFile FullDirectoryIndexSize=138
[2023.02.27-16.24.06:393][  0]LogShaderLibrary: Display: ShaderCodeLibraryPakFileMountedCallback: PakFile 'C:/Program Files/Epic Games/UE_4.27/FeaturePacks/TP_Puzzle.upack' (chunk index -1, root 'root:/') mounted
[2023.02.27-16.24.06:393][  0]LogShaderLibrary: Display: ShaderCodeLibraryPakFileMountedCallback: pending pak file info (ChunkID:-1 Root:root:/ File:C:/Program Files/Epic Games/UE_4.27/FeaturePacks/TP_Puzzle.upack)
[2023.02.27-16.24.06:393][  0]LogPakFile: OnPakFileMounted2Time == 0.000032
[2023.02.27-16.24.06:394][  0]LogPakFile: PakFile PrimaryIndexSize=184
[2023.02.27-16.24.06:394][  0]LogPakFile: PakFile PathHashIndexSize=101
[2023.02.27-16.24.06:394][  0]LogPakFile: PakFile FullDirectoryIndexSize=142
[2023.02.27-16.24.06:394][  0]LogShaderLibrary: Display: ShaderCodeLibraryPakFileMountedCallback: PakFile 'C:/Program Files/Epic Games/UE_4.27/FeaturePacks/TP_PuzzleBP.upack' (chunk index -1, root 'root:/') mounted
[2023.02.27-16.24.06:394][  0]LogShaderLibrary: Display: ShaderCodeLibraryPakFileMountedCallback: pending pak file info (ChunkID:-1 Root:root:/ File:C:/Program Files/Epic Games/UE_4.27/FeaturePacks/TP_PuzzleBP.upack)
[2023.02.27-16.24.06:394][  0]LogPakFile: OnPakFileMounted2Time == 0.000035
[2023.02.27-16.24.06:395][  0]LogPakFile: PakFile PrimaryIndexSize=183
[2023.02.27-16.24.06:395][  0]LogPakFile: PakFile PathHashIndexSize=101
[2023.02.27-16.24.06:395][  0]LogPakFile: PakFile FullDirectoryIndexSize=140
[2023.02.27-16.24.06:395][  0]LogShaderLibrary: Display: ShaderCodeLibraryPakFileMountedCallback: PakFile 'C:/Program Files/Epic Games/UE_4.27/FeaturePacks/TP_Rolling.upack' (chunk index -1, root 'root:/') mounted
[2023.02.27-16.24.06:395][  0]LogShaderLibrary: Display: ShaderCodeLibraryPakFileMountedCallback: pending pak file info (ChunkID:-1 Root:root:/ File:C:/Program Files/Epic Games/UE_4.27/FeaturePacks/TP_Rolling.upack)
[2023.02.27-16.24.06:395][  0]LogPakFile: OnPakFileMounted2Time == 0.000031
[2023.02.27-16.24.06:395][  0]LogPakFile: PakFile PrimaryIndexSize=185
[2023.02.27-16.24.06:395][  0]LogPakFile: PakFile PathHashIndexSize=101
[2023.02.27-16.24.06:395][  0]LogPakFile: PakFile FullDirectoryIndexSize=144
[2023.02.27-16.24.06:396][  0]LogShaderLibrary: Display: ShaderCodeLibraryPakFileMountedCallback: PakFile 'C:/Program Files/Epic Games/UE_4.27/FeaturePacks/TP_RollingBP.upack' (chunk index -1, root 'root:/') mounted
[2023.02.27-16.24.06:396][  0]LogShaderLibrary: Display: ShaderCodeLibraryPakFileMountedCallback: pending pak file info (ChunkID:-1 Root:root:/ File:C:/Program Files/Epic Games/UE_4.27/FeaturePacks/TP_RollingBP.upack)
[2023.02.27-16.24.06:396][  0]LogPakFile: OnPakFileMounted2Time == 0.000034
[2023.02.27-16.24.06:396][  0]LogPakFile: PakFile PrimaryIndexSize=188
[2023.02.27-16.24.06:396][  0]LogPakFile: PakFile PathHashIndexSize=101
[2023.02.27-16.24.06:396][  0]LogPakFile: PakFile FullDirectoryIndexSize=150
[2023.02.27-16.24.06:396][  0]LogShaderLibrary: Display: ShaderCodeLibraryPakFileMountedCallback: PakFile 'C:/Program Files/Epic Games/UE_4.27/FeaturePacks/TP_SideScroller.upack' (chunk index -1, root 'root:/') mounted
[2023.02.27-16.24.06:396][  0]LogShaderLibrary: Display: ShaderCodeLibraryPakFileMountedCallback: pending pak file info (ChunkID:-1 Root:root:/ File:C:/Program Files/Epic Games/UE_4.27/FeaturePacks/TP_SideScroller.upack)
[2023.02.27-16.24.06:396][  0]LogPakFile: OnPakFileMounted2Time == 0.000031
[2023.02.27-16.24.06:397][  0]LogPakFile: PakFile PrimaryIndexSize=190
[2023.02.27-16.24.06:397][  0]LogPakFile: PakFile PathHashIndexSize=101
[2023.02.27-16.24.06:397][  0]LogPakFile: PakFile FullDirectoryIndexSize=154
[2023.02.27-16.24.06:397][  0]LogShaderLibrary: Display: ShaderCodeLibraryPakFileMountedCallback: PakFile 'C:/Program Files/Epic Games/UE_4.27/FeaturePacks/TP_SideScrollerBP.upack' (chunk index -1, root 'root:/') mounted
[2023.02.27-16.24.06:397][  0]LogShaderLibrary: Display: ShaderCodeLibraryPakFileMountedCallback: pending pak file info (ChunkID:-1 Root:root:/ File:C:/Program Files/Epic Games/UE_4.27/FeaturePacks/TP_SideScrollerBP.upack)
[2023.02.27-16.24.06:397][  0]LogPakFile: OnPakFileMounted2Time == 0.000033
[2023.02.27-16.24.06:398][  0]LogPakFile: PakFile PrimaryIndexSize=187
[2023.02.27-16.24.06:398][  0]LogPakFile: PakFile PathHashIndexSize=101
[2023.02.27-16.24.06:398][  0]LogPakFile: PakFile FullDirectoryIndexSize=148
[2023.02.27-16.24.06:398][  0]LogShaderLibrary: Display: ShaderCodeLibraryPakFileMountedCallback: PakFile 'C:/Program Files/Epic Games/UE_4.27/FeaturePacks/TP_ThirdPerson.upack' (chunk index -1, root 'root:/') mounted
[2023.02.27-16.24.06:398][  0]LogShaderLibrary: Display: ShaderCodeLibraryPakFileMountedCallback: pending pak file info (ChunkID:-1 Root:root:/ File:C:/Program Files/Epic Games/UE_4.27/FeaturePacks/TP_ThirdPerson.upack)
[2023.02.27-16.24.06:398][  0]LogPakFile: OnPakFileMounted2Time == 0.000032
[2023.02.27-16.24.06:399][  0]LogPakFile: PakFile PrimaryIndexSize=189
[2023.02.27-16.24.06:399][  0]LogPakFile: PakFile PathHashIndexSize=101
[2023.02.27-16.24.06:399][  0]LogPakFile: PakFile FullDirectoryIndexSize=152
[2023.02.27-16.24.06:399][  0]LogShaderLibrary: Display: ShaderCodeLibraryPakFileMountedCallback: PakFile 'C:/Program Files/Epic Games/UE_4.27/FeaturePacks/TP_ThirdPersonBP.upack' (chunk index -1, root 'root:/') mounted
[2023.02.27-16.24.06:399][  0]LogShaderLibrary: Display: ShaderCodeLibraryPakFileMountedCallback: pending pak file info (ChunkID:-1 Root:root:/ File:C:/Program Files/Epic Games/UE_4.27/FeaturePacks/TP_ThirdPersonBP.upack)
[2023.02.27-16.24.06:399][  0]LogPakFile: OnPakFileMounted2Time == 0.000032
[2023.02.27-16.24.06:400][  0]LogPakFile: PakFile PrimaryIndexSize=183
[2023.02.27-16.24.06:400][  0]LogPakFile: PakFile PathHashIndexSize=101
[2023.02.27-16.24.06:400][  0]LogPakFile: PakFile FullDirectoryIndexSize=140
[2023.02.27-16.24.06:400][  0]LogShaderLibrary: Display: ShaderCodeLibraryPakFileMountedCallback: PakFile 'C:/Program Files/Epic Games/UE_4.27/FeaturePacks/TP_TopDown.upack' (chunk index -1, root 'root:/') mounted
[2023.02.27-16.24.06:400][  0]LogShaderLibrary: Display: ShaderCodeLibraryPakFileMountedCallback: pending pak file info (ChunkID:-1 Root:root:/ File:C:/Program Files/Epic Games/UE_4.27/FeaturePacks/TP_TopDown.upack)
[2023.02.27-16.24.06:400][  0]LogPakFile: OnPakFileMounted2Time == 0.000038
[2023.02.27-16.24.06:401][  0]LogPakFile: PakFile PrimaryIndexSize=185
[2023.02.27-16.24.06:401][  0]LogPakFile: PakFile PathHashIndexSize=101
[2023.02.27-16.24.06:401][  0]LogPakFile: PakFile FullDirectoryIndexSize=144
[2023.02.27-16.24.06:401][  0]LogShaderLibrary: Display: ShaderCodeLibraryPakFileMountedCallback: PakFile 'C:/Program Files/Epic Games/UE_4.27/FeaturePacks/TP_TopDownBP.upack' (chunk index -1, root 'root:/') mounted
[2023.02.27-16.24.06:401][  0]LogShaderLibrary: Display: ShaderCodeLibraryPakFileMountedCallback: pending pak file info (ChunkID:-1 Root:root:/ File:C:/Program Files/Epic Games/UE_4.27/FeaturePacks/TP_TopDownBP.upack)
[2023.02.27-16.24.06:401][  0]LogPakFile: OnPakFileMounted2Time == 0.000034
[2023.02.27-16.24.06:401][  0]LogPakFile: PakFile PrimaryIndexSize=185
[2023.02.27-16.24.06:401][  0]LogPakFile: PakFile PathHashIndexSize=101
[2023.02.27-16.24.06:401][  0]LogPakFile: PakFile FullDirectoryIndexSize=144
[2023.02.27-16.24.06:401][  0]LogShaderLibrary: Display: ShaderCodeLibraryPakFileMountedCallback: PakFile 'C:/Program Files/Epic Games/UE_4.27/FeaturePacks/TP_TwinStick.upack' (chunk index -1, root 'root:/') mounted
[2023.02.27-16.24.06:401][  0]LogShaderLibrary: Display: ShaderCodeLibraryPakFileMountedCallback: pending pak file info (ChunkID:-1 Root:root:/ File:C:/Program Files/Epic Games/UE_4.27/FeaturePacks/TP_TwinStick.upack)
[2023.02.27-16.24.06:401][  0]LogPakFile: OnPakFileMounted2Time == 0.000032
[2023.02.27-16.24.06:402][  0]LogPakFile: PakFile PrimaryIndexSize=187
[2023.02.27-16.24.06:402][  0]LogPakFile: PakFile PathHashIndexSize=101
[2023.02.27-16.24.06:402][  0]LogPakFile: PakFile FullDirectoryIndexSize=148
[2023.02.27-16.24.06:402][  0]LogShaderLibrary: Display: ShaderCodeLibraryPakFileMountedCallback: PakFile 'C:/Program Files/Epic Games/UE_4.27/FeaturePacks/TP_TwinStickBP.upack' (chunk index -1, root 'root:/') mounted
[2023.02.27-16.24.06:402][  0]LogShaderLibrary: Display: ShaderCodeLibraryPakFileMountedCallback: pending pak file info (ChunkID:-1 Root:root:/ File:C:/Program Files/Epic Games/UE_4.27/FeaturePacks/TP_TwinStickBP.upack)
[2023.02.27-16.24.06:402][  0]LogPakFile: OnPakFileMounted2Time == 0.000032
[2023.02.27-16.24.06:403][  0]LogPakFile: PakFile PrimaryIndexSize=183
[2023.02.27-16.24.06:403][  0]LogPakFile: PakFile PathHashIndexSize=101
[2023.02.27-16.24.06:403][  0]LogPakFile: PakFile FullDirectoryIndexSize=140
[2023.02.27-16.24.06:403][  0]LogShaderLibrary: Display: ShaderCodeLibraryPakFileMountedCallback: PakFile 'C:/Program Files/Epic Games/UE_4.27/FeaturePacks/TP_Vehicle.upack' (chunk index -1, root 'root:/') mounted
[2023.02.27-16.24.06:403][  0]LogShaderLibrary: Display: ShaderCodeLibraryPakFileMountedCallback: pending pak file info (ChunkID:-1 Root:root:/ File:C:/Program Files/Epic Games/UE_4.27/FeaturePacks/TP_Vehicle.upack)
[2023.02.27-16.24.06:403][  0]LogPakFile: OnPakFileMounted2Time == 0.000032
[2023.02.27-16.24.06:404][  0]LogPakFile: PakFile PrimaryIndexSize=186
[2023.02.27-16.24.06:404][  0]LogPakFile: PakFile PathHashIndexSize=101
[2023.02.27-16.24.06:404][  0]LogPakFile: PakFile FullDirectoryIndexSize=146
[2023.02.27-16.24.06:404][  0]LogShaderLibrary: Display: ShaderCodeLibraryPakFileMountedCallback: PakFile 'C:/Program Files/Epic Games/UE_4.27/FeaturePacks/TP_VehicleAdv.upack' (chunk index -1, root 'root:/') mounted
[2023.02.27-16.24.06:404][  0]LogShaderLibrary: Display: ShaderCodeLibraryPakFileMountedCallback: pending pak file info (ChunkID:-1 Root:root:/ File:C:/Program Files/Epic Games/UE_4.27/FeaturePacks/TP_VehicleAdv.upack)
[2023.02.27-16.24.06:404][  0]LogPakFile: OnPakFileMounted2Time == 0.000033
[2023.02.27-16.24.06:405][  0]LogPakFile: PakFile PrimaryIndexSize=188
[2023.02.27-16.24.06:405][  0]LogPakFile: PakFile PathHashIndexSize=101
[2023.02.27-16.24.06:405][  0]LogPakFile: PakFile FullDirectoryIndexSize=150
[2023.02.27-16.24.06:405][  0]LogShaderLibrary: Display: ShaderCodeLibraryPakFileMountedCallback: PakFile 'C:/Program Files/Epic Games/UE_4.27/FeaturePacks/TP_VehicleAdvBP.upack' (chunk index -1, root 'root:/') mounted
[2023.02.27-16.24.06:405][  0]LogShaderLibrary: Display: ShaderCodeLibraryPakFileMountedCallback: pending pak file info (ChunkID:-1 Root:root:/ File:C:/Program Files/Epic Games/UE_4.27/FeaturePacks/TP_VehicleAdvBP.upack)
[2023.02.27-16.24.06:405][  0]LogPakFile: OnPakFileMounted2Time == 0.000032
[2023.02.27-16.24.06:406][  0]LogPakFile: PakFile PrimaryIndexSize=185
[2023.02.27-16.24.06:406][  0]LogPakFile: PakFile PathHashIndexSize=101
[2023.02.27-16.24.06:406][  0]LogPakFile: PakFile FullDirectoryIndexSize=144
[2023.02.27-16.24.06:406][  0]LogShaderLibrary: Display: ShaderCodeLibraryPakFileMountedCallback: PakFile 'C:/Program Files/Epic Games/UE_4.27/FeaturePacks/TP_VehicleBP.upack' (chunk index -1, root 'root:/') mounted
[2023.02.27-16.24.06:406][  0]LogShaderLibrary: Display: ShaderCodeLibraryPakFileMountedCallback: pending pak file info (ChunkID:-1 Root:root:/ File:C:/Program Files/Epic Games/UE_4.27/FeaturePacks/TP_VehicleBP.upack)
[2023.02.27-16.24.06:406][  0]LogPakFile: OnPakFileMounted2Time == 0.000036
[2023.02.27-16.24.06:406][  0]LogPakFile: PakFile PrimaryIndexSize=192
[2023.02.27-16.24.06:406][  0]LogPakFile: PakFile PathHashIndexSize=101
[2023.02.27-16.24.06:406][  0]LogPakFile: PakFile FullDirectoryIndexSize=158
[2023.02.27-16.24.06:406][  0]LogShaderLibrary: Display: ShaderCodeLibraryPakFileMountedCallback: PakFile 'C:/Program Files/Epic Games/UE_4.27/FeaturePacks/TP_VirtualRealityBP.upack' (chunk index -1, root 'root:/') mounted
[2023.02.27-16.24.06:407][  0]LogShaderLibrary: Display: ShaderCodeLibraryPakFileMountedCallback: pending pak file info (ChunkID:-1 Root:root:/ File:C:/Program Files/Epic Games/UE_4.27/FeaturePacks/TP_VirtualRealityBP.upack)
[2023.02.27-16.24.06:407][  0]LogPakFile: OnPakFileMounted2Time == 0.000038
[2023.02.27-16.24.06:464][  0]LogNativeClassHierarchy: Verbose: Native class hierarchy updated for 'AddContentDialog' in 0.0003 seconds. Added 0 classes and 0 folders.
[2023.02.27-16.24.06:563][  0]LogSlate: Took 0.000534 seconds to synchronously load lazily loaded font '../../../Engine/Content/Slate/Fonts/Roboto-Regular.ttf' (155K)
[2023.02.27-16.24.06:565][  0]LogSlate: Took 0.000238 seconds to synchronously load lazily loaded font '../../../Engine/Content/Editor/Slate/Fonts/FontAwesome.ttf' (139K)
[2023.02.27-16.24.06:565][  0]LogSlate: Took 0.000201 seconds to synchronously load lazily loaded font '../../../Engine/Content/Slate/Fonts/Roboto-Bold.ttf' (160K)
[2023.02.27-16.24.06:653][  0]LogRenderer: Reallocating scene render targets to support 1108x616 Format 10 NumSamples 1 (Frame:1).
[2023.02.27-16.24.06:751][  0]LogNativeClassHierarchy: Verbose: Native class hierarchy updated for 'HierarchicalLODOutliner' in 0.0002 seconds. Added 0 classes and 0 folders.
[2023.02.27-16.24.06:751][  0]LogInput: Warning: Action Jump uses invalid key OculusGo_Left_Trigger_Click.
[2023.02.27-16.24.06:751][  0]LogInput: Warning: Action ResetVR uses invalid key OculusGo_Left_Trackpad_Click.
[2023.02.27-16.24.06:751][  0]LogInput: Warning: Use -RemoveInvalidKeys to remove instances of these keys from the action mapping.
[2023.02.27-16.24.06:751][  0]LogLoad: (Engine Initialization) Total time: 9.92 seconds
[2023.02.27-16.24.06:751][  0]LogLoad: (Engine Initialization) Total Blueprint compile time: 0.00 seconds
[2023.02.27-16.24.06:802][  0]LogAssetRegistry: Asset discovery search completed in 5.8195 seconds
[2023.02.27-16.24.06:809][  0]LogCollectionManager: Fixed up redirectors for 0 collections in 0.000003 seconds (updated 0 objects)
[2023.02.27-16.24.06:811][  0]LogContentStreaming: Texture pool size now 1000 MB
[2023.02.27-16.24.06:886][  5]LogSlate: Took 0.000384 seconds to synchronously load lazily loaded font '../../../Engine/Content/Slate/Fonts/Roboto-Light.ttf' (167K)
[2023.02.27-16.24.09:101][261]LogSlate: Window 'Plugins' being destroyed
[2023.02.27-16.24.09:104][261]LogSlate: Window 'Plugins' being destroyed
[2023.02.27-16.24.09:104][261]LogDirectoryWatcher: A directory notification for '../../../Engine/Plugins/' was aborted.
