Log file open, 02/27/23 15:42:45
LogWindows: Failed to load 'aqProf.dll' (GetLastError=126)
LogWindows: File 'aqProf.dll' does not exist
LogWindows: Failed to load 'VtuneApi.dll' (GetLastError=126)
LogWindows: File 'VtuneApi.dll' does not exist
LogWindows: Failed to load 'VtuneApi32e.dll' (GetLastError=126)
LogWindows: File 'VtuneApi32e.dll' does not exist
LogConsoleResponse: Display: Failed to find resolution value strings in scalability ini. Falling back to default.
LogConsoleResponse: Display: Failed to find resolution value strings in scalability ini. Falling back to default.
LogInit: Display: Running engine for game: blueprints
LogPlatformFile: Not using cached read wrapper
LogTaskGraph: Started task graph with 5 named threads and 23 total threads with 3 sets of task threads.
LogStats: Stats thread started at 0.334502
LogICUInternationalization: ICU TimeZone Detection - Raw Offset: +0:00, Platform Override: ''
LogInit: Display: Loading text-based GConfig....
LogPluginManager: Mounting plugin MeshPainting
LogPluginManager: Mounting plugin XGEController
LogPluginManager: Mounting plugin AISupport
LogPluginManager: Mounting plugin EnvironmentQueryEditor
LogPluginManager: Mounting plugin Paper2D
LogPluginManager: Mounting plugin GameplayCameras
LogPluginManager: Mounting plugin CameraShakePreviewer
LogPluginManager: Mounting plugin LightPropagationVolume
LogPluginManager: Mounting plugin OodleData
LogPluginManager: Mounting plugin OodleNetwork
LogPluginManager: Mounting plugin AssetManagerEditor
LogPluginManager: Mounting plugin CryptoKeys
LogPluginManager: Mounting plugin CurveEditorTools
LogPluginManager: Mounting plugin DataValidation
LogPluginManager: Mounting plugin FacialAnimation
LogPluginManager: Mounting plugin GeometryMode
LogPluginManager: Mounting plugin GameplayTagsEditor
LogPluginManager: Mounting plugin MacGraphicsSwitching
LogPluginManager: Mounting plugin AnimationSharing
LogPluginManager: Mounting plugin MaterialAnalyzer
LogPluginManager: Mounting plugin MobileLauncherProfileWizard
LogPluginManager: Mounting plugin PluginBrowser
LogPluginManager: Mounting plugin CLionSourceCodeAccess
LogPluginManager: Mounting plugin CodeLiteSourceCodeAccess
LogPluginManager: Mounting plugin KDevelopSourceCodeAccess
LogPluginManager: Mounting plugin NullSourceCodeAccess
LogPluginManager: Mounting plugin GitSourceControl
LogPluginManager: Mounting plugin SpeedTreeImporter
LogPluginManager: Mounting plugin PerforceSourceControl
LogPluginManager: Mounting plugin PixWinPlugin
LogPluginManager: Mounting plugin PlasticSourceControl
LogPluginManager: Mounting plugin PluginUtils
LogPluginManager: Mounting plugin PropertyAccessNode
LogPluginManager: Mounting plugin RiderSourceCodeAccess
LogPluginManager: Mounting plugin TextureFormatOodle
LogPluginManager: Mounting plugin SubversionSourceControl
LogPluginManager: Mounting plugin VisualStudioSourceCodeAccess
LogPluginManager: Mounting plugin VisualStudioCodeSourceCodeAccess
LogPluginManager: Mounting plugin UObjectPlugin
LogPluginManager: Mounting plugin XCodeSourceCodeAccess
LogPluginManager: Mounting plugin DatasmithContent
LogPluginManager: Mounting plugin Niagara
LogPluginManager: Mounting plugin VariantManagerContent
LogPluginManager: Mounting plugin LuminPlatformFeatures
LogPluginManager: Mounting plugin MagicLeap
LogPluginManager: Mounting plugin MagicLeapMedia
LogPluginManager: Mounting plugin MagicLeapLightEstimation
LogPluginManager: Mounting plugin MagicLeapPassableWorld
LogPluginManager: Mounting plugin MLSDK
LogPluginManager: Mounting plugin AlembicImporter
LogPluginManager: Mounting plugin AutomationUtils
LogPluginManager: Mounting plugin BackChannel
LogPluginManager: Mounting plugin ChaosCloth
LogPluginManager: Mounting plugin ChaosClothEditor
LogPluginManager: Mounting plugin ChaosNiagara
LogPluginManager: Mounting plugin ChaosSolverPlugin
LogPluginManager: Mounting plugin ChaosEditor
LogPluginManager: Mounting plugin CharacterAI
LogPluginManager: Mounting plugin GeometryCache
LogPluginManager: Mounting plugin GeometryCollectionPlugin
LogPluginManager: Mounting plugin TcpMessaging
LogPluginManager: Mounting plugin UdpMessaging
LogPluginManager: Mounting plugin ActorSequence
LogPluginManager: Mounting plugin MatineeToLevelSequence
LogPluginManager: Mounting plugin TemplateSequence
LogPluginManager: Mounting plugin GeometryProcessing
LogPluginManager: Mounting plugin OpenImageDenoise
LogPluginManager: Mounting plugin MotoSynth
LogPluginManager: Mounting plugin LevelSequenceEditor
LogPluginManager: Mounting plugin PlanarCut
LogPluginManager: Mounting plugin ProxyLODPlugin
LogPluginManager: Mounting plugin PlatformCrypto
LogPluginManager: Mounting plugin PythonScriptPlugin
LogPluginManager: Mounting plugin SkeletalReduction
LogPluginManager: Mounting plugin OnlineSubsystem
LogPluginManager: Mounting plugin OnlineSubsystemNull
LogPluginManager: Mounting plugin OnlineSubsystemUtils
LogPluginManager: Mounting plugin AndroidMedia
LogPluginManager: Mounting plugin AvfMedia
LogPluginManager: Mounting plugin LauncherChunkInstaller
LogPluginManager: Mounting plugin MediaCompositing
LogPluginManager: Mounting plugin ImgMedia
LogPluginManager: Mounting plugin MediaPlayerEditor
LogPluginManager: Mounting plugin WebMMedia
LogPluginManager: Mounting plugin WmfMedia
LogPluginManager: Mounting plugin ActorLayerUtilities
LogPluginManager: Mounting plugin AndroidDeviceProfileSelector
LogPluginManager: Mounting plugin AndroidMoviePlayer
LogPluginManager: Mounting plugin AndroidPermission
LogPluginManager: Mounting plugin AppleImageUtils
LogPluginManager: Mounting plugin AppleMoviePlayer
LogPluginManager: Mounting plugin ArchVisCharacter
LogPluginManager: Mounting plugin AssetTags
LogPluginManager: Mounting plugin AudioCapture
LogPluginManager: Mounting plugin AudioSynesthesia
LogPluginManager: Mounting plugin CableComponent
LogPluginManager: Mounting plugin CustomMeshComponent
LogPluginManager: Mounting plugin ChunkDownloader
LogPluginManager: Mounting plugin EditableMesh
LogPluginManager: Mounting plugin ExampleDeviceProfileSelector
LogPluginManager: Mounting plugin GoogleCloudMessaging
LogPluginManager: Mounting plugin GooglePAD
LogPluginManager: Mounting plugin ScreenshotTools
LogPluginManager: Mounting plugin IOSDeviceProfileSelector
LogPluginManager: Mounting plugin LocationServicesBPLibrary
LogPluginManager: Mounting plugin LinuxDeviceProfileSelector
LogPluginManager: Mounting plugin MobilePatchingUtils
LogPluginManager: Mounting plugin OpenXR
LogPluginManager: Mounting plugin OpenXREyeTracker
LogPluginManager: Mounting plugin OpenXRHandTracking
LogPluginManager: Mounting plugin PostSplashScreen
LogPluginManager: Mounting plugin PhysXVehicles
LogPluginManager: Mounting plugin ProceduralMeshComponent
LogPluginManager: Mounting plugin PropertyAccessEditor
LogPluginManager: Mounting plugin RuntimePhysXCooking
LogPluginManager: Mounting plugin SignificanceManager
LogPluginManager: Mounting plugin SoundFields
LogPluginManager: Mounting plugin Synthesis
LogPluginManager: Mounting plugin WindowsMoviePlayer
LogPluginManager: Mounting plugin Takes
LogPluginManager: Mounting plugin WebMMoviePlayer
LogPluginManager: Mounting plugin LiveLink
LogPluginManager: Mounting plugin ContentBrowserAssetDataSource
LogPluginManager: Mounting plugin ContentBrowserClassDataSource
LogPluginManager: Mounting plugin ContentBrowserFileDataSource
LogPluginManager: Mounting plugin OnlineSubsystemGooglePlay
LogPluginManager: Mounting plugin OnlineSubsystemIOS
LogPluginManager: Mounting plugin OculusVR
LogPluginManager: Mounting plugin SteamVR
PixWinPlugin: PIX capture plugin failed to initialize! Check that the process is launched from PIX.
LogInit: Using libcurl 7.55.1-DEV
LogInit:  - built for x86_64-pc-win32
LogInit:  - supports SSL with OpenSSL/1.1.1
LogInit:  - supports HTTP deflate (compression) using libz 1.2.8
LogInit:  - other features:
LogInit:      CURL_VERSION_SSL
LogInit:      CURL_VERSION_LIBZ
LogInit:      CURL_VERSION_IPV6
LogInit:      CURL_VERSION_ASYNCHDNS
LogInit:      CURL_VERSION_LARGEFILE
LogInit:      CURL_VERSION_IDN
LogInit:  CurlRequestOptions (configurable via config and command line):
LogInit:  - bVerifyPeer = true  - Libcurl will verify peer certificate
LogInit:  - bUseHttpProxy = false  - Libcurl will NOT use HTTP proxy
LogInit:  - bDontReuseConnections = false  - Libcurl will reuse connections
LogInit:  - MaxHostConnections = 16  - Libcurl will limit the number of connections to a host
LogInit:  - LocalHostAddr = Default
LogInit:  - BufferSize = 65536
LogOnline: OSS: Creating online subsystem instance for: NULL
LogInit: WinSock: version 1.1 (2.2), MaxSocks=32767, MaxUdp=65467
LogOnline: OSS: TryLoadSubsystemAndSetDefault: Loaded subsystem for module [NULL]
LogOculusPluginWrapper: OculusPlugin initialized successfully
LogHMD: Failed initializing OVRPlugin 1.59.0
LogInit: Build: ++UE4+Release-4.27-CL-18319896
LogInit: Engine Version: 4.27.2-18319896+++UE4+Release-4.27
LogInit: Compatible Engine Version: 4.27.0-17155196+++UE4+Release-4.27
LogInit: Net CL: 17155196
LogInit: OS: Windows 10 (Release 2009) (), CPU: Intel(R) Core(TM) i7-1065G7 CPU @ 1.30GHz, GPU: Intel(R) Iris(R) Plus Graphics
LogInit: Compiled (64-bit): Nov 30 2021 07:12:08
LogInit: Compiled with Visual C++: 19.24.28315.00
LogInit: Build Configuration: Development
LogInit: Branch Name: ++UE4+Release-4.27
LogInit: Command Line: 
LogInit: Base Directory: C:/Program Files/Epic Games/UE_4.27/Engine/Binaries/Win64/
LogInit: Allocator: TBB
LogInit: Installed Engine Build: 1
LogDevObjectVersion: Number of dev versions registered: 29
LogDevObjectVersion:   Dev-Blueprints (B0D832E4-1F89-4F0D-ACCF-7EB736FD4AA2): 10
LogDevObjectVersion:   Dev-Build (E1C64328-A22C-4D53-A36C-8E866417BD8C): 0
LogDevObjectVersion:   Dev-Core (375EC13C-06E4-48FB-B500-84F0262A717E): 4
LogDevObjectVersion:   Dev-Editor (E4B068ED-F494-42E9-A231-DA0B2E46BB41): 40
LogDevObjectVersion:   Dev-Framework (CFFC743F-43B0-4480-9391-14DF171D2073): 37
LogDevObjectVersion:   Dev-Mobile (B02B49B5-BB20-44E9-A304-32B752E40360): 3
LogDevObjectVersion:   Dev-Networking (A4E4105C-59A1-49B5-A7C5-40C4547EDFEE): 0
LogDevObjectVersion:   Dev-Online (39C831C9-5AE6-47DC-9A44-9C173E1C8E7C): 0
LogDevObjectVersion:   Dev-Physics (78F01B33-EBEA-4F98-B9B4-84EACCB95AA2): 14
LogDevObjectVersion:   Dev-Platform (6631380F-2D4D-43E0-8009-CF276956A95A): 0
LogDevObjectVersion:   Dev-Rendering (12F88B9F-8875-4AFC-A67C-D90C383ABD29): 45
LogDevObjectVersion:   Dev-Sequencer (7B5AE74C-D270-4C10-A958-57980B212A5A): 13
LogDevObjectVersion:   Dev-VR (D7296918-1DD6-4BDD-9DE2-64A83CC13884): 3
LogDevObjectVersion:   Dev-LoadTimes (C2A15278-BFE7-4AFE-6C17-90FF531DF755): 1
LogDevObjectVersion:   Private-Geometry (6EACA3D4-40EC-4CC1-B786-8BED09428FC5): 3
LogDevObjectVersion:   Dev-AnimPhys (29E575DD-E0A3-4627-9D10-D276232CDCEA): 17
LogDevObjectVersion:   Dev-Anim (AF43A65D-7FD3-4947-9873-3E8ED9C1BB05): 15
LogDevObjectVersion:   Dev-ReflectionCapture (6B266CEC-1EC7-4B8F-A30B-E4D90942FC07): 1
LogDevObjectVersion:   Dev-Automation (0DF73D61-A23F-47EA-B727-89E90C41499A): 1
LogDevObjectVersion:   FortniteMain (601D1886-AC64-4F84-AA16-D3DE0DEAC7D6): 47
LogDevObjectVersion:   FortniteRelease (E7086368-6B23-4C58-8439-1B7016265E91): 1
LogDevObjectVersion:   Dev-Enterprise (9DFFBCD6-494F-0158-E221-12823C92A888): 10
LogDevObjectVersion:   Dev-Niagara (F2AED0AC-9AFE-416F-8664-AA7FFA26D6FC): 1
LogDevObjectVersion:   Dev-Destruction (174F1F0B-B4C6-45A5-B13F-2EE8D0FB917D): 10
LogDevObjectVersion:   Dev-Physics-Ext (35F94A83-E258-406C-A318-09F59610247C): 41
LogDevObjectVersion:   Dev-PhysicsMaterial-Chaos (B68FC16E-8B1B-42E2-B453-215C058844FE): 1
LogDevObjectVersion:   Dev-CineCamera (B2E18506-4273-CFC2-A54E-F4BB758BBA07): 1
LogDevObjectVersion:   Dev-VirtualProduction (64F58936-FD1B-42BA-BA96-7289D5D0FA4E): 1
LogDevObjectVersion:   Dev-MediaFramework (6F0ED827-A609-4895-9C91-998D90180EA4): 2
LogInit: Presizing for max 25165824 objects, including 0 objects not considered by GC, pre-allocating 0 bytes for permanent pool.
LogConfig: Applying CVar settings from Section [/Script/Engine.StreamingSettings] File [C:/Users/glanv/Documents/the illuminati is unreal/GlobalGameJam/ChallengeWeek2ElectricBoogaloo/blueprints/Saved/Config/Windows/Engine.ini]
LogConfig: Setting CVar [[s.MinBulkDataSizeForAsyncLoading:131072]]
LogConfig: Setting CVar [[s.AsyncLoadingThreadEnabled:0]]
LogConfig: Setting CVar [[s.EventDrivenLoaderEnabled:1]]
LogConfig: Setting CVar [[s.WarnIfTimeLimitExceeded:0]]
LogConfig: Setting CVar [[s.TimeLimitExceededMultiplier:1.5]]
LogConfig: Setting CVar [[s.TimeLimitExceededMinTime:0.005]]
LogConfig: Setting CVar [[s.UseBackgroundLevelStreaming:1]]
LogConfig: Setting CVar [[s.PriorityAsyncLoadingExtraTime:15.0]]
LogConfig: Setting CVar [[s.LevelStreamingActorsUpdateTimeLimit:5.0]]
LogConfig: Setting CVar [[s.PriorityLevelStreamingActorsUpdateExtraTime:5.0]]
LogConfig: Setting CVar [[s.LevelStreamingComponentsRegistrationGranularity:10]]
LogConfig: Setting CVar [[s.UnregisterComponentsTimeLimit:1.0]]
LogConfig: Setting CVar [[s.LevelStreamingComponentsUnregistrationGranularity:5]]
LogConfig: Setting CVar [[s.FlushStreamingOnExit:1]]
LogInit: Object subsystem initialized
LogConfig: Setting CVar [[con.DebugEarlyDefault:1]]
LogConfig: Setting CVar [[r.setres:1280x720]]
[2023.02.27-15.42.45:866][  0]LogConfig: Setting CVar [[r.VSync:0]]
[2023.02.27-15.42.45:866][  0]LogConfig: Setting CVar [[r.RHICmdBypass:0]]
[2023.02.27-15.42.45:866][  0]LogConfig: Applying CVar settings from Section [/Script/Engine.RendererSettings] File [C:/Users/glanv/Documents/the illuminati is unreal/GlobalGameJam/ChallengeWeek2ElectricBoogaloo/blueprints/Saved/Config/Windows/Engine.ini]
[2023.02.27-15.42.45:866][  0]LogConfig: Setting CVar [[r.GPUCrashDebugging:0]]
[2023.02.27-15.42.45:866][  0]LogConfig: Applying CVar settings from Section [/Script/Engine.RendererOverrideSettings] File [C:/Users/glanv/Documents/the illuminati is unreal/GlobalGameJam/ChallengeWeek2ElectricBoogaloo/blueprints/Saved/Config/Windows/Engine.ini]
[2023.02.27-15.42.45:866][  0]LogConfig: Applying CVar settings from Section [/Script/Engine.StreamingSettings] File [C:/Users/glanv/Documents/the illuminati is unreal/GlobalGameJam/ChallengeWeek2ElectricBoogaloo/blueprints/Saved/Config/Windows/Engine.ini]
[2023.02.27-15.42.45:866][  0]LogConfig: Setting CVar [[s.MinBulkDataSizeForAsyncLoading:131072]]
[2023.02.27-15.42.45:866][  0]LogConfig: Setting CVar [[s.AsyncLoadingThreadEnabled:0]]
[2023.02.27-15.42.45:866][  0]LogConfig: Setting CVar [[s.EventDrivenLoaderEnabled:1]]
[2023.02.27-15.42.45:866][  0]LogConfig: Setting CVar [[s.WarnIfTimeLimitExceeded:0]]
[2023.02.27-15.42.45:866][  0]LogConfig: Setting CVar [[s.TimeLimitExceededMultiplier:1.5]]
[2023.02.27-15.42.45:866][  0]LogConfig: Setting CVar [[s.TimeLimitExceededMinTime:0.005]]
[2023.02.27-15.42.45:866][  0]LogConfig: Setting CVar [[s.UseBackgroundLevelStreaming:1]]
[2023.02.27-15.42.45:866][  0]LogConfig: Setting CVar [[s.PriorityAsyncLoadingExtraTime:15.0]]
[2023.02.27-15.42.45:866][  0]LogConfig: Setting CVar [[s.LevelStreamingActorsUpdateTimeLimit:5.0]]
[2023.02.27-15.42.45:866][  0]LogConfig: Setting CVar [[s.PriorityLevelStreamingActorsUpdateExtraTime:5.0]]
[2023.02.27-15.42.45:866][  0]LogConfig: Setting CVar [[s.LevelStreamingComponentsRegistrationGranularity:10]]
[2023.02.27-15.42.45:866][  0]LogConfig: Setting CVar [[s.UnregisterComponentsTimeLimit:1.0]]
[2023.02.27-15.42.45:866][  0]LogConfig: Setting CVar [[s.LevelStreamingComponentsUnregistrationGranularity:5]]
[2023.02.27-15.42.45:866][  0]LogConfig: Setting CVar [[s.FlushStreamingOnExit:1]]
[2023.02.27-15.42.45:866][  0]LogConfig: Applying CVar settings from Section [/Script/Engine.GarbageCollectionSettings] File [C:/Users/glanv/Documents/the illuminati is unreal/GlobalGameJam/ChallengeWeek2ElectricBoogaloo/blueprints/Saved/Config/Windows/Engine.ini]
[2023.02.27-15.42.45:866][  0]LogConfig: Setting CVar [[gc.MaxObjectsNotConsideredByGC:1]]
[2023.02.27-15.42.45:866][  0]LogConfig: Setting CVar [[gc.SizeOfPermanentObjectPool:0]]
[2023.02.27-15.42.45:866][  0]LogConfig: Setting CVar [[gc.FlushStreamingOnGC:0]]
[2023.02.27-15.42.45:866][  0]LogConfig: Setting CVar [[gc.NumRetriesBeforeForcingGC:10]]
[2023.02.27-15.42.45:866][  0]LogConfig: Setting CVar [[gc.AllowParallelGC:1]]
[2023.02.27-15.42.45:866][  0]LogConfig: Setting CVar [[gc.TimeBetweenPurgingPendingKillObjects:61.1]]
[2023.02.27-15.42.45:866][  0]LogConfig: Setting CVar [[gc.MaxObjectsInEditor:25165824]]
[2023.02.27-15.42.45:866][  0]LogConfig: Setting CVar [[gc.IncrementalBeginDestroyEnabled:1]]
[2023.02.27-15.42.45:866][  0]LogConfig: Setting CVar [[gc.CreateGCClusters:1]]
[2023.02.27-15.42.45:866][  0]LogConfig: Setting CVar [[gc.MinGCClusterSize:5]]
[2023.02.27-15.42.45:866][  0]LogConfig: Setting CVar [[gc.ActorClusteringEnabled:0]]
[2023.02.27-15.42.45:866][  0]LogConfig: Setting CVar [[gc.BlueprintClusteringEnabled:0]]
[2023.02.27-15.42.45:866][  0]LogConfig: Setting CVar [[gc.UseDisregardForGCOnDedicatedServers:0]]
[2023.02.27-15.42.45:866][  0]LogConfig: Setting CVar [[gc.MultithreadedDestructionEnabled:1]]
[2023.02.27-15.42.45:866][  0]LogConfig: Applying CVar settings from Section [/Script/Engine.NetworkSettings] File [C:/Users/glanv/Documents/the illuminati is unreal/GlobalGameJam/ChallengeWeek2ElectricBoogaloo/blueprints/Saved/Config/Windows/Engine.ini]
[2023.02.27-15.42.45:866][  0]LogConfig: Applying CVar settings from Section [/Script/UnrealEd.CookerSettings] File [C:/Users/glanv/Documents/the illuminati is unreal/GlobalGameJam/ChallengeWeek2ElectricBoogaloo/blueprints/Saved/Config/Windows/Engine.ini]
[2023.02.27-15.42.45:882][  0]LogConfig: Applying CVar settings from Section [ViewDistanceQuality@3] File [C:/Users/glanv/Documents/the illuminati is unreal/GlobalGameJam/ChallengeWeek2ElectricBoogaloo/blueprints/Saved/Config/Windows/Scalability.ini]
[2023.02.27-15.42.45:882][  0]LogConfig: Setting CVar [[r.SkeletalMeshLODBias:0]]
[2023.02.27-15.42.45:882][  0]LogConfig: Setting CVar [[r.ViewDistanceScale:1.0]]
[2023.02.27-15.42.45:882][  0]LogConfig: Applying CVar settings from Section [AntiAliasingQuality@3] File [C:/Users/glanv/Documents/the illuminati is unreal/GlobalGameJam/ChallengeWeek2ElectricBoogaloo/blueprints/Saved/Config/Windows/Scalability.ini]
[2023.02.27-15.42.45:882][  0]LogConfig: Setting CVar [[r.PostProcessAAQuality:4]]
[2023.02.27-15.42.45:882][  0]LogConfig: Applying CVar settings from Section [ShadowQuality@3] File [C:/Users/glanv/Documents/the illuminati is unreal/GlobalGameJam/ChallengeWeek2ElectricBoogaloo/blueprints/Saved/Config/Windows/Scalability.ini]
[2023.02.27-15.42.45:882][  0]LogConfig: Setting CVar [[r.LightFunctionQuality:1]]
[2023.02.27-15.42.45:882][  0]LogConfig: Setting CVar [[r.ShadowQuality:5]]
[2023.02.27-15.42.45:882][  0]LogConfig: Setting CVar [[r.Shadow.CSM.MaxCascades:10]]
[2023.02.27-15.42.45:882][  0]LogConfig: Setting CVar [[r.Shadow.MaxResolution:2048]]
[2023.02.27-15.42.45:882][  0]LogConfig: Setting CVar [[r.Shadow.MaxCSMResolution:2048]]
[2023.02.27-15.42.45:882][  0]LogConfig: Setting CVar [[r.Shadow.RadiusThreshold:0.01]]
[2023.02.27-15.42.45:882][  0]LogConfig: Setting CVar [[r.Shadow.DistanceScale:1.0]]
[2023.02.27-15.42.45:882][  0]LogConfig: Setting CVar [[r.Shadow.CSM.TransitionScale:1.0]]
[2023.02.27-15.42.45:883][  0]LogConfig: Setting CVar [[r.Shadow.PreShadowResolutionFactor:1.0]]
[2023.02.27-15.42.45:883][  0]LogConfig: Setting CVar [[r.DistanceFieldShadowing:1]]
[2023.02.27-15.42.45:883][  0]LogConfig: Setting CVar [[r.DistanceFieldAO:1]]
[2023.02.27-15.42.45:883][  0]LogConfig: Setting CVar [[r.AOQuality:2]]
[2023.02.27-15.42.45:883][  0]LogConfig: Setting CVar [[r.VolumetricFog:1]]
[2023.02.27-15.42.45:883][  0]LogConfig: Setting CVar [[r.VolumetricFog.GridPixelSize:8]]
[2023.02.27-15.42.45:883][  0]LogConfig: Setting CVar [[r.VolumetricFog.GridSizeZ:128]]
[2023.02.27-15.42.45:883][  0]LogConfig: Setting CVar [[r.VolumetricFog.HistoryMissSupersampleCount:4]]
[2023.02.27-15.42.45:883][  0]LogConfig: Setting CVar [[r.LightMaxDrawDistanceScale:1]]
[2023.02.27-15.42.45:883][  0]LogConfig: Setting CVar [[r.CapsuleShadows:1]]
[2023.02.27-15.42.45:883][  0]LogConfig: Applying CVar settings from Section [PostProcessQuality@3] File [C:/Users/glanv/Documents/the illuminati is unreal/GlobalGameJam/ChallengeWeek2ElectricBoogaloo/blueprints/Saved/Config/Windows/Scalability.ini]
[2023.02.27-15.42.45:883][  0]LogConfig: Setting CVar [[r.MotionBlurQuality:4]]
[2023.02.27-15.42.45:883][  0]LogConfig: Setting CVar [[r.AmbientOcclusionMipLevelFactor:0.4]]
[2023.02.27-15.42.45:883][  0]LogConfig: Setting CVar [[r.AmbientOcclusionMaxQuality:100]]
[2023.02.27-15.42.45:883][  0]LogConfig: Setting CVar [[r.AmbientOcclusionLevels:-1]]
[2023.02.27-15.42.45:883][  0]LogConfig: Setting CVar [[r.AmbientOcclusionRadiusScale:1.0]]
[2023.02.27-15.42.45:883][  0]LogConfig: Setting CVar [[r.DepthOfFieldQuality:2]]
[2023.02.27-15.42.45:883][  0]LogConfig: Setting CVar [[r.RenderTargetPoolMin:400]]
[2023.02.27-15.42.45:883][  0]LogConfig: Setting CVar [[r.LensFlareQuality:2]]
[2023.02.27-15.42.45:883][  0]LogConfig: Setting CVar [[r.SceneColorFringeQuality:1]]
[2023.02.27-15.42.45:883][  0]LogConfig: Setting CVar [[r.EyeAdaptationQuality:2]]
[2023.02.27-15.42.45:883][  0]LogConfig: Setting CVar [[r.BloomQuality:5]]
[2023.02.27-15.42.45:883][  0]LogConfig: Setting CVar [[r.FastBlurThreshold:100]]
[2023.02.27-15.42.45:883][  0]LogConfig: Setting CVar [[r.Upscale.Quality:3]]
[2023.02.27-15.42.45:883][  0]LogConfig: Setting CVar [[r.Tonemapper.GrainQuantization:1]]
[2023.02.27-15.42.45:883][  0]LogConfig: Setting CVar [[r.LightShaftQuality:1]]
[2023.02.27-15.42.45:883][  0]LogConfig: Setting CVar [[r.Filter.SizeScale:1]]
[2023.02.27-15.42.45:883][  0]LogConfig: Setting CVar [[r.Tonemapper.Quality:5]]
[2023.02.27-15.42.45:883][  0]LogConfig: Setting CVar [[r.DOF.Gather.AccumulatorQuality:1        ; higher gathering accumulator quality]]
[2023.02.27-15.42.45:883][  0]LogConfig: Setting CVar [[r.DOF.Gather.PostfilterMethod:1          ; Median3x3 postfilering method]]
[2023.02.27-15.42.45:883][  0]LogConfig: Setting CVar [[r.DOF.Gather.EnableBokehSettings:0       ; no bokeh simulation when gathering]]
[2023.02.27-15.42.45:883][  0]LogConfig: Setting CVar [[r.DOF.Gather.RingCount:4                 ; medium number of samples when gathering]]
[2023.02.27-15.42.45:883][  0]LogConfig: Setting CVar [[r.DOF.Scatter.ForegroundCompositing:1    ; additive foreground scattering]]
[2023.02.27-15.42.45:883][  0]LogConfig: Setting CVar [[r.DOF.Scatter.BackgroundCompositing:2    ; additive background scattering]]
[2023.02.27-15.42.45:883][  0]LogConfig: Setting CVar [[r.DOF.Scatter.EnableBokehSettings:1      ; bokeh simulation when scattering]]
[2023.02.27-15.42.45:883][  0]LogConfig: Setting CVar [[r.DOF.Scatter.MaxSpriteRatio:0.1         ; only a maximum of 10% of scattered bokeh]]
[2023.02.27-15.42.45:883][  0]LogConfig: Setting CVar [[r.DOF.Recombine.Quality:1                ; cheap slight out of focus]]
[2023.02.27-15.42.45:883][  0]LogConfig: Setting CVar [[r.DOF.Recombine.EnableBokehSettings:0    ; no bokeh simulation on slight out of focus]]
[2023.02.27-15.42.45:883][  0]LogConfig: Setting CVar [[r.DOF.TemporalAAQuality:1                ; more stable temporal accumulation]]
[2023.02.27-15.42.45:883][  0]LogConfig: Setting CVar [[r.DOF.Kernel.MaxForegroundRadius:0.025]]
[2023.02.27-15.42.45:883][  0]LogConfig: Setting CVar [[r.DOF.Kernel.MaxBackgroundRadius:0.025]]
[2023.02.27-15.42.45:883][  0]LogConfig: Applying CVar settings from Section [TextureQuality@3] File [C:/Users/glanv/Documents/the illuminati is unreal/GlobalGameJam/ChallengeWeek2ElectricBoogaloo/blueprints/Saved/Config/Windows/Scalability.ini]
[2023.02.27-15.42.45:883][  0]LogConfig: Setting CVar [[r.Streaming.MipBias:0]]
[2023.02.27-15.42.45:883][  0]LogConfig: Setting CVar [[r.Streaming.AmortizeCPUToGPUCopy:0]]
[2023.02.27-15.42.45:883][  0]LogConfig: Setting CVar [[r.Streaming.MaxNumTexturesToStreamPerFrame:0]]
[2023.02.27-15.42.45:883][  0]LogConfig: Setting CVar [[r.Streaming.Boost:1]]
[2023.02.27-15.42.45:883][  0]LogConfig: Setting CVar [[r.MaxAnisotropy:8]]
[2023.02.27-15.42.45:883][  0]LogConfig: Setting CVar [[r.VT.MaxAnisotropy:8]]
[2023.02.27-15.42.45:883][  0]LogConfig: Setting CVar [[r.Streaming.LimitPoolSizeToVRAM:0]]
[2023.02.27-15.42.45:883][  0]LogConfig: Setting CVar [[r.Streaming.PoolSize:1000]]
[2023.02.27-15.42.45:883][  0]LogConfig: Setting CVar [[r.Streaming.MaxEffectiveScreenSize:0]]
[2023.02.27-15.42.45:883][  0]LogConfig: Applying CVar settings from Section [EffectsQuality@3] File [C:/Users/glanv/Documents/the illuminati is unreal/GlobalGameJam/ChallengeWeek2ElectricBoogaloo/blueprints/Saved/Config/Windows/Scalability.ini]
[2023.02.27-15.42.45:883][  0]LogConfig: Setting CVar [[r.TranslucencyLightingVolumeDim:64]]
[2023.02.27-15.42.45:883][  0]LogConfig: Setting CVar [[r.RefractionQuality:2]]
[2023.02.27-15.42.45:883][  0]LogConfig: Setting CVar [[r.SSR.Quality:3]]
[2023.02.27-15.42.45:883][  0]LogConfig: Setting CVar [[r.SSR.HalfResSceneColor:0]]
[2023.02.27-15.42.45:883][  0]LogConfig: Setting CVar [[r.SceneColorFormat:4]]
[2023.02.27-15.42.45:883][  0]LogConfig: Setting CVar [[r.DetailMode:2]]
[2023.02.27-15.42.45:883][  0]LogConfig: Setting CVar [[r.TranslucencyVolumeBlur:1]]
[2023.02.27-15.42.45:883][  0]LogConfig: Setting CVar [[r.MaterialQualityLevel:1 ; High quality]]
[2023.02.27-15.42.45:883][  0]LogConfig: Setting CVar [[r.AnisotropicMaterials:1]]
[2023.02.27-15.42.45:883][  0]LogConfig: Setting CVar [[r.SSS.Scale:1]]
[2023.02.27-15.42.45:883][  0]LogConfig: Setting CVar [[r.SSS.SampleSet:2]]
[2023.02.27-15.42.45:883][  0]LogConfig: Setting CVar [[r.SSS.Quality:1]]
[2023.02.27-15.42.45:883][  0]LogConfig: Setting CVar [[r.SSS.HalfRes:0]]
[2023.02.27-15.42.45:883][  0]LogConfig: Setting CVar [[r.SSGI.Quality:3]]
[2023.02.27-15.42.45:883][  0]LogConfig: Setting CVar [[r.EmitterSpawnRateScale:1.0]]
[2023.02.27-15.42.45:883][  0]LogConfig: Setting CVar [[r.ParticleLightQuality:2]]
[2023.02.27-15.42.45:883][  0]LogConfig: Setting CVar [[r.SkyAtmosphere.AerialPerspectiveLUT.FastApplyOnOpaque:1 ; Always have FastSkyLUT 1 in this case to avoid wrong sky]]
[2023.02.27-15.42.45:883][  0]LogConfig: Setting CVar [[r.SkyAtmosphere.AerialPerspectiveLUT.SampleCountMaxPerSlice:4]]
[2023.02.27-15.42.45:883][  0]LogConfig: Setting CVar [[r.SkyAtmosphere.AerialPerspectiveLUT.DepthResolution:16.0]]
[2023.02.27-15.42.45:883][  0]LogConfig: Setting CVar [[r.SkyAtmosphere.FastSkyLUT:1]]
[2023.02.27-15.42.45:883][  0]LogConfig: Setting CVar [[r.SkyAtmosphere.FastSkyLUT.SampleCountMin:4.0]]
[2023.02.27-15.42.45:883][  0]LogConfig: Setting CVar [[r.SkyAtmosphere.FastSkyLUT.SampleCountMax:128.0]]
[2023.02.27-15.42.45:884][  0]LogConfig: Setting CVar [[r.SkyAtmosphere.SampleCountMin:4.0]]
[2023.02.27-15.42.45:884][  0]LogConfig: Setting CVar [[r.SkyAtmosphere.SampleCountMax:128.0]]
[2023.02.27-15.42.45:884][  0]LogConfig: Setting CVar [[r.SkyAtmosphere.TransmittanceLUT.UseSmallFormat:0]]
[2023.02.27-15.42.45:884][  0]LogConfig: Setting CVar [[r.SkyAtmosphere.TransmittanceLUT.SampleCount:10.0]]
[2023.02.27-15.42.45:884][  0]LogConfig: Setting CVar [[r.SkyAtmosphere.MultiScatteringLUT.SampleCount:15.0]]
[2023.02.27-15.42.45:884][  0]LogConfig: Setting CVar [[r.SkyLight.RealTimeReflectionCapture:1]]
[2023.02.27-15.42.45:884][  0]LogConfig: Applying CVar settings from Section [FoliageQuality@3] File [C:/Users/glanv/Documents/the illuminati is unreal/GlobalGameJam/ChallengeWeek2ElectricBoogaloo/blueprints/Saved/Config/Windows/Scalability.ini]
[2023.02.27-15.42.45:884][  0]LogConfig: Setting CVar [[foliage.DensityScale:1.0]]
[2023.02.27-15.42.45:884][  0]LogConfig: Setting CVar [[grass.DensityScale:1.0]]
[2023.02.27-15.42.45:884][  0]LogConfig: Applying CVar settings from Section [ShadingQuality@3] File [C:/Users/glanv/Documents/the illuminati is unreal/GlobalGameJam/ChallengeWeek2ElectricBoogaloo/blueprints/Saved/Config/Windows/Scalability.ini]
[2023.02.27-15.42.45:884][  0]LogConfig: Setting CVar [[r.HairStrands.SkyLighting.IntegrationType:2]]
[2023.02.27-15.42.45:884][  0]LogConfig: Setting CVar [[r.HairStrands.SkyAO.SampleCount:4]]
[2023.02.27-15.42.45:884][  0]LogConfig: Setting CVar [[r.HairStrands.Visibility.MSAA.SamplePerPixel:4]]
[2023.02.27-15.42.45:884][  0]LogInit: Selected Device Profile: [Windows]
[2023.02.27-15.42.45:884][  0]LogInit: Applying CVar settings loaded from the selected device profile: [Windows]
[2023.02.27-15.42.45:884][  0]LogHAL: Display: Platform has ~ 8 GB [8256385024 / 8589934592 / 8], which maps to Default [LargestMinGB=32, LargerMinGB=12, DefaultMinGB=8, SmallerMinGB=6, SmallestMinGB=0)
[2023.02.27-15.42.45:884][  0]LogInit: Going up to parent DeviceProfile []
[2023.02.27-15.42.45:884][  0]LogConfig: Applying CVar settings from Section [ViewDistanceQuality@3] File [C:/Users/glanv/Documents/the illuminati is unreal/GlobalGameJam/ChallengeWeek2ElectricBoogaloo/blueprints/Saved/Config/Windows/Scalability.ini]
[2023.02.27-15.42.45:884][  0]LogConfig: Setting CVar [[r.SkeletalMeshLODBias:0]]
[2023.02.27-15.42.45:884][  0]LogConfig: Setting CVar [[r.ViewDistanceScale:1.0]]
[2023.02.27-15.42.45:884][  0]LogConfig: Applying CVar settings from Section [AntiAliasingQuality@3] File [C:/Users/glanv/Documents/the illuminati is unreal/GlobalGameJam/ChallengeWeek2ElectricBoogaloo/blueprints/Saved/Config/Windows/Scalability.ini]
[2023.02.27-15.42.45:884][  0]LogConfig: Setting CVar [[r.PostProcessAAQuality:4]]
[2023.02.27-15.42.45:884][  0]LogConfig: Applying CVar settings from Section [ShadowQuality@3] File [C:/Users/glanv/Documents/the illuminati is unreal/GlobalGameJam/ChallengeWeek2ElectricBoogaloo/blueprints/Saved/Config/Windows/Scalability.ini]
[2023.02.27-15.42.45:884][  0]LogConfig: Setting CVar [[r.LightFunctionQuality:1]]
[2023.02.27-15.42.45:884][  0]LogConfig: Setting CVar [[r.ShadowQuality:5]]
[2023.02.27-15.42.45:884][  0]LogConfig: Setting CVar [[r.Shadow.CSM.MaxCascades:10]]
[2023.02.27-15.42.45:884][  0]LogConfig: Setting CVar [[r.Shadow.MaxResolution:2048]]
[2023.02.27-15.42.45:884][  0]LogConfig: Setting CVar [[r.Shadow.MaxCSMResolution:2048]]
[2023.02.27-15.42.45:884][  0]LogConfig: Setting CVar [[r.Shadow.RadiusThreshold:0.01]]
[2023.02.27-15.42.45:884][  0]LogConfig: Setting CVar [[r.Shadow.DistanceScale:1.0]]
[2023.02.27-15.42.45:884][  0]LogConfig: Setting CVar [[r.Shadow.CSM.TransitionScale:1.0]]
[2023.02.27-15.42.45:884][  0]LogConfig: Setting CVar [[r.Shadow.PreShadowResolutionFactor:1.0]]
[2023.02.27-15.42.45:884][  0]LogConfig: Setting CVar [[r.DistanceFieldShadowing:1]]
[2023.02.27-15.42.45:884][  0]LogConfig: Setting CVar [[r.DistanceFieldAO:1]]
[2023.02.27-15.42.45:884][  0]LogConfig: Setting CVar [[r.AOQuality:2]]
[2023.02.27-15.42.45:884][  0]LogConfig: Setting CVar [[r.VolumetricFog:1]]
[2023.02.27-15.42.45:884][  0]LogConfig: Setting CVar [[r.VolumetricFog.GridPixelSize:8]]
[2023.02.27-15.42.45:884][  0]LogConfig: Setting CVar [[r.VolumetricFog.GridSizeZ:128]]
[2023.02.27-15.42.45:884][  0]LogConfig: Setting CVar [[r.VolumetricFog.HistoryMissSupersampleCount:4]]
[2023.02.27-15.42.45:884][  0]LogConfig: Setting CVar [[r.LightMaxDrawDistanceScale:1]]
[2023.02.27-15.42.45:884][  0]LogConfig: Setting CVar [[r.CapsuleShadows:1]]
[2023.02.27-15.42.45:884][  0]LogConfig: Applying CVar settings from Section [PostProcessQuality@3] File [C:/Users/glanv/Documents/the illuminati is unreal/GlobalGameJam/ChallengeWeek2ElectricBoogaloo/blueprints/Saved/Config/Windows/Scalability.ini]
[2023.02.27-15.42.45:884][  0]LogConfig: Setting CVar [[r.MotionBlurQuality:4]]
[2023.02.27-15.42.45:884][  0]LogConfig: Setting CVar [[r.AmbientOcclusionMipLevelFactor:0.4]]
[2023.02.27-15.42.45:884][  0]LogConfig: Setting CVar [[r.AmbientOcclusionMaxQuality:100]]
[2023.02.27-15.42.45:884][  0]LogConfig: Setting CVar [[r.AmbientOcclusionLevels:-1]]
[2023.02.27-15.42.45:884][  0]LogConfig: Setting CVar [[r.AmbientOcclusionRadiusScale:1.0]]
[2023.02.27-15.42.45:884][  0]LogConfig: Setting CVar [[r.DepthOfFieldQuality:2]]
[2023.02.27-15.42.45:884][  0]LogConfig: Setting CVar [[r.RenderTargetPoolMin:400]]
[2023.02.27-15.42.45:884][  0]LogConfig: Setting CVar [[r.LensFlareQuality:2]]
[2023.02.27-15.42.45:884][  0]LogConfig: Setting CVar [[r.SceneColorFringeQuality:1]]
[2023.02.27-15.42.45:884][  0]LogConfig: Setting CVar [[r.EyeAdaptationQuality:2]]
[2023.02.27-15.42.45:884][  0]LogConfig: Setting CVar [[r.BloomQuality:5]]
[2023.02.27-15.42.45:884][  0]LogConfig: Setting CVar [[r.FastBlurThreshold:100]]
[2023.02.27-15.42.45:884][  0]LogConfig: Setting CVar [[r.Upscale.Quality:3]]
[2023.02.27-15.42.45:884][  0]LogConfig: Setting CVar [[r.Tonemapper.GrainQuantization:1]]
[2023.02.27-15.42.45:884][  0]LogConfig: Setting CVar [[r.LightShaftQuality:1]]
[2023.02.27-15.42.45:884][  0]LogConfig: Setting CVar [[r.Filter.SizeScale:1]]
[2023.02.27-15.42.45:884][  0]LogConfig: Setting CVar [[r.Tonemapper.Quality:5]]
[2023.02.27-15.42.45:884][  0]LogConfig: Setting CVar [[r.DOF.Gather.AccumulatorQuality:1        ; higher gathering accumulator quality]]
[2023.02.27-15.42.45:884][  0]LogConfig: Setting CVar [[r.DOF.Gather.PostfilterMethod:1          ; Median3x3 postfilering method]]
[2023.02.27-15.42.45:884][  0]LogConfig: Setting CVar [[r.DOF.Gather.EnableBokehSettings:0       ; no bokeh simulation when gathering]]
[2023.02.27-15.42.45:885][  0]LogConfig: Setting CVar [[r.DOF.Gather.RingCount:4                 ; medium number of samples when gathering]]
[2023.02.27-15.42.45:885][  0]LogConfig: Setting CVar [[r.DOF.Scatter.ForegroundCompositing:1    ; additive foreground scattering]]
[2023.02.27-15.42.45:885][  0]LogConfig: Setting CVar [[r.DOF.Scatter.BackgroundCompositing:2    ; additive background scattering]]
[2023.02.27-15.42.45:885][  0]LogConfig: Setting CVar [[r.DOF.Scatter.EnableBokehSettings:1      ; bokeh simulation when scattering]]
[2023.02.27-15.42.45:885][  0]LogConfig: Setting CVar [[r.DOF.Scatter.MaxSpriteRatio:0.1         ; only a maximum of 10% of scattered bokeh]]
[2023.02.27-15.42.45:885][  0]LogConfig: Setting CVar [[r.DOF.Recombine.Quality:1                ; cheap slight out of focus]]
[2023.02.27-15.42.45:885][  0]LogConfig: Setting CVar [[r.DOF.Recombine.EnableBokehSettings:0    ; no bokeh simulation on slight out of focus]]
[2023.02.27-15.42.45:885][  0]LogConfig: Setting CVar [[r.DOF.TemporalAAQuality:1                ; more stable temporal accumulation]]
[2023.02.27-15.42.45:885][  0]LogConfig: Setting CVar [[r.DOF.Kernel.MaxForegroundRadius:0.025]]
[2023.02.27-15.42.45:885][  0]LogConfig: Setting CVar [[r.DOF.Kernel.MaxBackgroundRadius:0.025]]
[2023.02.27-15.42.45:885][  0]LogConfig: Applying CVar settings from Section [TextureQuality@3] File [C:/Users/glanv/Documents/the illuminati is unreal/GlobalGameJam/ChallengeWeek2ElectricBoogaloo/blueprints/Saved/Config/Windows/Scalability.ini]
[2023.02.27-15.42.45:885][  0]LogConfig: Setting CVar [[r.Streaming.MipBias:0]]
[2023.02.27-15.42.45:885][  0]LogConfig: Setting CVar [[r.Streaming.AmortizeCPUToGPUCopy:0]]
[2023.02.27-15.42.45:885][  0]LogConfig: Setting CVar [[r.Streaming.MaxNumTexturesToStreamPerFrame:0]]
[2023.02.27-15.42.45:885][  0]LogConfig: Setting CVar [[r.Streaming.Boost:1]]
[2023.02.27-15.42.45:885][  0]LogConfig: Setting CVar [[r.MaxAnisotropy:8]]
[2023.02.27-15.42.45:885][  0]LogConfig: Setting CVar [[r.VT.MaxAnisotropy:8]]
[2023.02.27-15.42.45:885][  0]LogConfig: Setting CVar [[r.Streaming.LimitPoolSizeToVRAM:0]]
[2023.02.27-15.42.45:885][  0]LogConfig: Setting CVar [[r.Streaming.PoolSize:1000]]
[2023.02.27-15.42.45:885][  0]LogConfig: Setting CVar [[r.Streaming.MaxEffectiveScreenSize:0]]
[2023.02.27-15.42.45:885][  0]LogConfig: Applying CVar settings from Section [EffectsQuality@3] File [C:/Users/glanv/Documents/the illuminati is unreal/GlobalGameJam/ChallengeWeek2ElectricBoogaloo/blueprints/Saved/Config/Windows/Scalability.ini]
[2023.02.27-15.42.45:885][  0]LogConfig: Setting CVar [[r.TranslucencyLightingVolumeDim:64]]
[2023.02.27-15.42.45:885][  0]LogConfig: Setting CVar [[r.RefractionQuality:2]]
[2023.02.27-15.42.45:885][  0]LogConfig: Setting CVar [[r.SSR.Quality:3]]
[2023.02.27-15.42.45:885][  0]LogConfig: Setting CVar [[r.SSR.HalfResSceneColor:0]]
[2023.02.27-15.42.45:885][  0]LogConfig: Setting CVar [[r.SceneColorFormat:4]]
[2023.02.27-15.42.45:885][  0]LogConfig: Setting CVar [[r.DetailMode:2]]
[2023.02.27-15.42.45:885][  0]LogConfig: Setting CVar [[r.TranslucencyVolumeBlur:1]]
[2023.02.27-15.42.45:885][  0]LogConfig: Setting CVar [[r.MaterialQualityLevel:1 ; High quality]]
[2023.02.27-15.42.45:885][  0]LogConfig: Setting CVar [[r.AnisotropicMaterials:1]]
[2023.02.27-15.42.45:885][  0]LogConfig: Setting CVar [[r.SSS.Scale:1]]
[2023.02.27-15.42.45:885][  0]LogConfig: Setting CVar [[r.SSS.SampleSet:2]]
[2023.02.27-15.42.45:885][  0]LogConfig: Setting CVar [[r.SSS.Quality:1]]
[2023.02.27-15.42.45:885][  0]LogConfig: Setting CVar [[r.SSS.HalfRes:0]]
[2023.02.27-15.42.45:885][  0]LogConfig: Setting CVar [[r.SSGI.Quality:3]]
[2023.02.27-15.42.45:885][  0]LogConfig: Setting CVar [[r.EmitterSpawnRateScale:1.0]]
[2023.02.27-15.42.45:885][  0]LogConfig: Setting CVar [[r.ParticleLightQuality:2]]
[2023.02.27-15.42.45:885][  0]LogConfig: Setting CVar [[r.SkyAtmosphere.AerialPerspectiveLUT.FastApplyOnOpaque:1 ; Always have FastSkyLUT 1 in this case to avoid wrong sky]]
[2023.02.27-15.42.45:885][  0]LogConfig: Setting CVar [[r.SkyAtmosphere.AerialPerspectiveLUT.SampleCountMaxPerSlice:4]]
[2023.02.27-15.42.45:885][  0]LogConfig: Setting CVar [[r.SkyAtmosphere.AerialPerspectiveLUT.DepthResolution:16.0]]
[2023.02.27-15.42.45:885][  0]LogConfig: Setting CVar [[r.SkyAtmosphere.FastSkyLUT:1]]
[2023.02.27-15.42.45:885][  0]LogConfig: Setting CVar [[r.SkyAtmosphere.FastSkyLUT.SampleCountMin:4.0]]
[2023.02.27-15.42.45:885][  0]LogConfig: Setting CVar [[r.SkyAtmosphere.FastSkyLUT.SampleCountMax:128.0]]
[2023.02.27-15.42.45:885][  0]LogConfig: Setting CVar [[r.SkyAtmosphere.SampleCountMin:4.0]]
[2023.02.27-15.42.45:885][  0]LogConfig: Setting CVar [[r.SkyAtmosphere.SampleCountMax:128.0]]
[2023.02.27-15.42.45:885][  0]LogConfig: Setting CVar [[r.SkyAtmosphere.TransmittanceLUT.UseSmallFormat:0]]
[2023.02.27-15.42.45:885][  0]LogConfig: Setting CVar [[r.SkyAtmosphere.TransmittanceLUT.SampleCount:10.0]]
[2023.02.27-15.42.45:885][  0]LogConfig: Setting CVar [[r.SkyAtmosphere.MultiScatteringLUT.SampleCount:15.0]]
[2023.02.27-15.42.45:885][  0]LogConfig: Setting CVar [[r.SkyLight.RealTimeReflectionCapture:1]]
[2023.02.27-15.42.45:885][  0]LogConfig: Applying CVar settings from Section [FoliageQuality@3] File [C:/Users/glanv/Documents/the illuminati is unreal/GlobalGameJam/ChallengeWeek2ElectricBoogaloo/blueprints/Saved/Config/Windows/Scalability.ini]
[2023.02.27-15.42.45:885][  0]LogConfig: Setting CVar [[foliage.DensityScale:1.0]]
[2023.02.27-15.42.45:885][  0]LogConfig: Setting CVar [[grass.DensityScale:1.0]]
[2023.02.27-15.42.45:885][  0]LogConfig: Applying CVar settings from Section [ShadingQuality@3] File [C:/Users/glanv/Documents/the illuminati is unreal/GlobalGameJam/ChallengeWeek2ElectricBoogaloo/blueprints/Saved/Config/Windows/Scalability.ini]
[2023.02.27-15.42.45:885][  0]LogConfig: Setting CVar [[r.HairStrands.SkyLighting.IntegrationType:2]]
[2023.02.27-15.42.45:885][  0]LogConfig: Setting CVar [[r.HairStrands.SkyAO.SampleCount:4]]
[2023.02.27-15.42.45:885][  0]LogConfig: Setting CVar [[r.HairStrands.Visibility.MSAA.SamplePerPixel:4]]
[2023.02.27-15.42.45:885][  0]LogConfig: Applying CVar settings from Section [Startup] File [../../../Engine/Config/ConsoleVariables.ini]
[2023.02.27-15.42.45:886][  0]LogConfig: Setting CVar [[net.UseAdaptiveNetUpdateFrequency:0]]
[2023.02.27-15.42.45:886][  0]LogConfig: Setting CVar [[p.chaos.AllowCreatePhysxBodies:1]]
[2023.02.27-15.42.45:886][  0]LogConfig: Setting CVar [[fx.SkipVectorVMBackendOptimizations:1]]
[2023.02.27-15.42.45:886][  0]LogConfig: Applying CVar settings from Section [ConsoleVariables] File [C:/Users/glanv/Documents/the illuminati is unreal/GlobalGameJam/ChallengeWeek2ElectricBoogaloo/blueprints/Saved/Config/Windows/Engine.ini]
[2023.02.27-15.42.45:886][  0]LogConfig: Applying CVar settings from Section [ConsoleVariables] File [C:/Users/glanv/Documents/the illuminati is unreal/GlobalGameJam/ChallengeWeek2ElectricBoogaloo/blueprints/Saved/Config/Windows/Editor.ini]
[2023.02.27-15.42.45:886][  0]LogInit: Computer: LAPTOP-65GLB3NF
[2023.02.27-15.42.45:887][  0]LogInit: User: glanv
[2023.02.27-15.42.45:887][  0]LogInit: CPU Page size=4096, Cores=4
[2023.02.27-15.42.45:887][  0]LogInit: High frequency timer resolution =10.000000 MHz
[2023.02.27-15.42.45:887][  0]LogMemory: Memory total: Physical=7.7GB (8GB approx)
[2023.02.27-15.42.45:887][  0]LogMemory: Platform Memory Stats for Windows
[2023.02.27-15.42.45:887][  0]LogMemory: Process Physical Memory: 142.38 MB used, 142.39 MB peak
[2023.02.27-15.42.45:887][  0]LogMemory: Process Virtual Memory: 112.77 MB used, 112.77 MB peak
[2023.02.27-15.42.45:887][  0]LogMemory: Physical Memory: 6975.74 MB used,  898.16 MB free, 7873.90 MB total
[2023.02.27-15.42.45:887][  0]LogMemory: Virtual Memory: 134211808.00 MB used,  5920.86 MB free, 134217728.00 MB total
[2023.02.27-15.42.45:891][  0]LogWindows: WindowsPlatformFeatures enabled
[2023.02.27-15.42.45:922][  0]LogInit: Physics initialised using underlying interface: PhysX
[2023.02.27-15.42.45:923][  0]LogInit: Using OS detected language (en-GB).
[2023.02.27-15.42.45:923][  0]LogInit: Using OS detected locale (en-GB).
[2023.02.27-15.42.45:928][  0]LogTextLocalizationManager: No specific localization for 'en-GB' exists, so the 'en' localization will be used.
[2023.02.27-15.42.46:171][  0]LogInit: Setting process to per monitor DPI aware
[2023.02.27-15.42.46:201][  0]LogWindowsTextInputMethodSystem: Display: IME system deactivated.
[2023.02.27-15.42.46:221][  0]LogSlate: New Slate User Created.  User Index 0, Is Virtual User: 0
[2023.02.27-15.42.46:221][  0]LogSlate: Slate User Registered.  User Index 0, Is Virtual User: 0
[2023.02.27-15.42.46:405][  0]LogD3D11RHI: Loaded GFSDK_Aftermath_Lib.x64.dll
[2023.02.27-15.42.46:410][  0]LogHMD: Failed to initialize OpenVR with code 110
[2023.02.27-15.42.46:410][  0]LogD3D11RHI: D3D11 min allowed feature level: 11_0
[2023.02.27-15.42.46:410][  0]LogD3D11RHI: D3D11 max allowed feature level: 11_0
[2023.02.27-15.42.46:410][  0]LogD3D11RHI: D3D11 adapters:
[2023.02.27-15.42.46:684][  0]LogD3D11RHI:    0. 'Intel(R) Iris(R) Plus Graphics' (Feature Level 11_0)
[2023.02.27-15.42.46:684][  0]LogD3D11RHI:       128/0/3936 MB DedicatedVideo/DedicatedSystem/SharedSystem, Outputs:1, VendorId:0x8086
[2023.02.27-15.42.46:687][  0]LogD3D11RHI:    1. 'Microsoft Basic Render Driver' (Feature Level 11_0)
[2023.02.27-15.42.46:688][  0]LogD3D11RHI:       0/0/3936 MB DedicatedVideo/DedicatedSystem/SharedSystem, Outputs:0, VendorId:0x1414
[2023.02.27-15.42.46:688][  0]LogD3D11RHI: Chosen D3D11 Adapter:
[2023.02.27-15.42.46:688][  0]LogD3D11RHI:     Description : Intel(R) Iris(R) Plus Graphics
[2023.02.27-15.42.46:688][  0]LogD3D11RHI:     VendorId    : 8086
[2023.02.27-15.42.46:688][  0]LogD3D11RHI:     DeviceId    : 8a52
[2023.02.27-15.42.46:688][  0]LogD3D11RHI:     SubSysId    : 11621043
[2023.02.27-15.42.46:688][  0]LogD3D11RHI:     Revision    : 0007
[2023.02.27-15.42.46:688][  0]LogD3D11RHI:     DedicatedVideoMemory : 134217728 bytes
[2023.02.27-15.42.46:688][  0]LogD3D11RHI:     DedicatedSystemMemory : 0 bytes
[2023.02.27-15.42.46:688][  0]LogD3D11RHI:     SharedSystemMemory : 4128192512 bytes
[2023.02.27-15.42.46:688][  0]LogD3D11RHI:     AdapterLuid : 0 102393
[2023.02.27-15.42.46:696][  0]LogD3D11RHI: Creating new Direct3DDevice
[2023.02.27-15.42.46:696][  0]LogD3D11RHI:     GPU DeviceId: 0x8a52 (for the marketing name, search the web for "GPU Device Id")
[2023.02.27-15.42.46:696][  0]LogWindows: EnumDisplayDevices:
[2023.02.27-15.42.46:696][  0]LogWindows:    0. 'Intel(R) Iris(R) Plus Graphics' (P:1 D:1)
[2023.02.27-15.42.46:696][  0]LogWindows:    1. 'Intel(R) Iris(R) Plus Graphics' (P:0 D:0)
[2023.02.27-15.42.46:697][  0]LogWindows:    2. 'Intel(R) Iris(R) Plus Graphics' (P:0 D:0)
[2023.02.27-15.42.46:697][  0]LogWindows:    3. 'Intel(R) Iris(R) Plus Graphics' (P:0 D:0)
[2023.02.27-15.42.46:697][  0]LogWindows:    4. 'Intel(R) Iris(R) Plus Graphics' (P:0 D:0)
[2023.02.27-15.42.46:697][  0]LogWindows:    5. 'Intel(R) Iris(R) Plus Graphics' (P:0 D:0)
[2023.02.27-15.42.46:697][  0]LogWindows:    6. 'Intel(R) Iris(R) Plus Graphics' (P:0 D:0)
[2023.02.27-15.42.46:697][  0]LogWindows:    7. 'Intel(R) Iris(R) Plus Graphics' (P:0 D:0)
[2023.02.27-15.42.46:698][  0]LogWindows: DebugString: FoundDriverCount:8 
[2023.02.27-15.42.46:698][  0]LogD3D11RHI:     Adapter Name: Intel(R) Iris(R) Plus Graphics
[2023.02.27-15.42.46:698][  0]LogD3D11RHI:   Driver Version: 27.20.100.8190 (internal:27.20.100.8190, unified:27.20.100.8190)
[2023.02.27-15.42.46:698][  0]LogD3D11RHI:      Driver Date: 5-5-2020
[2023.02.27-15.42.46:698][  0]LogRHI: Texture pool is 1467 MB (70% of 2096 MB)
[2023.02.27-15.42.46:711][  0]LogD3D11RHI: Creating D3DDevice using adapter:
[2023.02.27-15.42.46:711][  0]LogD3D11RHI:     Description : Intel(R) Iris(R) Plus Graphics
[2023.02.27-15.42.46:711][  0]LogD3D11RHI:     VendorId    : 8086
[2023.02.27-15.42.46:711][  0]LogD3D11RHI:     DeviceId    : 8a52
[2023.02.27-15.42.46:711][  0]LogD3D11RHI:     SubSysId    : 11621043
[2023.02.27-15.42.46:711][  0]LogD3D11RHI:     Revision    : 0007
[2023.02.27-15.42.46:711][  0]LogD3D11RHI:     DedicatedVideoMemory : 134217728 bytes
[2023.02.27-15.42.46:711][  0]LogD3D11RHI:     DedicatedSystemMemory : 0 bytes
[2023.02.27-15.42.46:711][  0]LogD3D11RHI:     SharedSystemMemory : 4128192512 bytes
[2023.02.27-15.42.46:711][  0]LogD3D11RHI:     AdapterLuid : 0 102393
[2023.02.27-15.42.46:927][  0]LogD3D11RHI: RHI does not have support for 64 bit atomics
[2023.02.27-15.42.46:939][  0]LogD3D11RHI: Intel Extensions support version Full=16777216, Major=1, Minor=0, Revision=0
[2023.02.27-15.42.46:939][  0]LogD3D11RHI: Intel Extensions support version Full=16777217, Major=1, Minor=0, Revision=1
[2023.02.27-15.42.46:939][  0]LogD3D11RHI: Intel Extensions Framework enabled
[2023.02.27-15.42.46:940][  0]LogD3D11RHI: [IntelMetricsDiscovery] Started
[2023.02.27-15.42.46:940][  0]LogD3D11RHI: Async texture creation enabled
[2023.02.27-15.42.46:940][  0]LogD3D11RHI: Array index from any shader is supported
[2023.02.27-15.42.46:950][  0]LogD3D11RHI: GPU Timing Frequency: 19.200000 (Debug: 2 0)
[2023.02.27-15.42.47:377][  0]LogTargetPlatformManager: Display: Loaded TargetPlatform 'AllDesktop'
[2023.02.27-15.42.47:409][  0]LogTargetPlatformManager: Display: Loaded TargetPlatform 'Android'
[2023.02.27-15.42.47:409][  0]LogTargetPlatformManager: Display: Loaded TargetPlatform 'Android_ASTC'
[2023.02.27-15.42.47:409][  0]LogTargetPlatformManager: Display: Loaded TargetPlatform 'Android_DXT'
[2023.02.27-15.42.47:409][  0]LogTargetPlatformManager: Display: Loaded TargetPlatform 'Android_ETC2'
[2023.02.27-15.42.47:409][  0]LogTargetPlatformManager: Display: Loaded TargetPlatform 'AndroidClient'
[2023.02.27-15.42.47:409][  0]LogTargetPlatformManager: Display: Loaded TargetPlatform 'Android_ASTCClient'
[2023.02.27-15.42.47:409][  0]LogTargetPlatformManager: Display: Loaded TargetPlatform 'Android_DXTClient'
[2023.02.27-15.42.47:409][  0]LogTargetPlatformManager: Display: Loaded TargetPlatform 'Android_ETC2Client'
[2023.02.27-15.42.47:409][  0]LogTargetPlatformManager: Display: Loaded TargetPlatform 'Android_Multi'
[2023.02.27-15.42.47:409][  0]LogTargetPlatformManager: Display: Loaded TargetPlatform 'Android_MultiClient'
[2023.02.27-15.42.47:443][  0]LogTargetPlatformManager: Display: Loaded TargetPlatform 'IOSClient'
[2023.02.27-15.42.47:443][  0]LogTargetPlatformManager: Display: Loaded TargetPlatform 'IOS'
[2023.02.27-15.42.47:463][  0]LogTargetPlatformManager: Display: Loaded TargetPlatform 'Linux'
[2023.02.27-15.42.47:469][  0]LogTargetPlatformManager: Display: Loaded TargetPlatform 'LinuxNoEditor'
[2023.02.27-15.42.47:474][  0]LogTargetPlatformManager: Display: Loaded TargetPlatform 'LinuxClient'
[2023.02.27-15.42.47:487][  0]LogTargetPlatformManager: Display: Loaded TargetPlatform 'LinuxServer'
[2023.02.27-15.42.47:502][  0]LogTargetPlatformManager: Display: Loaded TargetPlatform 'LinuxAArch64NoEditor'
[2023.02.27-15.42.47:508][  0]LogTargetPlatformManager: Display: Loaded TargetPlatform 'LinuxAArch64Client'
[2023.02.27-15.42.47:514][  0]LogTargetPlatformManager: Display: Loaded TargetPlatform 'LinuxAArch64Server'
[2023.02.27-15.42.47:557][  0]LogTargetPlatformManager: Display: Loaded TargetPlatform 'Lumin'
[2023.02.27-15.42.47:557][  0]LogTargetPlatformManager: Display: Loaded TargetPlatform 'LuminClient'
[2023.02.27-15.42.47:575][  0]LogTargetPlatformManager: Display: Loaded TargetPlatform 'MacNoEditor'
[2023.02.27-15.42.47:588][  0]LogTargetPlatformManager: Display: Loaded TargetPlatform 'Mac'
[2023.02.27-15.42.47:597][  0]LogTargetPlatformManager: Display: Loaded TargetPlatform 'MacClient'
[2023.02.27-15.42.47:603][  0]LogTargetPlatformManager: Display: Loaded TargetPlatform 'MacServer'
[2023.02.27-15.42.47:621][  0]LogTargetPlatformManager: Display: Loaded TargetPlatform 'TVOSClient'
[2023.02.27-15.42.47:621][  0]LogTargetPlatformManager: Display: Loaded TargetPlatform 'TVOS'
[2023.02.27-15.42.47:638][  0]LogTargetPlatformManager: Display: Loaded TargetPlatform 'WindowsNoEditor'
[2023.02.27-15.42.47:646][  0]LogTargetPlatformManager: Display: Loaded TargetPlatform 'Windows'
[2023.02.27-15.42.47:654][  0]LogTargetPlatformManager: Display: Loaded TargetPlatform 'WindowsClient'
[2023.02.27-15.42.47:663][  0]LogTargetPlatformManager: Display: Loaded TargetPlatform 'WindowsServer'
[2023.02.27-15.42.47:663][  0]LogTargetPlatformManager: Display: Building Assets For Windows
[2023.02.27-15.42.47:674][  0]LogAudioDebug: Display: Lib vorbis DLL was dynamically loaded.
[2023.02.27-15.42.47:717][  0]LogTextureFormatOodle: Display: Oodle Texture 2.9.0 init RDO Off
[2023.02.27-15.42.47:760][  0]LogRendererCore: Ray tracing is disabled. Reason: r.RayTracing=0.
[2023.02.27-15.42.47:760][  0]LogShaderCompilers: Guid format shader working directory is -74 characters bigger than the processId version (../../../../../../Users/glanv/Documents/the illuminati is unreal/GlobalGameJam/ChallengeWeek2ElectricBoogaloo/blueprints/Intermediate/Shaders/WorkingDirectory/1092/).
[2023.02.27-15.42.47:760][  0]LogShaderCompilers: Cleaned the shader compiler working directory 'C:/Users/glanv/AppData/Local/Temp/UnrealShaderWorkingDir/2094FEF34476D112974229915A99D5F2/'.
[2023.02.27-15.42.47:760][  0]LogXGEController: Cannot use XGE Controller as Incredibuild is not installed on this machine.
[2023.02.27-15.42.47:760][  0]LogShaderCompilers: Cannot use XGE Shader Compiler as Incredibuild is not installed on this machine.
[2023.02.27-15.42.47:760][  0]LogShaderCompilers: Display: Using Local Shader Compiler.
[2023.02.27-15.42.48:827][  0]LogDerivedDataCache: Display: Max Cache Size: 512 MB
[2023.02.27-15.42.48:921][  0]LogDerivedDataCache: Loaded boot cache 0.09s 94MB C:/Users/glanv/AppData/Local/UnrealEngine/4.27/DerivedDataCache/Boot.ddc.
[2023.02.27-15.42.48:921][  0]LogDerivedDataCache: Display: Loaded Boot cache: C:/Users/glanv/AppData/Local/UnrealEngine/4.27/DerivedDataCache/Boot.ddc
[2023.02.27-15.42.48:921][  0]LogDerivedDataCache: FDerivedDataBackendGraph:  Pak pak cache file ../../../../../../Users/glanv/Documents/the illuminati is unreal/GlobalGameJam/ChallengeWeek2ElectricBoogaloo/blueprints/DerivedDataCache/DDC.ddp not found, will not use a pak cache.
[2023.02.27-15.42.48:921][  0]LogDerivedDataCache: Unable to find inner node Pak for hierarchical cache Hierarchy.
[2023.02.27-15.42.48:921][  0]LogDerivedDataCache: FDerivedDataBackendGraph:  CompressedPak pak cache file ../../../../../../Users/glanv/Documents/the illuminati is unreal/GlobalGameJam/ChallengeWeek2ElectricBoogaloo/blueprints/DerivedDataCache/Compressed.ddp not found, will not use a pak cache.
[2023.02.27-15.42.48:921][  0]LogDerivedDataCache: Unable to find inner node CompressedPak for hierarchical cache Hierarchy.
[2023.02.27-15.42.48:946][  0]LogDerivedDataCache: Display: Pak cache opened for reading ../../../Engine/DerivedDataCache/Compressed.ddp.
[2023.02.27-15.42.48:946][  0]LogDerivedDataCache: FDerivedDataBackendGraph:  EnterprisePak pak cache file ../../../Enterprise/DerivedDataCache/Compressed.ddp not found, will not use a pak cache.
[2023.02.27-15.42.48:946][  0]LogDerivedDataCache: Unable to find inner node EnterprisePak for hierarchical cache Hierarchy.
[2023.02.27-15.42.48:963][  0]LogDerivedDataCache: Speed tests for C:/Users/glanv/AppData/Local/UnrealEngine/Common/DerivedDataCache took 0.02 seconds
[2023.02.27-15.42.48:963][  0]LogDerivedDataCache: Display: Performance to C:/Users/glanv/AppData/Local/UnrealEngine/Common/DerivedDataCache: Latency=0.03ms. RandomReadSpeed=113.39MBs, RandomWriteSpeed=108.34MBs. Assigned SpeedClass 'Local'
[2023.02.27-15.42.48:964][  0]LogDerivedDataCache: Using Local data cache path C:/Users/glanv/AppData/Local/UnrealEngine/Common/DerivedDataCache: Writable
[2023.02.27-15.42.48:965][  0]LogDerivedDataCache: Shared data cache path not found in *engine.ini, will not use an Shared cache.
[2023.02.27-15.42.48:965][  0]LogDerivedDataCache: Unable to find inner node Shared for hierarchical cache Hierarchy.
[2023.02.27-15.42.49:037][  0]LogSlate: Using FreeType 2.10.0
[2023.02.27-15.42.49:037][  0]LogSlate: SlateFontServices - WITH_FREETYPE: 1, WITH_HARFBUZZ: 1
[2023.02.27-15.42.49:094][  0]LogAssetRegistry: FAssetRegistry took 0.0047 seconds to start up
[2023.02.27-15.42.49:436][  0]LogInit: Selected Device Profile: [Windows]
[2023.02.27-15.42.49:436][  0]LogInit: Active device profile: [0000015F0FD63B00][0000015F0DC9A780 49] Windows
[2023.02.27-15.42.49:436][  0]LogInit: Profiles: [0000015F0FD63B00][0000015F0DC9A780 49] Windows, [0000015F0FD24900][0000015F0DCA2A40 49] WindowsNoEditor, [0000015F0FD60900][0000015F0DCA6D00 49] WindowsServer, [0000015F0FD27900][0000015F00E64FC0 49] WindowsClient, [0000015F0FD63900][0000015F0DC9F240 49] IOS, [0000015F0FD24100][0000015F0DD6B4C0 49] iPadAir, [0000015F0FD60500][0000015F0DCBB780 49] iPadAir2, [0000015F0FCECE00][0000015F08B3A140 49] IPadPro, [0000015F0FCECF00][0000015F08B2A180 49] iPadAir3, [0000015F0FD63700][0000015F08B32440 49] iPadAir4, [0000015F0FCECB00][0000015F08B2E700 49] iPadMini2, [0000015F0FD60400][0000015F08B369C0 49] iPadMini3, [0000015F0FCED700][0000015F00E5CC80 49] iPadMini4, [0000015F0FD63600][0000015F0F17AF40 49] iPadMini5, [0000015F0FD27000][0000015F08A79440 49] iPhone6, [0000015F0FD26F00][0000015F0EF0B480 49] iPodTouch6, [0000015F0FCEF700][0000015F08DFD980 49] iPhone7, [0000015F0FCEF600][0000015F0DCB79C0 49] iPodTouch7, [0000015F0FD27E00][0000015F08DF4100 49] iPhone5S, [0000015F0FCEC600][0000015F089FE3C0 49] iPhone6Plus, [0000015F0FD24F00][0000015F08DF8680 49] iPhone6S, [0000015F0FCEF100][0000015F08E00940 49] iPhone6SPlus, [0000015F0FD24300][0000015F08E04C00 49] iPhone7Plus, [0000015F0FCEC200][0000015F08E08EC0 49] iPhoneSE, [0000015F0FD26400][0000015F08E0D180 49] iPhone8, [0000015F0FCEEC00][0000015F08E11440 49] iPhone8Plus, [0000015F0FD24B00][0000015F08A756C0 49] iPhoneX, [0000015F0FCED000][0000015F08E15940 49] iPhoneXS, [0000015F0FD26100][0000015F08B45C00 49] iPhoneXSMax, [0000015F0FCEE900][0000015F08B48340 49] iPhoneXR, [0000015F0FD24800][0000015F08B4C600 49] iPhone11, [0000015F0FCEC300][0000015F08B508C0 49] iPhone11Pro, [0000015F0FD25D00][0000015F08B54B80 49] iPhone11ProMax, [0000015F0FCEC900][0000015F08B58E40 49] iPhoneSE2, [0000015F0FD26700][0000015F08B5D100 49] iPhone12Mini, [0000015F0FCEDB00][0000015F08B613C0 49] iPhone12, [0000015F0FD25B00][0000015F08B65680 49] iPhone12Pro, [0000015F0FCECC00][0000015F08E19900 49] iPhone12ProMax, [0000015F0FD26B00][0000015F08B69B80 49] iPadPro105, [0000015F0FCEDD00][0000015F08B702C0 49] iPadPro129, [0000015F0FD27500][0000015F08B74580 49] iPadPro97, [0000015F0FCEE400][0000015F08B78840 49] iPadPro2_129, [0000015F0FD25500][0000015F08B7CB00 49] iPad5, [0000015F0FCEE700][0000015F0EE14DC0 49] iPad6, [0000015F0FD25A00][0000015F0EE19080 49] iPad7, [0000015F0FCEF000][0000015F0EE1D340 49] iPad8, [0000015F0FD25800][0000015F0EE21600 49] iPadPro11, [0000015F0FCEE100][0000015F0EE258C0 49] iPadPro2_11, [0000015F0FD25400][0000015F08B6DB40 49] iPadPro3_129, [0000015F0FCED800][0000015F0EE28240 49] iPadPro4_129, [0000015F0FD26200][0000015F0EE30500 49] AppleTV, [0000015F0FCEEB00][0000015F0EE347C0 49] AppleTV4K, [0000015F0FD27C00][0000015F0EE38A80 49] TVOS, [0000015F0FCEFF00][0000015F0EE3CD40 49] Mac, [0000015F0FD26C00][0000015F0EE41000 49] MacClient, [0000015F0FCEF300][0000015F0EE452C0 49] MacNoEditor, [0000015F0FD26900][0000015F0EE49580 49] MacServer, [0000015F0FCEC400][0000015F0EE4D840 49] Linux, [0000015F0FD24D00][0000015F0EE51B00 49] LinuxAArch64, [0000015F0FCED200][0000015F0EE2C200 49] LinuxNoEditor, [0000015F0FD25000][0000015F0EE584C0 49] LinuxAArch64NoEditor, [0000015F0FCEE500][0000015F0EE5C780 49] LinuxClient, [0000015F0FD25F00][0000015F0EE60A40 49] LinuxAArch64Client, [0000015F0FCEE000][0000015F0EE64D00 49] LinuxServer, [0000015F0FD25200][0000015F0EE68FC0 49] LinuxAArch64Server, [0000015F0FCEF800][0000015F0EE6D280 49] Android, [0000015F0FD24700][0000015F0EE71540 49] Android_Low, [0000015F0FD60A00][0000015F0EE75800 49] Android_Mid, [0000015F0FD9D600][0000015F0EE79AC0 49] Android_High, [0000015F0FD62800][0000015F0EE541C0 49] Android_Default, [0000015F0FD9D300][0000015F0EE7C440 49] Android_Adreno4xx, [0000015F0FD63200][0000015F0EE84700 49] Android_Adreno5xx_Low, [0000015F0FD9D000][0000015F0EE889C0 49] Android_Adreno5xx, [0000015F0FD62A00][0000015F0EE8CC80 49] Android_Adreno6xx, [0000015F0FD9DE00][0000015F0EE90F40 49] Android_Adreno6xx_Vulkan, [0000015F0FD60800][0000015F0EE95200 49] Android_Mali_T6xx, [0000015F0FD9CB00][0000015F0EE994C0 49] Android_Mali_T7xx, [0000015F0FD62300][0000015F0EE9D780 49] Android_Mali_T8xx, [0000015F0FD9E300][0000015F0EEA1A40 49] Android_Mali_G71, [0000015F0FD60B00][0000015F0EEA4180 49] Android_Mali_G72, [0000015F0FD9C800][0000015F0EE80400 49] Android_Mali_G72_Vulkan, [0000015F0FD61900][0000015F0EEA8680 49] Android_Mali_G76, [0000015F0FD9C500][0000015F0EEB0940 49] Android_Mali_G76_Vulkan, [0000015F0FD63300][0000015F0EEB4C00 49] Android_Mali_G77, [0000015F0FD9DC00][0000015F0EEB8EC0 49] Android_Mali_G77_Vulkan, [0000015F0FD60100][0000015F0EEBD180 49] Android_Mali_G78, [0000015F0FD9D200][0000015F0EEC1440 49] Android_Mali_G78_Vulkan, [0000015F0FD25300][0000015F0EEC5700 49] Android_Mali_G710, [0000015F0FCEC800][0000015F0EEC99C0 49] Android_Mali_G710_Vulkan, [0000015F0FD26300][0000015F0EECC100 49] Android_Vulkan_SM5, [0000015F0FCED300][0000015F0EED03C0 49] Android_PowerVR_G6xxx, [0000015F0FD25700][0000015F0EEAC640 49] Android_PowerVR_GT7xxx, [0000015F0FD9DD00][0000015F0EED48C0 49] Android_PowerVR_GE8xxx, [0000015F0FD26800][0000015F0EEDCB80 49] Android_PowerVR_GM9xxx, [0000015F0FD9CF00][0000015F0F5A0E40 49] Android_PowerVR_GM9xxx_Vulkan, [0000015F0FD24C00][0000015F0F5A5100 49] Android_TegraK1, [0000015F0FD9C400][0000015F0F5A93C0 49] Android_Unknown_Vulkan, [0000015F0FD25900][0000015F0F5AD680 49] Lumin, [0000015F0FD9D400][0000015F0F5B1940 49] Lumin_Desktop, [0000015F0FD25C00][0000015F0F5B5C00 49] HoloLens, 
[2023.02.27-15.42.49:628][  0]LogMeshReduction: Using QuadricMeshReduction for automatic static mesh reduction
[2023.02.27-15.42.49:628][  0]LogMeshReduction: Using SimplygonMeshReduction for automatic skeletal mesh reduction
[2023.02.27-15.42.49:628][  0]LogMeshReduction: Using ProxyLODMeshReduction for automatic mesh merging
[2023.02.27-15.42.49:628][  0]LogMeshReduction: No distributed automatic mesh merging module available
[2023.02.27-15.42.49:628][  0]LogMeshMerging: No distributed automatic mesh merging module available
[2023.02.27-15.42.49:650][  0]LogNetVersion: blueprints 1.0.0, NetCL: 17155196, EngineNetVer: 17, GameNetVer: 0 (Checksum: 2760012620)
[2023.02.27-15.42.50:235][  0]LogTexture: Default maximum texture size for cubemaps generated from long-lat sources has been changed from 512 to unlimited. In order to preserve old behaiour for '/Engine/MapTemplates/Sky/DaylightAmbientCubemap.DaylightAmbientCubemap', its maximum texture size has been explicitly set to 512.
[2023.02.27-15.42.50:320][  0]LogHMD: PokeAHoleMaterial loaded successfully
[2023.02.27-15.42.50:328][  0]LogUObjectArray: 17178 objects as part of root set at end of initial load.
[2023.02.27-15.42.50:328][  0]LogUObjectAllocator: 4302048 out of 0 bytes used by permanent object pool.
[2023.02.27-15.42.50:328][  0]LogUObjectArray: CloseDisregardForGC: 0/0 objects in disregard for GC pool
[2023.02.27-15.42.50:711][  0]LogNiagaraDebuggerClient: Niagara Debugger Client Initialized | Session: 2FB7FD7D4A3CA740FBF338AA755ACD7B | Instance: 942907D94B589456CB33D288DEB9C676 (LAPTOP-65GLB3NF-1092).
[2023.02.27-15.42.50:857][  0]LogTcpMessaging: Initializing TcpMessaging bridge
[2023.02.27-15.42.50:864][  0]LogUdpMessaging: Initializing bridge on interface 0.0.0.0:0 to multicast group 230.0.0.1:6666.
[2023.02.27-15.42.50:887][  0]LogPython: Using Python 3.7.7
[2023.02.27-15.42.51:729][  0]SourceControl: Source control is disabled
[2023.02.27-15.42.51:729][  0]SourceControl: Source control is disabled
[2023.02.27-15.42.51:769][  0]SourceControl: Source control is disabled
[2023.02.27-15.42.51:772][  0]SourceControl: Source control is disabled
[2023.02.27-15.42.51:779][  0]SourceControl: Source control is disabled
[2023.02.27-15.42.51:782][  0]LogUProjectInfo: Found projects:
[2023.02.27-15.42.51:998][  0]LogOpenImageDenoise: OIDN starting up
[2023.02.27-15.42.52:048][  0]LogAndroidPermission: UAndroidPermissionCallbackProxy::GetInstance
[2023.02.27-15.42.52:080][  0]LogAudioCaptureCore: Display: No Audio Capture implementations found. Audio input will be silent.
[2023.02.27-15.42.52:080][  0]LogAudioCaptureCore: Display: No Audio Capture implementations found. Audio input will be silent.
[2023.02.27-15.42.52:288][  0]LogCollectionManager: Loaded 0 collections in 0.001999 seconds
[2023.02.27-15.42.52:325][  0]LogFileCache: Scanning file cache for directory 'C:/Users/glanv/Documents/the illuminati is unreal/GlobalGameJam/ChallengeWeek2ElectricBoogaloo/blueprints/Saved/Collections/' took 0.00s
[2023.02.27-15.42.52:325][  0]LogFileCache: Scanning file cache for directory 'C:/Users/glanv/Documents/the illuminati is unreal/GlobalGameJam/ChallengeWeek2ElectricBoogaloo/blueprints/Content/Developers/glanv/Collections/' took 0.00s
[2023.02.27-15.42.52:325][  0]LogFileCache: Scanning file cache for directory 'C:/Users/glanv/Documents/the illuminati is unreal/GlobalGameJam/ChallengeWeek2ElectricBoogaloo/blueprints/Content/Collections/' took 0.00s
[2023.02.27-15.42.52:325][  0]LogOcInput: OculusInput pre-init called
[2023.02.27-15.42.52:652][  0]LogEngine: Initializing Engine...
[2023.02.27-15.42.52:730][  0]LogHMD: Failed to enumerate extensions. Please check that you have a valid OpenXR runtime installed.
[2023.02.27-15.42.52:731][  0]LogHMD: Failed to initialize OpenVR with code 110
[2023.02.27-15.42.52:731][  0]LogMagicLeap: Warning: VR disabled because ZI is not enabled.  To enable, in the editor, Edit -> Project Settings -> Plugins -> Magic Leap Plugin -> Enable Zero Iteration
[2023.02.27-15.42.52:733][  0]LogStats: UGameplayTagsManager::InitializeManager -  0.001 s
[2023.02.27-15.42.52:929][  0]LogInit: Initializing FReadOnlyCVARCache
[2023.02.27-15.42.52:942][  0]LogAIModule: Creating AISystem for world Untitled
[2023.02.27-15.42.52:956][  0]LogAudio: Display: Initializing Audio Device Manager...
[2023.02.27-15.42.52:961][  0]LogAudio: Display: Loading Default Audio Settings Objects...
[2023.02.27-15.42.52:962][  0]LogAudio: Display: No default SoundConcurrencyObject specified (or failed to load).
[2023.02.27-15.42.52:962][  0]LogAudio: Display: Audio Device Manager Initialized
[2023.02.27-15.42.52:962][  0]LogAudio: Display: Creating Audio Device:                 Id: 1, Scope: Shared, Realtime: True
[2023.02.27-15.42.52:962][  0]LogAudioMixer: Display: Audio Mixer Platform Settings:
[2023.02.27-15.42.52:962][  0]LogAudioMixer: Display: 	Sample Rate:						  48000
[2023.02.27-15.42.52:962][  0]LogAudioMixer: Display: 	Callback Buffer Frame Size Requested: 1024
[2023.02.27-15.42.52:962][  0]LogAudioMixer: Display: 	Callback Buffer Frame Size To Use:	  1024
[2023.02.27-15.42.52:963][  0]LogAudioMixer: Display: 	Number of buffers to queue:			  2
[2023.02.27-15.42.52:963][  0]LogAudioMixer: Display: 	Max Channels (voices):				  32
[2023.02.27-15.42.52:963][  0]LogAudioMixer: Display: 	Number of Async Source Workers:		  0
[2023.02.27-15.42.52:963][  0]LogAudio: Display: AudioDevice MaxSources: 32
[2023.02.27-15.42.52:963][  0]LogAudio: Display: Audio Spatialization Plugin: None (built-in).
[2023.02.27-15.42.52:963][  0]LogAudio: Display: Audio Reverb Plugin: None (built-in).
[2023.02.27-15.42.52:963][  0]LogAudio: Display: Audio Occlusion Plugin: None (built-in).
[2023.02.27-15.42.52:963][  0]LogAudioMixer: Display: Initializing audio mixer.
[2023.02.27-15.42.52:986][  0]LogAudioMixer: Display: 0: FrontLeft
[2023.02.27-15.42.52:986][  0]LogAudioMixer: Display: 1: FrontRight
[2023.02.27-15.42.53:158][  0]LogAudioMixer: Display: Using Audio Device Speakers (Realtek(R) Audio)
[2023.02.27-15.42.53:162][  0]LogAudioMixer: Display: Initializing Sound Submixes...
[2023.02.27-15.42.53:165][  0]LogAudioMixer: Display: Creating Master Submix 'MasterSubmixDefault'
[2023.02.27-15.42.53:165][  0]LogAudioMixer: Display: Creating Master Submix 'MasterReverbSubmixDefault'
[2023.02.27-15.42.53:166][  0]LogAudioMixer: Display: Creating Master Submix 'MasterEQSubmixDefault'
[2023.02.27-15.42.53:166][  0]LogAudioMixer: FMixerPlatformXAudio2::StartAudioStream() called
[2023.02.27-15.42.53:166][  0]LogAudioMixer: Display: Output buffers initialized: Frames=1024, Channels=2, Samples=2048
[2023.02.27-15.42.53:167][  0]LogAudioMixer: Display: Starting AudioMixerPlatformInterface::RunInternal()
[2023.02.27-15.42.53:167][  0]LogAudioMixer: Display: FMixerPlatformXAudio2::SubmitBuffer() called for the first time
[2023.02.27-15.42.53:167][  0]LogInit: FAudioDevice initialized.
[2023.02.27-15.42.53:167][  0]LogAudio: Display: Audio Device (ID: 1) registered with world 'Untitled'.
[2023.02.27-15.42.53:167][  0]LogNetVersion: Set ProjectVersion to 1.0.0.0. Version Checksum will be recalculated on next use.
[2023.02.27-15.42.53:405][  0]LogDerivedDataCache: Saved boot cache 0.24s 94MB C:/Users/glanv/AppData/Local/UnrealEngine/4.27/DerivedDataCache/Boot.ddc.
[2023.02.27-15.42.53:406][  0]LogInit: Texture streaming: Enabled
[2023.02.27-15.42.53:424][  0]LogAnalytics: Display: [UEEditor.Rocket.Release] APIServer = https://datarouter.ol.epicgames.com/. AppVersion = 4.27.2-18319896+++UE4+Release-4.27
[2023.02.27-15.42.53:429][  0]LogEngineSessionManager: EngineSessionManager initialized
[2023.02.27-15.42.53:429][  0]LogEditorSessionSummary: Verbose: Initializing EditorSessionSummaryWriter for editor session tracking
[2023.02.27-15.42.53:431][  0]LogEditorSessionSummary: EditorSessionSummaryWriter initialized
[2023.02.27-15.42.53:465][  0]LogInit: Transaction tracking system initialized
[2023.02.27-15.42.53:488][  0]BlueprintLog: New page: Editor Load
[2023.02.27-15.42.53:568][  0]LocalizationService: Localization service is disabled
[2023.02.27-15.42.53:904][  0]TimingProfiler: Initialize
[2023.02.27-15.42.53:904][  0]TimingProfiler: OnSessionChanged
[2023.02.27-15.42.53:904][  0]LoadingProfiler: Initialize
[2023.02.27-15.42.53:904][  0]LoadingProfiler: OnSessionChanged
[2023.02.27-15.42.53:904][  0]NetworkingProfiler: Initialize
[2023.02.27-15.42.53:904][  0]NetworkingProfiler: OnSessionChanged
[2023.02.27-15.42.53:904][  0]MemoryProfiler: Initialize
[2023.02.27-15.42.53:904][  0]MemoryProfiler: OnSessionChanged
[2023.02.27-15.42.54:151][  0]LogCook: Display: CookSettings for Memory: MemoryMaxUsedVirtual 0MiB, MemoryMaxUsedPhysical 16384MiB, MemoryMinFreeVirtual 0MiB, MemoryMinFreePhysical 1024MiB
[2023.02.27-15.42.54:151][  0]LogCook: Display: Mobile HDR setting 1
[2023.02.27-15.42.54:392][  0]LogFileCache: Scanning file cache for directory 'C:/Users/glanv/Documents/the illuminati is unreal/GlobalGameJam/ChallengeWeek2ElectricBoogaloo/blueprints/Content/' took 0.01s
[2023.02.27-15.42.54:647][  0]LogInit: Display: Engine is initialized. Leaving FEngineLoop::Init()
[2023.02.27-15.42.54:651][  0]SourceControl: Source control is disabled
[2023.02.27-15.42.54:651][  0]LogUnrealEdMisc: Loading editor; pre map load, took 10.320
[2023.02.27-15.42.54:651][  0]LogEditorServer: Warning: Can't find file '../../../../../../Users/glanv/Documents/the illuminati is unreal/GlobalGameJam/ChallengeWeek2ElectricBoogaloo/blueprints/Content/ThirdPersonBP/Maps/ThirdPersonExampleMap.umap'
[2023.02.27-15.42.54:651][  0]Cmd: MAP CHECKDEP NOCLEARLOG
[2023.02.27-15.42.54:651][  0]MapCheck: Map check complete: 0 Error(s), 0 Warning(s), took 0.184ms to complete.
[2023.02.27-15.42.54:651][  0]LogFileHelpers: Loading map 'ThirdPersonExampleMap' took 0.001
[2023.02.27-15.42.54:653][  0]LogUnrealEdMisc: Total Editor Startup Time, took 10.322
[2023.02.27-15.42.55:528][  0]LogSlate: Updating window title bar state: overlay mode, drag disabled, window buttons hidden, title bar hidden
[2023.02.27-15.42.55:537][  0]LogSlate: Updating window title bar state: overlay mode, drag disabled, window buttons hidden, title bar hidden
[2023.02.27-15.42.55:545][  0]LogSlate: Updating window title bar state: overlay mode, drag disabled, window buttons hidden, title bar hidden
[2023.02.27-15.42.55:552][  0]LogSlate: Updating window title bar state: overlay mode, drag disabled, window buttons hidden, title bar hidden
[2023.02.27-15.42.55:902][  0]LogNativeClassHierarchy: Verbose: Native class hierarchy populated in 0.0124 seconds. Added 3822 classes and 928 folders.
[2023.02.27-15.42.56:152][  0]LogNativeClassHierarchy: Verbose: Native class hierarchy updated for 'WidgetCarousel' in 0.0003 seconds. Added 0 classes and 0 folders.
[2023.02.27-15.42.56:316][  0]LogPakFile: PakFile PrimaryIndexSize=187
[2023.02.27-15.42.56:316][  0]LogPakFile: PakFile PathHashIndexSize=101
[2023.02.27-15.42.56:316][  0]LogPakFile: PakFile FullDirectoryIndexSize=148
[2023.02.27-15.42.56:317][  0]LogShaderLibrary: Display: ShaderCodeLibraryPakFileMountedCallback: PakFile 'C:/Program Files/Epic Games/UE_4.27/FeaturePacks/FP_FirstPerson.upack' (chunk index -1, root 'root:/') mounted
[2023.02.27-15.42.56:317][  0]LogShaderLibrary: Display: ShaderCodeLibraryPakFileMountedCallback: pending pak file info (ChunkID:-1 Root:root:/ File:C:/Program Files/Epic Games/UE_4.27/FeaturePacks/FP_FirstPerson.upack)
[2023.02.27-15.42.56:318][  0]LogPakFile: OnPakFileMounted2Time == 0.001445
[2023.02.27-15.42.56:331][  0]LogPakFile: PakFile PrimaryIndexSize=189
[2023.02.27-15.42.56:331][  0]LogPakFile: PakFile PathHashIndexSize=101
[2023.02.27-15.42.56:331][  0]LogPakFile: PakFile FullDirectoryIndexSize=152
[2023.02.27-15.42.56:331][  0]LogShaderLibrary: Display: ShaderCodeLibraryPakFileMountedCallback: PakFile 'C:/Program Files/Epic Games/UE_4.27/FeaturePacks/FP_FirstPersonBP.upack' (chunk index -1, root 'root:/') mounted
[2023.02.27-15.42.56:331][  0]LogShaderLibrary: Display: ShaderCodeLibraryPakFileMountedCallback: pending pak file info (ChunkID:-1 Root:root:/ File:C:/Program Files/Epic Games/UE_4.27/FeaturePacks/FP_FirstPersonBP.upack)
[2023.02.27-15.42.56:331][  0]LogPakFile: OnPakFileMounted2Time == 0.000061
[2023.02.27-15.42.56:389][  0]LogPakFile: PakFile PrimaryIndexSize=191
[2023.02.27-15.42.56:389][  0]LogPakFile: PakFile PathHashIndexSize=101
[2023.02.27-15.42.56:389][  0]LogPakFile: PakFile FullDirectoryIndexSize=160
[2023.02.27-15.42.56:389][  0]LogShaderLibrary: Display: ShaderCodeLibraryPakFileMountedCallback: PakFile 'C:/Program Files/Epic Games/UE_4.27/FeaturePacks/MobileStarterContent.upack' (chunk index -1, root 'root:/') mounted
[2023.02.27-15.42.56:389][  0]LogShaderLibrary: Display: ShaderCodeLibraryPakFileMountedCallback: pending pak file info (ChunkID:-1 Root:root:/ File:C:/Program Files/Epic Games/UE_4.27/FeaturePacks/MobileStarterContent.upack)
[2023.02.27-15.42.56:389][  0]LogPakFile: OnPakFileMounted2Time == 0.000039
[2023.02.27-15.42.56:399][  0]LogPakFile: PakFile PrimaryIndexSize=185
[2023.02.27-15.42.56:399][  0]LogPakFile: PakFile PathHashIndexSize=101
[2023.02.27-15.42.56:399][  0]LogPakFile: PakFile FullDirectoryIndexSize=148
[2023.02.27-15.42.56:399][  0]LogShaderLibrary: Display: ShaderCodeLibraryPakFileMountedCallback: PakFile 'C:/Program Files/Epic Games/UE_4.27/FeaturePacks/StarterContent.upack' (chunk index -1, root 'root:/') mounted
[2023.02.27-15.42.56:399][  0]LogShaderLibrary: Display: ShaderCodeLibraryPakFileMountedCallback: pending pak file info (ChunkID:-1 Root:root:/ File:C:/Program Files/Epic Games/UE_4.27/FeaturePacks/StarterContent.upack)
[2023.02.27-15.42.56:399][  0]LogPakFile: OnPakFileMounted2Time == 0.000067
[2023.02.27-15.42.56:406][  0]LogPakFile: PakFile PrimaryIndexSize=190
[2023.02.27-15.42.56:407][  0]LogPakFile: PakFile PathHashIndexSize=101
[2023.02.27-15.42.56:407][  0]LogPakFile: PakFile FullDirectoryIndexSize=154
[2023.02.27-15.42.56:407][  0]LogShaderLibrary: Display: ShaderCodeLibraryPakFileMountedCallback: PakFile 'C:/Program Files/Epic Games/UE_4.27/FeaturePacks/TP_2DSideScroller.upack' (chunk index -1, root 'root:/') mounted
[2023.02.27-15.42.56:407][  0]LogShaderLibrary: Display: ShaderCodeLibraryPakFileMountedCallback: pending pak file info (ChunkID:-1 Root:root:/ File:C:/Program Files/Epic Games/UE_4.27/FeaturePacks/TP_2DSideScroller.upack)
[2023.02.27-15.42.56:407][  0]LogPakFile: OnPakFileMounted2Time == 0.000091
[2023.02.27-15.42.56:696][  0]LogPakFile: PakFile PrimaryIndexSize=192
[2023.02.27-15.42.56:696][  0]LogPakFile: PakFile PathHashIndexSize=101
[2023.02.27-15.42.56:696][  0]LogPakFile: PakFile FullDirectoryIndexSize=158
[2023.02.27-15.42.56:696][  0]LogShaderLibrary: Display: ShaderCodeLibraryPakFileMountedCallback: PakFile 'C:/Program Files/Epic Games/UE_4.27/FeaturePacks/TP_2DSideScrollerBP.upack' (chunk index -1, root 'root:/') mounted
[2023.02.27-15.42.56:696][  0]LogShaderLibrary: Display: ShaderCodeLibraryPakFileMountedCallback: pending pak file info (ChunkID:-1 Root:root:/ File:C:/Program Files/Epic Games/UE_4.27/FeaturePacks/TP_2DSideScrollerBP.upack)
[2023.02.27-15.42.56:696][  0]LogPakFile: OnPakFileMounted2Time == 0.000062
[2023.02.27-15.42.56:704][  0]LogPakFile: PakFile PrimaryIndexSize=182
[2023.02.27-15.42.56:704][  0]LogPakFile: PakFile PathHashIndexSize=101
[2023.02.27-15.42.56:704][  0]LogPakFile: PakFile FullDirectoryIndexSize=138
[2023.02.27-15.42.56:704][  0]LogShaderLibrary: Display: ShaderCodeLibraryPakFileMountedCallback: PakFile 'C:/Program Files/Epic Games/UE_4.27/FeaturePacks/TP_Flying.upack' (chunk index -1, root 'root:/') mounted
[2023.02.27-15.42.56:704][  0]LogShaderLibrary: Display: ShaderCodeLibraryPakFileMountedCallback: pending pak file info (ChunkID:-1 Root:root:/ File:C:/Program Files/Epic Games/UE_4.27/FeaturePacks/TP_Flying.upack)
[2023.02.27-15.42.56:704][  0]LogPakFile: OnPakFileMounted2Time == 0.000046
[2023.02.27-15.42.56:714][  0]LogPakFile: PakFile PrimaryIndexSize=184
[2023.02.27-15.42.56:714][  0]LogPakFile: PakFile PathHashIndexSize=101
[2023.02.27-15.42.56:714][  0]LogPakFile: PakFile FullDirectoryIndexSize=142
[2023.02.27-15.42.56:714][  0]LogShaderLibrary: Display: ShaderCodeLibraryPakFileMountedCallback: PakFile 'C:/Program Files/Epic Games/UE_4.27/FeaturePacks/TP_FlyingBP.upack' (chunk index -1, root 'root:/') mounted
[2023.02.27-15.42.56:714][  0]LogShaderLibrary: Display: ShaderCodeLibraryPakFileMountedCallback: pending pak file info (ChunkID:-1 Root:root:/ File:C:/Program Files/Epic Games/UE_4.27/FeaturePacks/TP_FlyingBP.upack)
[2023.02.27-15.42.56:714][  0]LogPakFile: OnPakFileMounted2Time == 0.000051
[2023.02.27-15.42.56:722][  0]LogPakFile: PakFile PrimaryIndexSize=188
[2023.02.27-15.42.56:722][  0]LogPakFile: PakFile PathHashIndexSize=101
[2023.02.27-15.42.56:722][  0]LogPakFile: PakFile FullDirectoryIndexSize=150
[2023.02.27-15.42.56:722][  0]LogShaderLibrary: Display: ShaderCodeLibraryPakFileMountedCallback: PakFile 'C:/Program Files/Epic Games/UE_4.27/FeaturePacks/TP_HandheldARBP.upack' (chunk index -1, root 'root:/') mounted
[2023.02.27-15.42.56:722][  0]LogShaderLibrary: Display: ShaderCodeLibraryPakFileMountedCallback: pending pak file info (ChunkID:-1 Root:root:/ File:C:/Program Files/Epic Games/UE_4.27/FeaturePacks/TP_HandheldARBP.upack)
[2023.02.27-15.42.56:722][  0]LogPakFile: OnPakFileMounted2Time == 0.000063
[2023.02.27-15.42.56:903][  0]LogPakFile: PakFile PrimaryIndexSize=182
[2023.02.27-15.42.56:903][  0]LogPakFile: PakFile PathHashIndexSize=101
[2023.02.27-15.42.56:903][  0]LogPakFile: PakFile FullDirectoryIndexSize=138
[2023.02.27-15.42.56:903][  0]LogShaderLibrary: Display: ShaderCodeLibraryPakFileMountedCallback: PakFile 'C:/Program Files/Epic Games/UE_4.27/FeaturePacks/TP_Puzzle.upack' (chunk index -1, root 'root:/') mounted
[2023.02.27-15.42.56:903][  0]LogShaderLibrary: Display: ShaderCodeLibraryPakFileMountedCallback: pending pak file info (ChunkID:-1 Root:root:/ File:C:/Program Files/Epic Games/UE_4.27/FeaturePacks/TP_Puzzle.upack)
[2023.02.27-15.42.56:903][  0]LogPakFile: OnPakFileMounted2Time == 0.000057
[2023.02.27-15.42.56:913][  0]LogPakFile: PakFile PrimaryIndexSize=184
[2023.02.27-15.42.56:913][  0]LogPakFile: PakFile PathHashIndexSize=101
[2023.02.27-15.42.56:913][  0]LogPakFile: PakFile FullDirectoryIndexSize=142
[2023.02.27-15.42.56:913][  0]LogShaderLibrary: Display: ShaderCodeLibraryPakFileMountedCallback: PakFile 'C:/Program Files/Epic Games/UE_4.27/FeaturePacks/TP_PuzzleBP.upack' (chunk index -1, root 'root:/') mounted
[2023.02.27-15.42.56:913][  0]LogShaderLibrary: Display: ShaderCodeLibraryPakFileMountedCallback: pending pak file info (ChunkID:-1 Root:root:/ File:C:/Program Files/Epic Games/UE_4.27/FeaturePacks/TP_PuzzleBP.upack)
[2023.02.27-15.42.56:913][  0]LogPakFile: OnPakFileMounted2Time == 0.000056
[2023.02.27-15.42.56:923][  0]LogPakFile: PakFile PrimaryIndexSize=183
[2023.02.27-15.42.56:923][  0]LogPakFile: PakFile PathHashIndexSize=101
[2023.02.27-15.42.56:923][  0]LogPakFile: PakFile FullDirectoryIndexSize=140
[2023.02.27-15.42.56:924][  0]LogShaderLibrary: Display: ShaderCodeLibraryPakFileMountedCallback: PakFile 'C:/Program Files/Epic Games/UE_4.27/FeaturePacks/TP_Rolling.upack' (chunk index -1, root 'root:/') mounted
[2023.02.27-15.42.56:924][  0]LogShaderLibrary: Display: ShaderCodeLibraryPakFileMountedCallback: pending pak file info (ChunkID:-1 Root:root:/ File:C:/Program Files/Epic Games/UE_4.27/FeaturePacks/TP_Rolling.upack)
[2023.02.27-15.42.56:924][  0]LogPakFile: OnPakFileMounted2Time == 0.000070
[2023.02.27-15.42.56:933][  0]LogPakFile: PakFile PrimaryIndexSize=185
[2023.02.27-15.42.56:933][  0]LogPakFile: PakFile PathHashIndexSize=101
[2023.02.27-15.42.56:933][  0]LogPakFile: PakFile FullDirectoryIndexSize=144
[2023.02.27-15.42.56:933][  0]LogShaderLibrary: Display: ShaderCodeLibraryPakFileMountedCallback: PakFile 'C:/Program Files/Epic Games/UE_4.27/FeaturePacks/TP_RollingBP.upack' (chunk index -1, root 'root:/') mounted
[2023.02.27-15.42.56:933][  0]LogShaderLibrary: Display: ShaderCodeLibraryPakFileMountedCallback: pending pak file info (ChunkID:-1 Root:root:/ File:C:/Program Files/Epic Games/UE_4.27/FeaturePacks/TP_RollingBP.upack)
[2023.02.27-15.42.56:933][  0]LogPakFile: OnPakFileMounted2Time == 0.000072
[2023.02.27-15.42.56:943][  0]LogPakFile: PakFile PrimaryIndexSize=188
[2023.02.27-15.42.56:943][  0]LogPakFile: PakFile PathHashIndexSize=101
[2023.02.27-15.42.56:943][  0]LogPakFile: PakFile FullDirectoryIndexSize=150
[2023.02.27-15.42.56:943][  0]LogShaderLibrary: Display: ShaderCodeLibraryPakFileMountedCallback: PakFile 'C:/Program Files/Epic Games/UE_4.27/FeaturePacks/TP_SideScroller.upack' (chunk index -1, root 'root:/') mounted
[2023.02.27-15.42.56:943][  0]LogShaderLibrary: Display: ShaderCodeLibraryPakFileMountedCallback: pending pak file info (ChunkID:-1 Root:root:/ File:C:/Program Files/Epic Games/UE_4.27/FeaturePacks/TP_SideScroller.upack)
[2023.02.27-15.42.56:943][  0]LogPakFile: OnPakFileMounted2Time == 0.000050
[2023.02.27-15.42.56:953][  0]LogPakFile: PakFile PrimaryIndexSize=190
[2023.02.27-15.42.56:953][  0]LogPakFile: PakFile PathHashIndexSize=101
[2023.02.27-15.42.56:953][  0]LogPakFile: PakFile FullDirectoryIndexSize=154
[2023.02.27-15.42.56:953][  0]LogShaderLibrary: Display: ShaderCodeLibraryPakFileMountedCallback: PakFile 'C:/Program Files/Epic Games/UE_4.27/FeaturePacks/TP_SideScrollerBP.upack' (chunk index -1, root 'root:/') mounted
[2023.02.27-15.42.56:953][  0]LogShaderLibrary: Display: ShaderCodeLibraryPakFileMountedCallback: pending pak file info (ChunkID:-1 Root:root:/ File:C:/Program Files/Epic Games/UE_4.27/FeaturePacks/TP_SideScrollerBP.upack)
[2023.02.27-15.42.56:953][  0]LogPakFile: OnPakFileMounted2Time == 0.000065
[2023.02.27-15.42.56:962][  0]LogPakFile: PakFile PrimaryIndexSize=187
[2023.02.27-15.42.56:962][  0]LogPakFile: PakFile PathHashIndexSize=101
[2023.02.27-15.42.56:962][  0]LogPakFile: PakFile FullDirectoryIndexSize=148
[2023.02.27-15.42.56:962][  0]LogShaderLibrary: Display: ShaderCodeLibraryPakFileMountedCallback: PakFile 'C:/Program Files/Epic Games/UE_4.27/FeaturePacks/TP_ThirdPerson.upack' (chunk index -1, root 'root:/') mounted
[2023.02.27-15.42.56:962][  0]LogShaderLibrary: Display: ShaderCodeLibraryPakFileMountedCallback: pending pak file info (ChunkID:-1 Root:root:/ File:C:/Program Files/Epic Games/UE_4.27/FeaturePacks/TP_ThirdPerson.upack)
[2023.02.27-15.42.56:962][  0]LogPakFile: OnPakFileMounted2Time == 0.000045
[2023.02.27-15.42.56:970][  0]LogPakFile: PakFile PrimaryIndexSize=189
[2023.02.27-15.42.56:970][  0]LogPakFile: PakFile PathHashIndexSize=101
[2023.02.27-15.42.56:970][  0]LogPakFile: PakFile FullDirectoryIndexSize=152
[2023.02.27-15.42.56:970][  0]LogShaderLibrary: Display: ShaderCodeLibraryPakFileMountedCallback: PakFile 'C:/Program Files/Epic Games/UE_4.27/FeaturePacks/TP_ThirdPersonBP.upack' (chunk index -1, root 'root:/') mounted
[2023.02.27-15.42.56:970][  0]LogShaderLibrary: Display: ShaderCodeLibraryPakFileMountedCallback: pending pak file info (ChunkID:-1 Root:root:/ File:C:/Program Files/Epic Games/UE_4.27/FeaturePacks/TP_ThirdPersonBP.upack)
[2023.02.27-15.42.56:970][  0]LogPakFile: OnPakFileMounted2Time == 0.000056
[2023.02.27-15.42.56:980][  0]LogPakFile: PakFile PrimaryIndexSize=183
[2023.02.27-15.42.56:980][  0]LogPakFile: PakFile PathHashIndexSize=101
[2023.02.27-15.42.56:980][  0]LogPakFile: PakFile FullDirectoryIndexSize=140
[2023.02.27-15.42.56:980][  0]LogShaderLibrary: Display: ShaderCodeLibraryPakFileMountedCallback: PakFile 'C:/Program Files/Epic Games/UE_4.27/FeaturePacks/TP_TopDown.upack' (chunk index -1, root 'root:/') mounted
[2023.02.27-15.42.56:980][  0]LogShaderLibrary: Display: ShaderCodeLibraryPakFileMountedCallback: pending pak file info (ChunkID:-1 Root:root:/ File:C:/Program Files/Epic Games/UE_4.27/FeaturePacks/TP_TopDown.upack)
[2023.02.27-15.42.56:980][  0]LogPakFile: OnPakFileMounted2Time == 0.000056
[2023.02.27-15.42.56:989][  0]LogPakFile: PakFile PrimaryIndexSize=185
[2023.02.27-15.42.56:989][  0]LogPakFile: PakFile PathHashIndexSize=101
[2023.02.27-15.42.56:989][  0]LogPakFile: PakFile FullDirectoryIndexSize=144
[2023.02.27-15.42.56:990][  0]LogShaderLibrary: Display: ShaderCodeLibraryPakFileMountedCallback: PakFile 'C:/Program Files/Epic Games/UE_4.27/FeaturePacks/TP_TopDownBP.upack' (chunk index -1, root 'root:/') mounted
[2023.02.27-15.42.56:990][  0]LogShaderLibrary: Display: ShaderCodeLibraryPakFileMountedCallback: pending pak file info (ChunkID:-1 Root:root:/ File:C:/Program Files/Epic Games/UE_4.27/FeaturePacks/TP_TopDownBP.upack)
[2023.02.27-15.42.56:990][  0]LogPakFile: OnPakFileMounted2Time == 0.000079
[2023.02.27-15.42.57:006][  0]LogPakFile: PakFile PrimaryIndexSize=185
[2023.02.27-15.42.57:006][  0]LogPakFile: PakFile PathHashIndexSize=101
[2023.02.27-15.42.57:006][  0]LogPakFile: PakFile FullDirectoryIndexSize=144
[2023.02.27-15.42.57:006][  0]LogShaderLibrary: Display: ShaderCodeLibraryPakFileMountedCallback: PakFile 'C:/Program Files/Epic Games/UE_4.27/FeaturePacks/TP_TwinStick.upack' (chunk index -1, root 'root:/') mounted
[2023.02.27-15.42.57:006][  0]LogShaderLibrary: Display: ShaderCodeLibraryPakFileMountedCallback: pending pak file info (ChunkID:-1 Root:root:/ File:C:/Program Files/Epic Games/UE_4.27/FeaturePacks/TP_TwinStick.upack)
[2023.02.27-15.42.57:006][  0]LogPakFile: OnPakFileMounted2Time == 0.000067
[2023.02.27-15.42.57:031][  0]LogPakFile: PakFile PrimaryIndexSize=187
[2023.02.27-15.42.57:031][  0]LogPakFile: PakFile PathHashIndexSize=101
[2023.02.27-15.42.57:031][  0]LogPakFile: PakFile FullDirectoryIndexSize=148
[2023.02.27-15.42.57:031][  0]LogShaderLibrary: Display: ShaderCodeLibraryPakFileMountedCallback: PakFile 'C:/Program Files/Epic Games/UE_4.27/FeaturePacks/TP_TwinStickBP.upack' (chunk index -1, root 'root:/') mounted
[2023.02.27-15.42.57:031][  0]LogShaderLibrary: Display: ShaderCodeLibraryPakFileMountedCallback: pending pak file info (ChunkID:-1 Root:root:/ File:C:/Program Files/Epic Games/UE_4.27/FeaturePacks/TP_TwinStickBP.upack)
[2023.02.27-15.42.57:032][  0]LogPakFile: OnPakFileMounted2Time == 0.000069
[2023.02.27-15.42.57:042][  0]LogPakFile: PakFile PrimaryIndexSize=183
[2023.02.27-15.42.57:042][  0]LogPakFile: PakFile PathHashIndexSize=101
[2023.02.27-15.42.57:042][  0]LogPakFile: PakFile FullDirectoryIndexSize=140
[2023.02.27-15.42.57:042][  0]LogShaderLibrary: Display: ShaderCodeLibraryPakFileMountedCallback: PakFile 'C:/Program Files/Epic Games/UE_4.27/FeaturePacks/TP_Vehicle.upack' (chunk index -1, root 'root:/') mounted
[2023.02.27-15.42.57:042][  0]LogShaderLibrary: Display: ShaderCodeLibraryPakFileMountedCallback: pending pak file info (ChunkID:-1 Root:root:/ File:C:/Program Files/Epic Games/UE_4.27/FeaturePacks/TP_Vehicle.upack)
[2023.02.27-15.42.57:042][  0]LogPakFile: OnPakFileMounted2Time == 0.000056
[2023.02.27-15.42.57:053][  0]LogPakFile: PakFile PrimaryIndexSize=186
[2023.02.27-15.42.57:053][  0]LogPakFile: PakFile PathHashIndexSize=101
[2023.02.27-15.42.57:053][  0]LogPakFile: PakFile FullDirectoryIndexSize=146
[2023.02.27-15.42.57:053][  0]LogShaderLibrary: Display: ShaderCodeLibraryPakFileMountedCallback: PakFile 'C:/Program Files/Epic Games/UE_4.27/FeaturePacks/TP_VehicleAdv.upack' (chunk index -1, root 'root:/') mounted
[2023.02.27-15.42.57:053][  0]LogShaderLibrary: Display: ShaderCodeLibraryPakFileMountedCallback: pending pak file info (ChunkID:-1 Root:root:/ File:C:/Program Files/Epic Games/UE_4.27/FeaturePacks/TP_VehicleAdv.upack)
[2023.02.27-15.42.57:053][  0]LogPakFile: OnPakFileMounted2Time == 0.000059
[2023.02.27-15.42.57:063][  0]LogPakFile: PakFile PrimaryIndexSize=188
[2023.02.27-15.42.57:063][  0]LogPakFile: PakFile PathHashIndexSize=101
[2023.02.27-15.42.57:063][  0]LogPakFile: PakFile FullDirectoryIndexSize=150
[2023.02.27-15.42.57:063][  0]LogShaderLibrary: Display: ShaderCodeLibraryPakFileMountedCallback: PakFile 'C:/Program Files/Epic Games/UE_4.27/FeaturePacks/TP_VehicleAdvBP.upack' (chunk index -1, root 'root:/') mounted
[2023.02.27-15.42.57:063][  0]LogShaderLibrary: Display: ShaderCodeLibraryPakFileMountedCallback: pending pak file info (ChunkID:-1 Root:root:/ File:C:/Program Files/Epic Games/UE_4.27/FeaturePacks/TP_VehicleAdvBP.upack)
[2023.02.27-15.42.57:063][  0]LogPakFile: OnPakFileMounted2Time == 0.000080
[2023.02.27-15.42.57:071][  0]LogPakFile: PakFile PrimaryIndexSize=185
[2023.02.27-15.42.57:071][  0]LogPakFile: PakFile PathHashIndexSize=101
[2023.02.27-15.42.57:071][  0]LogPakFile: PakFile FullDirectoryIndexSize=144
[2023.02.27-15.42.57:071][  0]LogShaderLibrary: Display: ShaderCodeLibraryPakFileMountedCallback: PakFile 'C:/Program Files/Epic Games/UE_4.27/FeaturePacks/TP_VehicleBP.upack' (chunk index -1, root 'root:/') mounted
[2023.02.27-15.42.57:071][  0]LogShaderLibrary: Display: ShaderCodeLibraryPakFileMountedCallback: pending pak file info (ChunkID:-1 Root:root:/ File:C:/Program Files/Epic Games/UE_4.27/FeaturePacks/TP_VehicleBP.upack)
[2023.02.27-15.42.57:071][  0]LogPakFile: OnPakFileMounted2Time == 0.000062
[2023.02.27-15.42.57:082][  0]LogPakFile: PakFile PrimaryIndexSize=192
[2023.02.27-15.42.57:082][  0]LogPakFile: PakFile PathHashIndexSize=101
[2023.02.27-15.42.57:082][  0]LogPakFile: PakFile FullDirectoryIndexSize=158
[2023.02.27-15.42.57:082][  0]LogShaderLibrary: Display: ShaderCodeLibraryPakFileMountedCallback: PakFile 'C:/Program Files/Epic Games/UE_4.27/FeaturePacks/TP_VirtualRealityBP.upack' (chunk index -1, root 'root:/') mounted
[2023.02.27-15.42.57:082][  0]LogShaderLibrary: Display: ShaderCodeLibraryPakFileMountedCallback: pending pak file info (ChunkID:-1 Root:root:/ File:C:/Program Files/Epic Games/UE_4.27/FeaturePacks/TP_VirtualRealityBP.upack)
[2023.02.27-15.42.57:082][  0]LogPakFile: OnPakFileMounted2Time == 0.000085
[2023.02.27-15.42.57:692][  0]LogNativeClassHierarchy: Verbose: Native class hierarchy updated for 'AddContentDialog' in 0.0003 seconds. Added 0 classes and 0 folders.
[2023.02.27-15.42.57:698][  0]LogNativeClassHierarchy: Verbose: Native class hierarchy updated for 'SceneOutliner' in 0.0004 seconds. Added 2 classes and 0 folders.
[2023.02.27-15.42.57:793][  0]LogSlate: Took 0.000168 seconds to synchronously load lazily loaded font '../../../Engine/Content/Slate/Fonts/Roboto-Regular.ttf' (155K)
[2023.02.27-15.42.57:803][  0]LogSlate: Took 0.009044 seconds to synchronously load lazily loaded font '../../../Engine/Content/Editor/Slate/Fonts/FontAwesome.ttf' (139K)
[2023.02.27-15.42.57:805][  0]LogSlate: Took 0.000144 seconds to synchronously load lazily loaded font '../../../Engine/Content/Slate/Fonts/Roboto-Bold.ttf' (160K)
[2023.02.27-15.42.58:004][  0]LogRenderer: Reallocating scene render targets to support 1280x572 Format 10 NumSamples 1 (Frame:1).
[2023.02.27-15.42.58:316][  0]LogNativeClassHierarchy: Verbose: Native class hierarchy updated for 'HierarchicalLODOutliner' in 0.0004 seconds. Added 0 classes and 0 folders.
[2023.02.27-15.42.58:316][  0]LogInput: Warning: Action Jump uses invalid key OculusGo_Left_Trigger_Click.
[2023.02.27-15.42.58:316][  0]LogInput: Warning: Action ResetVR uses invalid key OculusGo_Left_Trackpad_Click.
[2023.02.27-15.42.58:316][  0]LogInput: Warning: Use -RemoveInvalidKeys to remove instances of these keys from the action mapping.
[2023.02.27-15.42.58:316][  0]LogLoad: (Engine Initialization) Total time: 13.99 seconds
[2023.02.27-15.42.58:316][  0]LogLoad: (Engine Initialization) Total Blueprint compile time: 0.00 seconds
[2023.02.27-15.42.58:393][  0]LogContentStreaming: Texture pool size now 1000 MB
[2023.02.27-15.42.58:524][  1]LogAssetRegistry: Asset discovery search completed in 9.4321 seconds
[2023.02.27-15.42.58:544][  1]LogCollectionManager: Fixed up redirectors for 0 collections in 0.000025 seconds (updated 0 objects)
[2023.02.27-15.42.58:634][  2]LogSlate: Took 0.000755 seconds to synchronously load lazily loaded font '../../../Engine/Content/Slate/Fonts/Roboto-Light.ttf' (167K)
[2023.02.27-15.42.59:368][ 43]LogSlate: Took 0.000332 seconds to synchronously load lazily loaded font '../../../Engine/Content/Slate/Fonts/Roboto-Light.ttf' (167K)
[2023.02.27-15.43.45:082][668]LogUObjectHash: Compacting FUObjectHashTables data took   1.65ms
[2023.02.27-15.43.46:262][668]LogAssetEditorSubsystem: Opening Asset editor for World /Game/Levels/ThirdPersonExampleMap.ThirdPersonExampleMap
[2023.02.27-15.43.46:262][668]LightingResults: New page: Lighting Build
[2023.02.27-15.43.46:264][668]LogNativeClassHierarchy: Verbose: Native class hierarchy updated for 'StatsViewer' in 0.0004 seconds. Added 6 classes and 0 folders.
[2023.02.27-15.43.46:265][668]LoadErrors: New page: Loading map: ThirdPersonExampleMap.umap
[2023.02.27-15.43.46:267][668]LogWorld: UWorld::CleanupWorld for Untitled, bSessionEnded=true, bCleanupResources=true
[2023.02.27-15.43.46:267][668]LogSlate: InvalidateAllWidgets triggered.  All widgets were invalidated
[2023.02.27-15.43.46:268][668]MapCheck: New page: Map Check
[2023.02.27-15.43.46:268][668]LightingResults: New page: Lighting Build
[2023.02.27-15.43.46:276][668]LogAudio: Display: Audio Device unregistered from world 'None'.
[2023.02.27-15.43.46:283][668]LogUObjectHash: Compacting FUObjectHashTables data took   0.97ms
[2023.02.27-15.43.46:285][668]LogAudio: Display: Audio Device (ID: 1) registered with world 'ThirdPersonExampleMap'.
[2023.02.27-15.43.46:308][668]LogEditorServer: Finished looking for orphan Actors (0.000 secs)
[2023.02.27-15.43.46:308][668]LogAIModule: Creating AISystem for world ThirdPersonExampleMap
[2023.02.27-15.43.46:325][668]LogUObjectHash: Compacting FUObjectHashTables data took   0.76ms
[2023.02.27-15.43.46:330][668]Cmd: MAP CHECKDEP NOCLEARLOG
[2023.02.27-15.43.46:330][668]MapCheck: Map check complete: 0 Error(s), 0 Warning(s), took 0.152ms to complete.
[2023.02.27-15.43.46:330][668]LogFileHelpers: Loading map 'ThirdPersonExampleMap' took 0.068
